[0.019s] Invoking command in '/home/ubuntu/bumperbot_ws/build/bumperbot_bringup': CMAKE_PREFIX_PATH=/home/ubuntu/bumperbot_ws/install/bumperbot_firmware:/home/ubuntu/bumperbot_ws/install/bumperbot_description:/home/ubuntu/bumperbot_ws/install/bumperbot_controller:/home/ubuntu/bumperbot_ws/install/bumperbot_cpp_examples:/home/ubuntu/bumperbot_ws/install/bumperbot_bringup:/home/ubuntu/bumperbot_ws/install/bumperbot_msgs:/home/ubuntu/bumperbot_ws/install/bumperbot_localization:/home/ubuntu/bumperbot_ws/install/bumperbot_py_examples:/opt/ros/humble /usr/bin/cmake --build /home/ubuntu/bumperbot_ws/build/bumperbot_bringup -- -j4 -l4
[0.053s] Invoked command in '/home/ubuntu/bumperbot_ws/build/bumperbot_bringup' returned '0': CMAKE_PREFIX_PATH=/home/ubuntu/bumperbot_ws/install/bumperbot_firmware:/home/ubuntu/bumperbot_ws/install/bumperbot_description:/home/ubuntu/bumperbot_ws/install/bumperbot_controller:/home/ubuntu/bumperbot_ws/install/bumperbot_cpp_examples:/home/ubuntu/bumperbot_ws/install/bumperbot_bringup:/home/ubuntu/bumperbot_ws/install/bumperbot_msgs:/home/ubuntu/bumperbot_ws/install/bumperbot_localization:/home/ubuntu/bumperbot_ws/install/bumperbot_py_examples:/opt/ros/humble /usr/bin/cmake --build /home/ubuntu/bumperbot_ws/build/bumperbot_bringup -- -j4 -l4
[0.083s] Invoking command in '/home/ubuntu/bumperbot_ws/build/bumperbot_bringup': CMAKE_PREFIX_PATH=/home/ubuntu/bumperbot_ws/install/bumperbot_firmware:/home/ubuntu/bumperbot_ws/install/bumperbot_description:/home/ubuntu/bumperbot_ws/install/bumperbot_controller:/home/ubuntu/bumperbot_ws/install/bumperbot_cpp_examples:/home/ubuntu/bumperbot_ws/install/bumperbot_bringup:/home/ubuntu/bumperbot_ws/install/bumperbot_msgs:/home/ubuntu/bumperbot_ws/install/bumperbot_localization:/home/ubuntu/bumperbot_ws/install/bumperbot_py_examples:/opt/ros/humble /usr/bin/cmake --install /home/ubuntu/bumperbot_ws/build/bumperbot_bringup
[0.087s] -- Install configuration: ""
[0.088s] -- Up-to-date: /home/ubuntu/bumperbot_ws/install/bumperbot_bringup/share/bumperbot_bringup/launch
[0.088s] -- Up-to-date: /home/ubuntu/bumperbot_ws/install/bumperbot_bringup/share/bumperbot_bringup/launch/simulated_robot.launch.py
[0.088s] -- Up-to-date: /home/ubuntu/bumperbot_ws/install/bumperbot_bringup/share/bumperbot_bringup/launch/real_robot.launch.py
[0.088s] -- Up-to-date: /home/ubuntu/bumperbot_ws/install/bumperbot_bringup/share/ament_index/resource_index/package_run_dependencies/bumperbot_bringup
[0.088s] -- Up-to-date: /home/ubuntu/bumperbot_ws/install/bumperbot_bringup/share/ament_index/resource_index/parent_prefix_path/bumperbot_bringup
[0.089s] -- Up-to-date: /home/ubuntu/bumperbot_ws/install/bumperbot_bringup/share/bumperbot_bringup/environment/ament_prefix_path.sh
[0.089s] -- Up-to-date: /home/ubuntu/bumperbot_ws/install/bumperbot_bringup/share/bumperbot_bringup/environment/ament_prefix_path.dsv
[0.089s] -- Up-to-date: /home/ubuntu/bumperbot_ws/install/bumperbot_bringup/share/bumperbot_bringup/environment/path.sh
[0.089s] -- Up-to-date: /home/ubuntu/bumperbot_ws/install/bumperbot_bringup/share/bumperbot_bringup/environment/path.dsv
[0.089s] -- Up-to-date: /home/ubuntu/bumperbot_ws/install/bumperbot_bringup/share/bumperbot_bringup/local_setup.bash
[0.090s] -- Up-to-date: /home/ubuntu/bumperbot_ws/install/bumperbot_bringup/share/bumperbot_bringup/local_setup.sh
[0.090s] -- Up-to-date: /home/ubuntu/bumperbot_ws/install/bumperbot_bringup/share/bumperbot_bringup/local_setup.zsh
[0.090s] -- Up-to-date: /home/ubuntu/bumperbot_ws/install/bumperbot_bringup/share/bumperbot_bringup/local_setup.dsv
[0.090s] -- Up-to-date: /home/ubuntu/bumperbot_ws/install/bumperbot_bringup/share/bumperbot_bringup/package.dsv
[0.090s] -- Up-to-date: /home/ubuntu/bumperbot_ws/install/bumperbot_bringup/share/ament_index/resource_index/packages/bumperbot_bringup
[0.090s] -- Up-to-date: /home/ubuntu/bumperbot_ws/install/bumperbot_bringup/share/bumperbot_bringup/cmake/bumperbot_bringupConfig.cmake
[0.090s] -- Up-to-date: /home/ubuntu/bumperbot_ws/install/bumperbot_bringup/share/bumperbot_bringup/cmake/bumperbot_bringupConfig-version.cmake
[0.091s] -- Up-to-date: /home/ubuntu/bumperbot_ws/install/bumperbot_bringup/share/bumperbot_bringup/package.xml
[0.096s] Invoked command in '/home/ubuntu/bumperbot_ws/build/bumperbot_bringup' returned '0': CMAKE_PREFIX_PATH=/home/ubuntu/bumperbot_ws/install/bumperbot_firmware:/home/ubuntu/bumperbot_ws/install/bumperbot_description:/home/ubuntu/bumperbot_ws/install/bumperbot_controller:/home/ubuntu/bumperbot_ws/install/bumperbot_cpp_examples:/home/ubuntu/bumperbot_ws/install/bumperbot_bringup:/home/ubuntu/bumperbot_ws/install/bumperbot_msgs:/home/ubuntu/bumperbot_ws/install/bumperbot_localization:/home/ubuntu/bumperbot_ws/install/bumperbot_py_examples:/opt/ros/humble /usr/bin/cmake --install /home/ubuntu/bumperbot_ws/build/bumperbot_bringup
