[0.008s] Invoking command in '/home/ubuntu/bumperbot_ws/build/bumperbot_firmware': CMAKE_PREFIX_PATH=/opt/ros/humble /usr/bin/cmake /home/ubuntu/bumperbot_ws/src/bumperbot_firmware -DCMAKE_INSTALL_PREFIX=/home/ubuntu/bumperbot_ws/install/bumperbot_firmware
[0.143s] -- The C compiler identification is GNU 11.4.0
[0.209s] -- The CXX compiler identification is GNU 11.4.0
[0.215s] -- Detecting C compiler ABI info
[0.268s] -- Detecting C compiler ABI info - done
[0.272s] -- Check for working C compiler: /usr/bin/cc - skipped
[0.272s] -- Detecting C compile features
[0.273s] -- Detecting C compile features - done
[0.274s] -- Detecting CXX compiler ABI info
[0.341s] -- Detecting CXX compiler ABI info - done
[0.341s] -- Check for working CXX compiler: /usr/bin/c++ - skipped
[0.342s] -- Detecting CXX compile features
[0.342s] -- Detecting CXX compile features - done
[0.346s] -- Found ament_cmake: 1.3.10 (/opt/ros/humble/share/ament_cmake/cmake)
[0.431s] -- Found Python3: /usr/bin/python3 (found version "3.10.12") found components: Interpreter 
[0.510s] -- Found rclcpp: 16.0.10 (/opt/ros/humble/share/rclcpp/cmake)
[0.560s] -- Found rosidl_generator_c: 3.1.5 (/opt/ros/humble/share/rosidl_generator_c/cmake)
[0.569s] -- Found rosidl_adapter: 3.1.5 (/opt/ros/humble/share/rosidl_adapter/cmake)
[0.580s] -- Found rosidl_generator_cpp: 3.1.5 (/opt/ros/humble/share/rosidl_generator_cpp/cmake)
[0.612s] -- Using all available rosidl_typesupport_c: rosidl_typesupport_fastrtps_c;rosidl_typesupport_introspection_c
[0.615s] -- Using all available rosidl_typesupport_cpp: rosidl_typesupport_fastrtps_cpp;rosidl_typesupport_introspection_cpp
[0.664s] -- Found rmw_implementation_cmake: 6.1.2 (/opt/ros/humble/share/rmw_implementation_cmake/cmake)
[0.668s] -- Found rmw_fastrtps_cpp: 6.2.7 (/opt/ros/humble/share/rmw_fastrtps_cpp/cmake)
[0.744s] -- Found OpenSSL: /usr/lib/aarch64-linux-gnu/libcrypto.so (found version "3.0.2")  
[0.764s] -- Found FastRTPS: /opt/ros/humble/include  
[0.788s] -- Using RMW implementation 'rmw_fastrtps_cpp' as default
[0.800s] -- Looking for pthread.h
[0.862s] -- Looking for pthread.h - found
[0.862s] -- Performing Test CMAKE_HAVE_LIBC_PTHREAD
[0.922s] -- Performing Test CMAKE_HAVE_LIBC_PTHREAD - Success
[0.923s] -- Found Threads: TRUE  
[0.965s] -- Found rclpy: 3.3.14 (/opt/ros/humble/share/rclpy/cmake)
[0.971s] [31mCMake Error at CMakeLists.txt:14 (find_package):
[0.971s]   By not providing "Findhardware_interface.cmake" in CMAKE_MODULE_PATH this
[0.971s]   project has asked CMake to find a package configuration file provided by
[0.971s]   "hardware_interface", but CMake did not find one.
[0.971s] 
[0.971s]   Could not find a package configuration file provided by
[0.971s]   "hardware_interface" with any of the following names:
[0.971s] 
[0.971s]     hardware_interfaceConfig.cmake
[0.971s]     hardware_interface-config.cmake
[0.971s] 
[0.971s]   Add the installation prefix of "hardware_interface" to CMAKE_PREFIX_PATH or
[0.971s]   set "hardware_interface_DIR" to a directory containing one of the above
[0.971s]   files.  If "hardware_interface" provides a separate development package or
[0.971s]   SDK, be sure it has been installed.
[0.971s] 
[0.971s] [0m
[0.971s] -- Configuring incomplete, errors occurred!
[0.971s] See also "/home/ubuntu/bumperbot_ws/build/bumperbot_firmware/CMakeFiles/CMakeOutput.log".
[0.981s] Invoked command in '/home/ubuntu/bumperbot_ws/build/bumperbot_firmware' returned '1': CMAKE_PREFIX_PATH=/opt/ros/humble /usr/bin/cmake /home/ubuntu/bumperbot_ws/src/bumperbot_firmware -DCMAKE_INSTALL_PREFIX=/home/ubuntu/bumperbot_ws/install/bumperbot_firmware
