[0.014s] Invoking command in '/home/ubuntu/bumperbot_ws/build/bumperbot_firmware': CMAKE_PREFIX_PATH=/opt/ros/humble /usr/bin/cmake /home/ubuntu/bumperbot_ws/src/bumperbot_firmware -DCMAKE_INSTALL_PREFIX=/home/ubuntu/bumperbot_ws/install/bumperbot_firmware
[0.046s] -- Found ament_cmake: 1.3.10 (/opt/ros/humble/share/ament_cmake/cmake)
[0.183s] -- Found rclcpp: 16.0.10 (/opt/ros/humble/share/rclcpp/cmake)
[0.220s] -- Found rosidl_generator_c: 3.1.5 (/opt/ros/humble/share/rosidl_generator_c/cmake)
[0.227s] -- Found rosidl_adapter: 3.1.5 (/opt/ros/humble/share/rosidl_adapter/cmake)
[0.240s] -- Found rosidl_generator_cpp: 3.1.5 (/opt/ros/humble/share/rosidl_generator_cpp/cmake)
[0.252s] -- Using all available rosidl_typesupport_c: rosidl_typesupport_fastrtps_c;rosidl_typesupport_introspection_c
[0.263s] -- Using all available rosidl_typesupport_cpp: rosidl_typesupport_fastrtps_cpp;rosidl_typesupport_introspection_cpp
[0.302s] -- Found rmw_implementation_cmake: 6.1.2 (/opt/ros/humble/share/rmw_implementation_cmake/cmake)
[0.305s] -- Found rmw_fastrtps_cpp: 6.2.7 (/opt/ros/humble/share/rmw_fastrtps_cpp/cmake)
[0.422s] -- Using RMW implementation 'rmw_fastrtps_cpp' as default
[0.497s] -- Found rclpy: 3.3.14 (/opt/ros/humble/share/rclpy/cmake)
[0.504s] [31mCMake Error at CMakeLists.txt:14 (find_package):
[0.504s]   By not providing "Findhardware_interface.cmake" in CMAKE_MODULE_PATH this
[0.504s]   project has asked CMake to find a package configuration file provided by
[0.504s]   "hardware_interface", but CMake did not find one.
[0.504s] 
[0.504s]   Could not find a package configuration file provided by
[0.504s]   "hardware_interface" with any of the following names:
[0.504s] 
[0.504s]     hardware_interfaceConfig.cmake
[0.504s]     hardware_interface-config.cmake
[0.504s] 
[0.504s]   Add the installation prefix of "hardware_interface" to CMAKE_PREFIX_PATH or
[0.504s]   set "hardware_interface_DIR" to a directory containing one of the above
[0.504s]   files.  If "hardware_interface" provides a separate development package or
[0.504s]   SDK, be sure it has been installed.
[0.504s] 
[0.504s] [0m
[0.504s] -- Configuring incomplete, errors occurred!
[0.504s] See also "/home/ubuntu/bumperbot_ws/build/bumperbot_firmware/CMakeFiles/CMakeOutput.log".
[0.509s] Invoked command in '/home/ubuntu/bumperbot_ws/build/bumperbot_firmware' returned '1': CMAKE_PREFIX_PATH=/opt/ros/humble /usr/bin/cmake /home/ubuntu/bumperbot_ws/src/bumperbot_firmware -DCMAKE_INSTALL_PREFIX=/home/ubuntu/bumperbot_ws/install/bumperbot_firmware
