[0.010s] Invoking command in '/home/ubuntu/bumperbot_ws/build/bumperbot_controller': CMAKE_PREFIX_PATH=${CMAKE_PREFIX_PATH}:/home/ubuntu/bumperbot_ws/install/bumperbot_py_examples:/opt/ros/humble /usr/bin/cmake /home/ubuntu/bumperbot_ws/src/bumperbot_controller -DCMAKE_INSTALL_PREFIX=/home/ubuntu/bumperbot_ws/install/bumperbot_controller
[0.172s] -- The C compiler identification is GNU 11.4.0
[0.212s] -- The CXX compiler identification is GNU 11.4.0
[0.220s] -- Detecting C compiler ABI info
[0.282s] -- Detecting C compiler ABI info - done
[0.285s] -- Check for working C compiler: /usr/bin/cc - skipped
[0.285s] -- Detecting C compile features
[0.286s] -- Detecting C compile features - done
[0.287s] -- Detecting CXX compiler ABI info
[0.349s] -- Detecting CXX compiler ABI info - done
[0.355s] -- Check for working CXX compiler: /usr/bin/c++ - skipped
[0.355s] -- Detecting CXX compile features
[0.355s] -- Detecting CXX compile features - done
[0.356s] -- Found ament_cmake: 1.3.10 (/opt/ros/humble/share/ament_cmake/cmake)
[0.477s] -- Found Python3: /usr/bin/python3 (found version "3.10.12") found components: Interpreter 
[0.562s] -- Found rclcpp: 16.0.10 (/opt/ros/humble/share/rclcpp/cmake)
[0.601s] -- Found rosidl_generator_c: 3.1.5 (/opt/ros/humble/share/rosidl_generator_c/cmake)
[0.607s] -- Found rosidl_adapter: 3.1.5 (/opt/ros/humble/share/rosidl_adapter/cmake)
[0.615s] -- Found rosidl_generator_cpp: 3.1.5 (/opt/ros/humble/share/rosidl_generator_cpp/cmake)
[0.630s] -- Using all available rosidl_typesupport_c: rosidl_typesupport_fastrtps_c;rosidl_typesupport_introspection_c
[0.643s] -- Using all available rosidl_typesupport_cpp: rosidl_typesupport_fastrtps_cpp;rosidl_typesupport_introspection_cpp
[0.686s] -- Found rmw_implementation_cmake: 6.1.2 (/opt/ros/humble/share/rmw_implementation_cmake/cmake)
[0.689s] -- Found rmw_fastrtps_cpp: 6.2.7 (/opt/ros/humble/share/rmw_fastrtps_cpp/cmake)
[0.765s] -- Found OpenSSL: /usr/lib/aarch64-linux-gnu/libcrypto.so (found version "3.0.2")  
[0.785s] -- Found FastRTPS: /opt/ros/humble/include  
[0.811s] -- Using RMW implementation 'rmw_fastrtps_cpp' as default
[0.825s] -- Looking for pthread.h
[0.903s] -- Looking for pthread.h - found
[0.904s] -- Performing Test CMAKE_HAVE_LIBC_PTHREAD
[0.964s] -- Performing Test CMAKE_HAVE_LIBC_PTHREAD - Success
[0.965s] -- Found Threads: TRUE  
[1.025s] -- Found rclpy: 3.3.14 (/opt/ros/humble/share/rclpy/cmake)
[1.027s] -- Found geometry_msgs: 4.2.4 (/opt/ros/humble/share/geometry_msgs/cmake)
[1.038s] -- Found sensor_msgs: 4.2.4 (/opt/ros/humble/share/sensor_msgs/cmake)
[1.069s] -- Found nav_msgs: 4.2.4 (/opt/ros/humble/share/nav_msgs/cmake)
[1.087s] -- Found tf2_ros: 0.25.7 (/opt/ros/humble/share/tf2_ros/cmake)
[1.331s] -- Configuring done
[1.350s] -- Generating done
[1.351s] -- Build files have been written to: /home/ubuntu/bumperbot_ws/build/bumperbot_controller
[1.361s] Invoked command in '/home/ubuntu/bumperbot_ws/build/bumperbot_controller' returned '0': CMAKE_PREFIX_PATH=${CMAKE_PREFIX_PATH}:/home/ubuntu/bumperbot_ws/install/bumperbot_py_examples:/opt/ros/humble /usr/bin/cmake /home/ubuntu/bumperbot_ws/src/bumperbot_controller -DCMAKE_INSTALL_PREFIX=/home/ubuntu/bumperbot_ws/install/bumperbot_controller
[1.361s] Invoking command in '/home/ubuntu/bumperbot_ws/build/bumperbot_controller': CMAKE_PREFIX_PATH=${CMAKE_PREFIX_PATH}:/home/ubuntu/bumperbot_ws/install/bumperbot_py_examples:/opt/ros/humble /usr/bin/cmake --build /home/ubuntu/bumperbot_ws/build/bumperbot_controller -- -j4 -l4
[1.463s] [35m[1mConsolidate compiler generated dependencies of target noisy_controller[0m
[1.470s] [35m[1mConsolidate compiler generated dependencies of target simple_controller[0m
[1.509s] [  0%] Built target ament_cmake_python_copy_bumperbot_controller
[1.548s] [ 50%] Built target noisy_controller
[1.553s] [100%] Built target simple_controller
[1.740s] running egg_info
[1.741s] writing bumperbot_controller.egg-info/PKG-INFO
[1.741s] writing dependency_links to bumperbot_controller.egg-info/dependency_links.txt
[1.741s] writing top-level names to bumperbot_controller.egg-info/top_level.txt
[1.750s] reading manifest file 'bumperbot_controller.egg-info/SOURCES.txt'
[1.750s] writing manifest file 'bumperbot_controller.egg-info/SOURCES.txt'
[1.819s] [100%] Built target ament_cmake_python_build_bumperbot_controller_egg
[1.866s] Invoked command in '/home/ubuntu/bumperbot_ws/build/bumperbot_controller' returned '0': CMAKE_PREFIX_PATH=${CMAKE_PREFIX_PATH}:/home/ubuntu/bumperbot_ws/install/bumperbot_py_examples:/opt/ros/humble /usr/bin/cmake --build /home/ubuntu/bumperbot_ws/build/bumperbot_controller -- -j4 -l4
[2.065s] Invoking command in '/home/ubuntu/bumperbot_ws/build/bumperbot_controller': CMAKE_PREFIX_PATH=${CMAKE_PREFIX_PATH}:/home/ubuntu/bumperbot_ws/install/bumperbot_py_examples:/opt/ros/humble /usr/bin/cmake --install /home/ubuntu/bumperbot_ws/build/bumperbot_controller
[2.073s] -- Install configuration: ""
[2.073s] -- Up-to-date: /home/ubuntu/bumperbot_ws/install/bumperbot_controller/share/bumperbot_controller/environment/pythonpath.sh
[2.073s] -- Installing: /home/ubuntu/bumperbot_ws/install/bumperbot_controller/share/bumperbot_controller/environment/pythonpath.dsv
[2.073s] -- Up-to-date: /home/ubuntu/bumperbot_ws/install/bumperbot_controller/local/lib/python3.10/dist-packages/bumperbot_controller-0.0.0-py3.10.egg-info
[2.074s] -- Installing: /home/ubuntu/bumperbot_ws/install/bumperbot_controller/local/lib/python3.10/dist-packages/bumperbot_controller-0.0.0-py3.10.egg-info/PKG-INFO
[2.074s] -- Installing: /home/ubuntu/bumperbot_ws/install/bumperbot_controller/local/lib/python3.10/dist-packages/bumperbot_controller-0.0.0-py3.10.egg-info/SOURCES.txt
[2.074s] -- Installing: /home/ubuntu/bumperbot_ws/install/bumperbot_controller/local/lib/python3.10/dist-packages/bumperbot_controller-0.0.0-py3.10.egg-info/dependency_links.txt
[2.074s] -- Installing: /home/ubuntu/bumperbot_ws/install/bumperbot_controller/local/lib/python3.10/dist-packages/bumperbot_controller-0.0.0-py3.10.egg-info/top_level.txt
[2.074s] -- Up-to-date: /home/ubuntu/bumperbot_ws/install/bumperbot_controller/local/lib/python3.10/dist-packages/bumperbot_controller
[2.074s] -- Up-to-date: /home/ubuntu/bumperbot_ws/install/bumperbot_controller/local/lib/python3.10/dist-packages/bumperbot_controller/__init__.py
[2.074s] -- Up-to-date: /home/ubuntu/bumperbot_ws/install/bumperbot_controller/local/lib/python3.10/dist-packages/bumperbot_controller/simple_controller.py
[2.074s] -- Up-to-date: /home/ubuntu/bumperbot_ws/install/bumperbot_controller/local/lib/python3.10/dist-packages/bumperbot_controller/noisy_controller.py
[2.123s] Listing '/home/ubuntu/bumperbot_ws/install/bumperbot_controller/local/lib/python3.10/dist-packages/bumperbot_controller'...
[2.126s] -- Up-to-date: /home/ubuntu/bumperbot_ws/install/bumperbot_controller/include/include
[2.126s] -- Up-to-date: /home/ubuntu/bumperbot_ws/install/bumperbot_controller/include/include/bumperbot_controller
[2.126s] -- Up-to-date: /home/ubuntu/bumperbot_ws/install/bumperbot_controller/include/include/bumperbot_controller/noisy_controller.hpp
[2.127s] -- Up-to-date: /home/ubuntu/bumperbot_ws/install/bumperbot_controller/include/include/bumperbot_controller/simple_controller.hpp
[2.128s] -- Up-to-date: /home/ubuntu/bumperbot_ws/install/bumperbot_controller/lib/bumperbot_controller/simple_controller
[2.131s] -- Up-to-date: /home/ubuntu/bumperbot_ws/install/bumperbot_controller/lib/bumperbot_controller/noisy_controller
[2.131s] -- Up-to-date: /home/ubuntu/bumperbot_ws/install/bumperbot_controller/share/bumperbot_controller/launch
[2.131s] -- Up-to-date: /home/ubuntu/bumperbot_ws/install/bumperbot_controller/share/bumperbot_controller/launch/controller.launch.py
[2.131s] -- Up-to-date: /home/ubuntu/bumperbot_ws/install/bumperbot_controller/share/bumperbot_controller/launch/joystick_teleop.launch.py
[2.131s] -- Up-to-date: /home/ubuntu/bumperbot_ws/install/bumperbot_controller/share/bumperbot_controller/config
[2.131s] -- Up-to-date: /home/ubuntu/bumperbot_ws/install/bumperbot_controller/share/bumperbot_controller/config/bumperbot_controllers.yaml
[2.131s] -- Up-to-date: /home/ubuntu/bumperbot_ws/install/bumperbot_controller/share/bumperbot_controller/config/joy_config.yaml
[2.131s] -- Up-to-date: /home/ubuntu/bumperbot_ws/install/bumperbot_controller/share/bumperbot_controller/config/joy_teleop.yaml
[2.131s] -- Up-to-date: /home/ubuntu/bumperbot_ws/install/bumperbot_controller/lib/bumperbot_controller/simple_controller.py
[2.131s] -- Up-to-date: /home/ubuntu/bumperbot_ws/install/bumperbot_controller/lib/bumperbot_controller/noisy_controller.py
[2.131s] -- Up-to-date: /home/ubuntu/bumperbot_ws/install/bumperbot_controller/share/ament_index/resource_index/package_run_dependencies/bumperbot_controller
[2.131s] -- Installing: /home/ubuntu/bumperbot_ws/install/bumperbot_controller/share/ament_index/resource_index/parent_prefix_path/bumperbot_controller
[2.131s] -- Up-to-date: /home/ubuntu/bumperbot_ws/install/bumperbot_controller/share/bumperbot_controller/environment/ament_prefix_path.sh
[2.131s] -- Installing: /home/ubuntu/bumperbot_ws/install/bumperbot_controller/share/bumperbot_controller/environment/ament_prefix_path.dsv
[2.131s] -- Up-to-date: /home/ubuntu/bumperbot_ws/install/bumperbot_controller/share/bumperbot_controller/environment/path.sh
[2.131s] -- Installing: /home/ubuntu/bumperbot_ws/install/bumperbot_controller/share/bumperbot_controller/environment/path.dsv
[2.132s] -- Up-to-date: /home/ubuntu/bumperbot_ws/install/bumperbot_controller/share/bumperbot_controller/local_setup.bash
[2.132s] -- Up-to-date: /home/ubuntu/bumperbot_ws/install/bumperbot_controller/share/bumperbot_controller/local_setup.sh
[2.132s] -- Up-to-date: /home/ubuntu/bumperbot_ws/install/bumperbot_controller/share/bumperbot_controller/local_setup.zsh
[2.132s] -- Installing: /home/ubuntu/bumperbot_ws/install/bumperbot_controller/share/bumperbot_controller/local_setup.dsv
[2.132s] -- Installing: /home/ubuntu/bumperbot_ws/install/bumperbot_controller/share/bumperbot_controller/package.dsv
[2.132s] -- Up-to-date: /home/ubuntu/bumperbot_ws/install/bumperbot_controller/share/ament_index/resource_index/packages/bumperbot_controller
[2.132s] -- Up-to-date: /home/ubuntu/bumperbot_ws/install/bumperbot_controller/share/bumperbot_controller/cmake/bumperbot_controllerConfig.cmake
[2.132s] -- Up-to-date: /home/ubuntu/bumperbot_ws/install/bumperbot_controller/share/bumperbot_controller/cmake/bumperbot_controllerConfig-version.cmake
[2.132s] -- Up-to-date: /home/ubuntu/bumperbot_ws/install/bumperbot_controller/share/bumperbot_controller/package.xml
[2.145s] Invoked command in '/home/ubuntu/bumperbot_ws/build/bumperbot_controller' returned '0': CMAKE_PREFIX_PATH=${CMAKE_PREFIX_PATH}:/home/ubuntu/bumperbot_ws/install/bumperbot_py_examples:/opt/ros/humble /usr/bin/cmake --install /home/ubuntu/bumperbot_ws/build/bumperbot_controller
