[0.012s] Invoking command in '/home/ubuntu/bumperbot_ws/build/bumperbot_firmware': CMAKE_PREFIX_PATH=${CMAKE_PREFIX_PATH}:/home/ubuntu/bumperbot_ws/install/bumperbot_py_examples:/opt/ros/humble /usr/bin/cmake --build /home/ubuntu/bumperbot_ws/build/bumperbot_firmware -- -j4 -l4
[0.057s] [ 33%] Built target simple_serial_transmitter
[0.061s] [ 66%] Built target simple_serial_receiver
[0.069s] [100%] Built target bumperbot_firmware
[0.073s] [100%] Built target ament_cmake_python_copy_bumperbot_firmware
[0.243s] running egg_info
[0.243s] writing bumperbot_firmware.egg-info/PKG-INFO
[0.244s] writing dependency_links to bumperbot_firmware.egg-info/dependency_links.txt
[0.244s] writing top-level names to bumperbot_firmware.egg-info/top_level.txt
[0.245s] reading manifest file 'bumperbot_firmware.egg-info/SOURCES.txt'
[0.245s] writing manifest file 'bumperbot_firmware.egg-info/SOURCES.txt'
[0.284s] [100%] Built target ament_cmake_python_build_bumperbot_firmware_egg
[0.290s] Invoked command in '/home/ubuntu/bumperbot_ws/build/bumperbot_firmware' returned '0': CMAKE_PREFIX_PATH=${CMAKE_PREFIX_PATH}:/home/ubuntu/bumperbot_ws/install/bumperbot_py_examples:/opt/ros/humble /usr/bin/cmake --build /home/ubuntu/bumperbot_ws/build/bumperbot_firmware -- -j4 -l4
[0.327s] Invoking command in '/home/ubuntu/bumperbot_ws/build/bumperbot_firmware': CMAKE_PREFIX_PATH=${CMAKE_PREFIX_PATH}:/home/ubuntu/bumperbot_ws/install/bumperbot_py_examples:/opt/ros/humble /usr/bin/cmake --install /home/ubuntu/bumperbot_ws/build/bumperbot_firmware
[0.334s] -- Install configuration: ""
[0.334s] -- Up-to-date: /home/ubuntu/bumperbot_ws/install/bumperbot_firmware/share/bumperbot_firmware/environment/pythonpath.sh
[0.334s] -- Up-to-date: /home/ubuntu/bumperbot_ws/install/bumperbot_firmware/share/bumperbot_firmware/environment/pythonpath.dsv
[0.334s] -- Up-to-date: /home/ubuntu/bumperbot_ws/install/bumperbot_firmware/local/lib/python3.10/dist-packages/bumperbot_firmware-0.0.0-py3.10.egg-info
[0.334s] -- Installing: /home/ubuntu/bumperbot_ws/install/bumperbot_firmware/local/lib/python3.10/dist-packages/bumperbot_firmware-0.0.0-py3.10.egg-info/PKG-INFO
[0.334s] -- Installing: /home/ubuntu/bumperbot_ws/install/bumperbot_firmware/local/lib/python3.10/dist-packages/bumperbot_firmware-0.0.0-py3.10.egg-info/SOURCES.txt
[0.334s] -- Installing: /home/ubuntu/bumperbot_ws/install/bumperbot_firmware/local/lib/python3.10/dist-packages/bumperbot_firmware-0.0.0-py3.10.egg-info/dependency_links.txt
[0.334s] -- Installing: /home/ubuntu/bumperbot_ws/install/bumperbot_firmware/local/lib/python3.10/dist-packages/bumperbot_firmware-0.0.0-py3.10.egg-info/top_level.txt
[0.334s] -- Up-to-date: /home/ubuntu/bumperbot_ws/install/bumperbot_firmware/local/lib/python3.10/dist-packages/bumperbot_firmware
[0.334s] -- Up-to-date: /home/ubuntu/bumperbot_ws/install/bumperbot_firmware/local/lib/python3.10/dist-packages/bumperbot_firmware/__init__.py
[0.334s] -- Up-to-date: /home/ubuntu/bumperbot_ws/install/bumperbot_firmware/local/lib/python3.10/dist-packages/bumperbot_firmware/simple_serial_transmitter.py
[0.334s] -- Up-to-date: /home/ubuntu/bumperbot_ws/install/bumperbot_firmware/local/lib/python3.10/dist-packages/bumperbot_firmware/mpu6050_driver.py
[0.334s] -- Up-to-date: /home/ubuntu/bumperbot_ws/install/bumperbot_firmware/local/lib/python3.10/dist-packages/bumperbot_firmware/simple_serial_receiver.py
[0.357s] Listing '/home/ubuntu/bumperbot_ws/install/bumperbot_firmware/local/lib/python3.10/dist-packages/bumperbot_firmware'...
[0.360s] -- Up-to-date: /home/ubuntu/bumperbot_ws/install/bumperbot_firmware/share/bumperbot_firmware/bumperbot_interface.xml
[0.360s] -- Up-to-date: /home/ubuntu/bumperbot_ws/install/bumperbot_firmware/lib/libbumperbot_firmware.so
[0.361s] -- Up-to-date: /home/ubuntu/bumperbot_ws/install/bumperbot_firmware/include/include
[0.361s] -- Up-to-date: /home/ubuntu/bumperbot_ws/install/bumperbot_firmware/include/include/bumperbot_firmware
[0.361s] -- Up-to-date: /home/ubuntu/bumperbot_ws/install/bumperbot_firmware/include/include/bumperbot_firmware/bumperbot_interface.hpp
[0.362s] -- Up-to-date: /home/ubuntu/bumperbot_ws/install/bumperbot_firmware/share/bumperbot_firmware/launch
[0.362s] -- Up-to-date: /home/ubuntu/bumperbot_ws/install/bumperbot_firmware/share/bumperbot_firmware/launch/hardware_interface.launch.py
[0.362s] -- Up-to-date: /home/ubuntu/bumperbot_ws/install/bumperbot_firmware/lib/bumperbot_firmware/simple_serial_transmitter.py
[0.363s] -- Up-to-date: /home/ubuntu/bumperbot_ws/install/bumperbot_firmware/lib/bumperbot_firmware/simple_serial_receiver.py
[0.363s] -- Up-to-date: /home/ubuntu/bumperbot_ws/install/bumperbot_firmware/lib/bumperbot_firmware/mpu6050_driver.py
[0.363s] -- Up-to-date: /home/ubuntu/bumperbot_ws/install/bumperbot_firmware/lib/bumperbot_firmware/simple_serial_receiver
[0.364s] -- Up-to-date: /home/ubuntu/bumperbot_ws/install/bumperbot_firmware/lib/bumperbot_firmware/simple_serial_transmitter
[0.364s] -- Up-to-date: /home/ubuntu/bumperbot_ws/install/bumperbot_firmware/share/bumperbot_firmware/environment/library_path.sh
[0.364s] -- Up-to-date: /home/ubuntu/bumperbot_ws/install/bumperbot_firmware/share/bumperbot_firmware/environment/library_path.dsv
[0.364s] -- Up-to-date: /home/ubuntu/bumperbot_ws/install/bumperbot_firmware/share/ament_index/resource_index/package_run_dependencies/bumperbot_firmware
[0.365s] -- Up-to-date: /home/ubuntu/bumperbot_ws/install/bumperbot_firmware/share/ament_index/resource_index/parent_prefix_path/bumperbot_firmware
[0.365s] -- Up-to-date: /home/ubuntu/bumperbot_ws/install/bumperbot_firmware/share/bumperbot_firmware/environment/ament_prefix_path.sh
[0.368s] -- Up-to-date: /home/ubuntu/bumperbot_ws/install/bumperbot_firmware/share/bumperbot_firmware/environment/ament_prefix_path.dsv
[0.368s] -- Up-to-date: /home/ubuntu/bumperbot_ws/install/bumperbot_firmware/share/bumperbot_firmware/environment/path.sh
[0.368s] -- Up-to-date: /home/ubuntu/bumperbot_ws/install/bumperbot_firmware/share/bumperbot_firmware/environment/path.dsv
[0.368s] -- Up-to-date: /home/ubuntu/bumperbot_ws/install/bumperbot_firmware/share/bumperbot_firmware/local_setup.bash
[0.368s] -- Up-to-date: /home/ubuntu/bumperbot_ws/install/bumperbot_firmware/share/bumperbot_firmware/local_setup.sh
[0.368s] -- Up-to-date: /home/ubuntu/bumperbot_ws/install/bumperbot_firmware/share/bumperbot_firmware/local_setup.zsh
[0.368s] -- Up-to-date: /home/ubuntu/bumperbot_ws/install/bumperbot_firmware/share/bumperbot_firmware/local_setup.dsv
[0.368s] -- Installing: /home/ubuntu/bumperbot_ws/install/bumperbot_firmware/share/bumperbot_firmware/package.dsv
[0.368s] -- Up-to-date: /home/ubuntu/bumperbot_ws/install/bumperbot_firmware/share/ament_index/resource_index/packages/bumperbot_firmware
[0.368s] -- Up-to-date: /home/ubuntu/bumperbot_ws/install/bumperbot_firmware/share/ament_index/resource_index/hardware_interface__pluginlib__plugin/bumperbot_firmware
[0.368s] -- Up-to-date: /home/ubuntu/bumperbot_ws/install/bumperbot_firmware/share/bumperbot_firmware/cmake/ament_cmake_export_include_directories-extras.cmake
[0.368s] -- Up-to-date: /home/ubuntu/bumperbot_ws/install/bumperbot_firmware/share/bumperbot_firmware/cmake/ament_cmake_export_libraries-extras.cmake
[0.368s] -- Up-to-date: /home/ubuntu/bumperbot_ws/install/bumperbot_firmware/share/bumperbot_firmware/cmake/ament_cmake_export_dependencies-extras.cmake
[0.368s] -- Up-to-date: /home/ubuntu/bumperbot_ws/install/bumperbot_firmware/share/bumperbot_firmware/cmake/bumperbot_firmwareConfig.cmake
[0.368s] -- Up-to-date: /home/ubuntu/bumperbot_ws/install/bumperbot_firmware/share/bumperbot_firmware/cmake/bumperbot_firmwareConfig-version.cmake
[0.368s] -- Up-to-date: /home/ubuntu/bumperbot_ws/install/bumperbot_firmware/share/bumperbot_firmware/package.xml
[0.371s] Invoked command in '/home/ubuntu/bumperbot_ws/build/bumperbot_firmware' returned '0': CMAKE_PREFIX_PATH=${CMAKE_PREFIX_PATH}:/home/ubuntu/bumperbot_ws/install/bumperbot_py_examples:/opt/ros/humble /usr/bin/cmake --install /home/ubuntu/bumperbot_ws/build/bumperbot_firmware
