[0.051s] DEBUG:colcon:Command line arguments: ['/usr/bin/colcon', 'build']
[0.051s] DEBUG:colcon:Parsed command line arguments: Namespace(log_base=None, log_level=None, verb_name='build', build_base='build', install_base='install', merge_install=False, symlink_install=False, test_result_base=None, continue_on_error=False, executor='parallel', parallel_workers=4, event_handlers=None, ignore_user_meta=False, metas=['./colcon.meta'], base_paths=['.'], packages_ignore=None, packages_ignore_regex=None, paths=None, packages_up_to=None, packages_up_to_regex=None, packages_above=None, packages_above_and_dependencies=None, packages_above_depth=None, packages_select_by_dep=None, packages_skip_by_dep=None, packages_skip_up_to=None, packages_select_build_failed=False, packages_skip_build_finished=False, packages_select_test_failures=False, packages_skip_test_passed=False, packages_select=None, packages_skip=None, packages_select_regex=None, packages_skip_regex=None, packages_start=None, packages_end=None, allow_overriding=[], cmake_args=None, cmake_target=None, cmake_target_skip_unavailable=False, cmake_clean_cache=False, cmake_clean_first=False, cmake_force_configure=False, ament_cmake_args=None, catkin_cmake_args=None, catkin_skip_building_tests=False, mixin_files=None, mixin=None, verb_parser=<colcon_mixin.mixin.mixin_argument.MixinArgumentDecorator object at 0xffffa2302290>, verb_extension=<colcon_core.verb.build.BuildVerb object at 0xffffa2301c00>, main=<bound method BuildVerb.main of <colcon_core.verb.build.BuildVerb object at 0xffffa2301c00>>, mixin_verb=('build',))
[0.116s] Level 1:colcon.colcon_core.package_discovery:discover_packages(colcon_meta) check parameters
[0.116s] Level 1:colcon.colcon_core.package_discovery:discover_packages(recursive) check parameters
[0.116s] Level 1:colcon.colcon_core.package_discovery:discover_packages(ignore) check parameters
[0.116s] Level 1:colcon.colcon_core.package_discovery:discover_packages(path) check parameters
[0.116s] Level 1:colcon.colcon_core.package_discovery:discover_packages(colcon_meta) discover
[0.117s] Level 1:colcon.colcon_core.package_discovery:discover_packages(recursive) discover
[0.117s] INFO:colcon.colcon_core.package_discovery:Crawling recursively for packages in '/home/ubuntu/bumperbot_ws'
[0.117s] Level 1:colcon.colcon_core.package_identification:_identify(.) by extensions ['ignore', 'ignore_ament_install']
[0.117s] Level 1:colcon.colcon_core.package_identification:_identify(.) by extension 'ignore'
[0.117s] Level 1:colcon.colcon_core.package_identification:_identify(.) by extension 'ignore_ament_install'
[0.117s] Level 1:colcon.colcon_core.package_identification:_identify(.) by extensions ['colcon_pkg']
[0.117s] Level 1:colcon.colcon_core.package_identification:_identify(.) by extension 'colcon_pkg'
[0.117s] Level 1:colcon.colcon_core.package_identification:_identify(.) by extensions ['colcon_meta']
[0.117s] Level 1:colcon.colcon_core.package_identification:_identify(.) by extension 'colcon_meta'
[0.117s] Level 1:colcon.colcon_core.package_identification:_identify(.) by extensions ['ros']
[0.117s] Level 1:colcon.colcon_core.package_identification:_identify(.) by extension 'ros'
[0.122s] Level 1:colcon.colcon_core.package_identification:_identify(.) by extensions ['cmake', 'python']
[0.122s] Level 1:colcon.colcon_core.package_identification:_identify(.) by extension 'cmake'
[0.122s] Level 1:colcon.colcon_core.package_identification:_identify(.) by extension 'python'
[0.122s] Level 1:colcon.colcon_core.package_identification:_identify(.) by extensions ['python_setup_py']
[0.122s] Level 1:colcon.colcon_core.package_identification:_identify(.) by extension 'python_setup_py'
[0.122s] Level 1:colcon.colcon_core.package_identification:_identify(build) by extensions ['ignore', 'ignore_ament_install']
[0.122s] Level 1:colcon.colcon_core.package_identification:_identify(build) by extension 'ignore'
[0.122s] Level 1:colcon.colcon_core.package_identification:_identify(build) ignored
[0.122s] Level 1:colcon.colcon_core.package_identification:_identify(install) by extensions ['ignore', 'ignore_ament_install']
[0.122s] Level 1:colcon.colcon_core.package_identification:_identify(install) by extension 'ignore'
[0.122s] Level 1:colcon.colcon_core.package_identification:_identify(install) ignored
[0.122s] Level 1:colcon.colcon_core.package_identification:_identify(log) by extensions ['ignore', 'ignore_ament_install']
[0.122s] Level 1:colcon.colcon_core.package_identification:_identify(log) by extension 'ignore'
[0.122s] Level 1:colcon.colcon_core.package_identification:_identify(log) ignored
[0.122s] Level 1:colcon.colcon_core.package_identification:_identify(src) by extensions ['ignore', 'ignore_ament_install']
[0.122s] Level 1:colcon.colcon_core.package_identification:_identify(src) by extension 'ignore'
[0.123s] Level 1:colcon.colcon_core.package_identification:_identify(src) by extension 'ignore_ament_install'
[0.123s] Level 1:colcon.colcon_core.package_identification:_identify(src) by extensions ['colcon_pkg']
[0.123s] Level 1:colcon.colcon_core.package_identification:_identify(src) by extension 'colcon_pkg'
[0.123s] Level 1:colcon.colcon_core.package_identification:_identify(src) by extensions ['colcon_meta']
[0.123s] Level 1:colcon.colcon_core.package_identification:_identify(src) by extension 'colcon_meta'
[0.123s] Level 1:colcon.colcon_core.package_identification:_identify(src) by extensions ['ros']
[0.123s] Level 1:colcon.colcon_core.package_identification:_identify(src) by extension 'ros'
[0.123s] Level 1:colcon.colcon_core.package_identification:_identify(src) by extensions ['cmake', 'python']
[0.123s] Level 1:colcon.colcon_core.package_identification:_identify(src) by extension 'cmake'
[0.123s] Level 1:colcon.colcon_core.package_identification:_identify(src) by extension 'python'
[0.123s] Level 1:colcon.colcon_core.package_identification:_identify(src) by extensions ['python_setup_py']
[0.123s] Level 1:colcon.colcon_core.package_identification:_identify(src) by extension 'python_setup_py'
[0.123s] Level 1:colcon.colcon_core.package_identification:_identify(src/bumperbot_bringup) by extensions ['ignore', 'ignore_ament_install']
[0.123s] Level 1:colcon.colcon_core.package_identification:_identify(src/bumperbot_bringup) by extension 'ignore'
[0.123s] Level 1:colcon.colcon_core.package_identification:_identify(src/bumperbot_bringup) by extension 'ignore_ament_install'
[0.123s] Level 1:colcon.colcon_core.package_identification:_identify(src/bumperbot_bringup) by extensions ['colcon_pkg']
[0.123s] Level 1:colcon.colcon_core.package_identification:_identify(src/bumperbot_bringup) by extension 'colcon_pkg'
[0.123s] Level 1:colcon.colcon_core.package_identification:_identify(src/bumperbot_bringup) by extensions ['colcon_meta']
[0.123s] Level 1:colcon.colcon_core.package_identification:_identify(src/bumperbot_bringup) by extension 'colcon_meta'
[0.123s] Level 1:colcon.colcon_core.package_identification:_identify(src/bumperbot_bringup) by extensions ['ros']
[0.123s] Level 1:colcon.colcon_core.package_identification:_identify(src/bumperbot_bringup) by extension 'ros'
[0.124s] DEBUG:colcon.colcon_core.package_identification:Package 'src/bumperbot_bringup' with type 'ros.ament_cmake' and name 'bumperbot_bringup'
[0.124s] Level 1:colcon.colcon_core.package_identification:_identify(src/bumperbot_controller) by extensions ['ignore', 'ignore_ament_install']
[0.124s] Level 1:colcon.colcon_core.package_identification:_identify(src/bumperbot_controller) by extension 'ignore'
[0.124s] Level 1:colcon.colcon_core.package_identification:_identify(src/bumperbot_controller) by extension 'ignore_ament_install'
[0.124s] Level 1:colcon.colcon_core.package_identification:_identify(src/bumperbot_controller) by extensions ['colcon_pkg']
[0.124s] Level 1:colcon.colcon_core.package_identification:_identify(src/bumperbot_controller) by extension 'colcon_pkg'
[0.124s] Level 1:colcon.colcon_core.package_identification:_identify(src/bumperbot_controller) by extensions ['colcon_meta']
[0.124s] Level 1:colcon.colcon_core.package_identification:_identify(src/bumperbot_controller) by extension 'colcon_meta'
[0.124s] Level 1:colcon.colcon_core.package_identification:_identify(src/bumperbot_controller) by extensions ['ros']
[0.124s] Level 1:colcon.colcon_core.package_identification:_identify(src/bumperbot_controller) by extension 'ros'
[0.125s] DEBUG:colcon.colcon_core.package_identification:Package 'src/bumperbot_controller' with type 'ros.ament_cmake' and name 'bumperbot_controller'
[0.125s] Level 1:colcon.colcon_core.package_identification:_identify(src/bumperbot_cpp_examples) by extensions ['ignore', 'ignore_ament_install']
[0.125s] Level 1:colcon.colcon_core.package_identification:_identify(src/bumperbot_cpp_examples) by extension 'ignore'
[0.125s] Level 1:colcon.colcon_core.package_identification:_identify(src/bumperbot_cpp_examples) by extension 'ignore_ament_install'
[0.125s] Level 1:colcon.colcon_core.package_identification:_identify(src/bumperbot_cpp_examples) by extensions ['colcon_pkg']
[0.125s] Level 1:colcon.colcon_core.package_identification:_identify(src/bumperbot_cpp_examples) by extension 'colcon_pkg'
[0.125s] Level 1:colcon.colcon_core.package_identification:_identify(src/bumperbot_cpp_examples) by extensions ['colcon_meta']
[0.125s] Level 1:colcon.colcon_core.package_identification:_identify(src/bumperbot_cpp_examples) by extension 'colcon_meta'
[0.125s] Level 1:colcon.colcon_core.package_identification:_identify(src/bumperbot_cpp_examples) by extensions ['ros']
[0.125s] Level 1:colcon.colcon_core.package_identification:_identify(src/bumperbot_cpp_examples) by extension 'ros'
[0.126s] DEBUG:colcon.colcon_core.package_identification:Package 'src/bumperbot_cpp_examples' with type 'ros.ament_cmake' and name 'bumperbot_cpp_examples'
[0.126s] Level 1:colcon.colcon_core.package_identification:_identify(src/bumperbot_description) by extensions ['ignore', 'ignore_ament_install']
[0.126s] Level 1:colcon.colcon_core.package_identification:_identify(src/bumperbot_description) by extension 'ignore'
[0.126s] Level 1:colcon.colcon_core.package_identification:_identify(src/bumperbot_description) by extension 'ignore_ament_install'
[0.126s] Level 1:colcon.colcon_core.package_identification:_identify(src/bumperbot_description) by extensions ['colcon_pkg']
[0.126s] Level 1:colcon.colcon_core.package_identification:_identify(src/bumperbot_description) by extension 'colcon_pkg'
[0.126s] Level 1:colcon.colcon_core.package_identification:_identify(src/bumperbot_description) by extensions ['colcon_meta']
[0.126s] Level 1:colcon.colcon_core.package_identification:_identify(src/bumperbot_description) by extension 'colcon_meta'
[0.126s] Level 1:colcon.colcon_core.package_identification:_identify(src/bumperbot_description) by extensions ['ros']
[0.126s] Level 1:colcon.colcon_core.package_identification:_identify(src/bumperbot_description) by extension 'ros'
[0.126s] DEBUG:colcon.colcon_core.package_identification:Package 'src/bumperbot_description' with type 'ros.ament_cmake' and name 'bumperbot_description'
[0.126s] Level 1:colcon.colcon_core.package_identification:_identify(src/bumperbot_firmware) by extensions ['ignore', 'ignore_ament_install']
[0.126s] Level 1:colcon.colcon_core.package_identification:_identify(src/bumperbot_firmware) by extension 'ignore'
[0.126s] Level 1:colcon.colcon_core.package_identification:_identify(src/bumperbot_firmware) by extension 'ignore_ament_install'
[0.126s] Level 1:colcon.colcon_core.package_identification:_identify(src/bumperbot_firmware) by extensions ['colcon_pkg']
[0.126s] Level 1:colcon.colcon_core.package_identification:_identify(src/bumperbot_firmware) by extension 'colcon_pkg'
[0.126s] Level 1:colcon.colcon_core.package_identification:_identify(src/bumperbot_firmware) by extensions ['colcon_meta']
[0.126s] Level 1:colcon.colcon_core.package_identification:_identify(src/bumperbot_firmware) by extension 'colcon_meta'
[0.126s] Level 1:colcon.colcon_core.package_identification:_identify(src/bumperbot_firmware) by extensions ['ros']
[0.126s] Level 1:colcon.colcon_core.package_identification:_identify(src/bumperbot_firmware) by extension 'ros'
[0.127s] DEBUG:colcon.colcon_core.package_identification:Package 'src/bumperbot_firmware' with type 'ros.ament_cmake' and name 'bumperbot_firmware'
[0.127s] Level 1:colcon.colcon_core.package_identification:_identify(src/bumperbot_localization) by extensions ['ignore', 'ignore_ament_install']
[0.127s] Level 1:colcon.colcon_core.package_identification:_identify(src/bumperbot_localization) by extension 'ignore'
[0.127s] Level 1:colcon.colcon_core.package_identification:_identify(src/bumperbot_localization) by extension 'ignore_ament_install'
[0.127s] Level 1:colcon.colcon_core.package_identification:_identify(src/bumperbot_localization) by extensions ['colcon_pkg']
[0.127s] Level 1:colcon.colcon_core.package_identification:_identify(src/bumperbot_localization) by extension 'colcon_pkg'
[0.127s] Level 1:colcon.colcon_core.package_identification:_identify(src/bumperbot_localization) by extensions ['colcon_meta']
[0.127s] Level 1:colcon.colcon_core.package_identification:_identify(src/bumperbot_localization) by extension 'colcon_meta'
[0.127s] Level 1:colcon.colcon_core.package_identification:_identify(src/bumperbot_localization) by extensions ['ros']
[0.127s] Level 1:colcon.colcon_core.package_identification:_identify(src/bumperbot_localization) by extension 'ros'
[0.127s] DEBUG:colcon.colcon_core.package_identification:Package 'src/bumperbot_localization' with type 'ros.ament_cmake' and name 'bumperbot_localization'
[0.128s] Level 1:colcon.colcon_core.package_identification:_identify(src/bumperbot_msgs) by extensions ['ignore', 'ignore_ament_install']
[0.128s] Level 1:colcon.colcon_core.package_identification:_identify(src/bumperbot_msgs) by extension 'ignore'
[0.128s] Level 1:colcon.colcon_core.package_identification:_identify(src/bumperbot_msgs) by extension 'ignore_ament_install'
[0.128s] Level 1:colcon.colcon_core.package_identification:_identify(src/bumperbot_msgs) by extensions ['colcon_pkg']
[0.128s] Level 1:colcon.colcon_core.package_identification:_identify(src/bumperbot_msgs) by extension 'colcon_pkg'
[0.128s] Level 1:colcon.colcon_core.package_identification:_identify(src/bumperbot_msgs) by extensions ['colcon_meta']
[0.128s] Level 1:colcon.colcon_core.package_identification:_identify(src/bumperbot_msgs) by extension 'colcon_meta'
[0.128s] Level 1:colcon.colcon_core.package_identification:_identify(src/bumperbot_msgs) by extensions ['ros']
[0.128s] Level 1:colcon.colcon_core.package_identification:_identify(src/bumperbot_msgs) by extension 'ros'
[0.128s] DEBUG:colcon.colcon_core.package_identification:Package 'src/bumperbot_msgs' with type 'ros.ament_cmake' and name 'bumperbot_msgs'
[0.128s] Level 1:colcon.colcon_core.package_identification:_identify(src/bumperbot_py_examples) by extensions ['ignore', 'ignore_ament_install']
[0.128s] Level 1:colcon.colcon_core.package_identification:_identify(src/bumperbot_py_examples) by extension 'ignore'
[0.128s] Level 1:colcon.colcon_core.package_identification:_identify(src/bumperbot_py_examples) by extension 'ignore_ament_install'
[0.128s] Level 1:colcon.colcon_core.package_identification:_identify(src/bumperbot_py_examples) by extensions ['colcon_pkg']
[0.128s] Level 1:colcon.colcon_core.package_identification:_identify(src/bumperbot_py_examples) by extension 'colcon_pkg'
[0.128s] Level 1:colcon.colcon_core.package_identification:_identify(src/bumperbot_py_examples) by extensions ['colcon_meta']
[0.128s] Level 1:colcon.colcon_core.package_identification:_identify(src/bumperbot_py_examples) by extension 'colcon_meta'
[0.128s] Level 1:colcon.colcon_core.package_identification:_identify(src/bumperbot_py_examples) by extensions ['ros']
[0.128s] Level 1:colcon.colcon_core.package_identification:_identify(src/bumperbot_py_examples) by extension 'ros'
[0.129s] DEBUG:colcon.colcon_core.package_identification:Package 'src/bumperbot_py_examples' with type 'ros.ament_python' and name 'bumperbot_py_examples'
[0.129s] Level 1:colcon.colcon_core.package_discovery:discover_packages(recursive) using defaults
[0.129s] Level 1:colcon.colcon_core.package_discovery:discover_packages(ignore) discover
[0.129s] Level 1:colcon.colcon_core.package_discovery:discover_packages(ignore) using defaults
[0.129s] Level 1:colcon.colcon_core.package_discovery:discover_packages(path) discover
[0.129s] Level 1:colcon.colcon_core.package_discovery:discover_packages(path) using defaults
[0.139s] Level 1:colcon.colcon_core.package_discovery:discover_packages(prefix_path) check parameters
[0.139s] Level 1:colcon.colcon_core.package_discovery:discover_packages(prefix_path) discover
[0.140s] DEBUG:colcon.colcon_installed_package_information.package_discovery:Found 8 installed packages in /home/ubuntu/bumperbot_ws/install
[0.140s] DEBUG:colcon.colcon_installed_package_information.package_discovery:Found 280 installed packages in /opt/ros/humble
[0.145s] Level 1:colcon.colcon_core.package_discovery:discover_packages(prefix_path) using defaults
[0.163s] Level 5:colcon.colcon_core.verb:set package 'bumperbot_controller' build argument 'cmake_args' from command line to 'None'
[0.163s] Level 5:colcon.colcon_core.verb:set package 'bumperbot_controller' build argument 'cmake_target' from command line to 'None'
[0.163s] Level 5:colcon.colcon_core.verb:set package 'bumperbot_controller' build argument 'cmake_target_skip_unavailable' from command line to 'False'
[0.163s] Level 5:colcon.colcon_core.verb:set package 'bumperbot_controller' build argument 'cmake_clean_cache' from command line to 'False'
[0.163s] Level 5:colcon.colcon_core.verb:set package 'bumperbot_controller' build argument 'cmake_clean_first' from command line to 'False'
[0.163s] Level 5:colcon.colcon_core.verb:set package 'bumperbot_controller' build argument 'cmake_force_configure' from command line to 'False'
[0.163s] Level 5:colcon.colcon_core.verb:set package 'bumperbot_controller' build argument 'ament_cmake_args' from command line to 'None'
[0.163s] Level 5:colcon.colcon_core.verb:set package 'bumperbot_controller' build argument 'catkin_cmake_args' from command line to 'None'
[0.163s] Level 5:colcon.colcon_core.verb:set package 'bumperbot_controller' build argument 'catkin_skip_building_tests' from command line to 'False'
[0.163s] DEBUG:colcon.colcon_core.verb:Building package 'bumperbot_controller' with the following arguments: {'ament_cmake_args': None, 'build_base': '/home/ubuntu/bumperbot_ws/build/bumperbot_controller', 'catkin_cmake_args': None, 'catkin_skip_building_tests': False, 'cmake_args': None, 'cmake_clean_cache': False, 'cmake_clean_first': False, 'cmake_force_configure': False, 'cmake_target': None, 'cmake_target_skip_unavailable': False, 'install_base': '/home/ubuntu/bumperbot_ws/install/bumperbot_controller', 'merge_install': False, 'path': '/home/ubuntu/bumperbot_ws/src/bumperbot_controller', 'symlink_install': False, 'test_result_base': None}
[0.164s] Level 5:colcon.colcon_core.verb:set package 'bumperbot_description' build argument 'cmake_args' from command line to 'None'
[0.164s] Level 5:colcon.colcon_core.verb:set package 'bumperbot_description' build argument 'cmake_target' from command line to 'None'
[0.164s] Level 5:colcon.colcon_core.verb:set package 'bumperbot_description' build argument 'cmake_target_skip_unavailable' from command line to 'False'
[0.164s] Level 5:colcon.colcon_core.verb:set package 'bumperbot_description' build argument 'cmake_clean_cache' from command line to 'False'
[0.164s] Level 5:colcon.colcon_core.verb:set package 'bumperbot_description' build argument 'cmake_clean_first' from command line to 'False'
[0.164s] Level 5:colcon.colcon_core.verb:set package 'bumperbot_description' build argument 'cmake_force_configure' from command line to 'False'
[0.164s] Level 5:colcon.colcon_core.verb:set package 'bumperbot_description' build argument 'ament_cmake_args' from command line to 'None'
[0.164s] Level 5:colcon.colcon_core.verb:set package 'bumperbot_description' build argument 'catkin_cmake_args' from command line to 'None'
[0.164s] Level 5:colcon.colcon_core.verb:set package 'bumperbot_description' build argument 'catkin_skip_building_tests' from command line to 'False'
[0.164s] DEBUG:colcon.colcon_core.verb:Building package 'bumperbot_description' with the following arguments: {'ament_cmake_args': None, 'build_base': '/home/ubuntu/bumperbot_ws/build/bumperbot_description', 'catkin_cmake_args': None, 'catkin_skip_building_tests': False, 'cmake_args': None, 'cmake_clean_cache': False, 'cmake_clean_first': False, 'cmake_force_configure': False, 'cmake_target': None, 'cmake_target_skip_unavailable': False, 'install_base': '/home/ubuntu/bumperbot_ws/install/bumperbot_description', 'merge_install': False, 'path': '/home/ubuntu/bumperbot_ws/src/bumperbot_description', 'symlink_install': False, 'test_result_base': None}
[0.164s] Level 5:colcon.colcon_core.verb:set package 'bumperbot_firmware' build argument 'cmake_args' from command line to 'None'
[0.164s] Level 5:colcon.colcon_core.verb:set package 'bumperbot_firmware' build argument 'cmake_target' from command line to 'None'
[0.164s] Level 5:colcon.colcon_core.verb:set package 'bumperbot_firmware' build argument 'cmake_target_skip_unavailable' from command line to 'False'
[0.164s] Level 5:colcon.colcon_core.verb:set package 'bumperbot_firmware' build argument 'cmake_clean_cache' from command line to 'False'
[0.164s] Level 5:colcon.colcon_core.verb:set package 'bumperbot_firmware' build argument 'cmake_clean_first' from command line to 'False'
[0.164s] Level 5:colcon.colcon_core.verb:set package 'bumperbot_firmware' build argument 'cmake_force_configure' from command line to 'False'
[0.164s] Level 5:colcon.colcon_core.verb:set package 'bumperbot_firmware' build argument 'ament_cmake_args' from command line to 'None'
[0.164s] Level 5:colcon.colcon_core.verb:set package 'bumperbot_firmware' build argument 'catkin_cmake_args' from command line to 'None'
[0.164s] Level 5:colcon.colcon_core.verb:set package 'bumperbot_firmware' build argument 'catkin_skip_building_tests' from command line to 'False'
[0.164s] DEBUG:colcon.colcon_core.verb:Building package 'bumperbot_firmware' with the following arguments: {'ament_cmake_args': None, 'build_base': '/home/ubuntu/bumperbot_ws/build/bumperbot_firmware', 'catkin_cmake_args': None, 'catkin_skip_building_tests': False, 'cmake_args': None, 'cmake_clean_cache': False, 'cmake_clean_first': False, 'cmake_force_configure': False, 'cmake_target': None, 'cmake_target_skip_unavailable': False, 'install_base': '/home/ubuntu/bumperbot_ws/install/bumperbot_firmware', 'merge_install': False, 'path': '/home/ubuntu/bumperbot_ws/src/bumperbot_firmware', 'symlink_install': False, 'test_result_base': None}
[0.164s] Level 5:colcon.colcon_core.verb:set package 'bumperbot_localization' build argument 'cmake_args' from command line to 'None'
[0.164s] Level 5:colcon.colcon_core.verb:set package 'bumperbot_localization' build argument 'cmake_target' from command line to 'None'
[0.164s] Level 5:colcon.colcon_core.verb:set package 'bumperbot_localization' build argument 'cmake_target_skip_unavailable' from command line to 'False'
[0.164s] Level 5:colcon.colcon_core.verb:set package 'bumperbot_localization' build argument 'cmake_clean_cache' from command line to 'False'
[0.164s] Level 5:colcon.colcon_core.verb:set package 'bumperbot_localization' build argument 'cmake_clean_first' from command line to 'False'
[0.164s] Level 5:colcon.colcon_core.verb:set package 'bumperbot_localization' build argument 'cmake_force_configure' from command line to 'False'
[0.164s] Level 5:colcon.colcon_core.verb:set package 'bumperbot_localization' build argument 'ament_cmake_args' from command line to 'None'
[0.164s] Level 5:colcon.colcon_core.verb:set package 'bumperbot_localization' build argument 'catkin_cmake_args' from command line to 'None'
[0.164s] Level 5:colcon.colcon_core.verb:set package 'bumperbot_localization' build argument 'catkin_skip_building_tests' from command line to 'False'
[0.164s] DEBUG:colcon.colcon_core.verb:Building package 'bumperbot_localization' with the following arguments: {'ament_cmake_args': None, 'build_base': '/home/ubuntu/bumperbot_ws/build/bumperbot_localization', 'catkin_cmake_args': None, 'catkin_skip_building_tests': False, 'cmake_args': None, 'cmake_clean_cache': False, 'cmake_clean_first': False, 'cmake_force_configure': False, 'cmake_target': None, 'cmake_target_skip_unavailable': False, 'install_base': '/home/ubuntu/bumperbot_ws/install/bumperbot_localization', 'merge_install': False, 'path': '/home/ubuntu/bumperbot_ws/src/bumperbot_localization', 'symlink_install': False, 'test_result_base': None}
[0.164s] Level 5:colcon.colcon_core.verb:set package 'bumperbot_msgs' build argument 'cmake_args' from command line to 'None'
[0.164s] Level 5:colcon.colcon_core.verb:set package 'bumperbot_msgs' build argument 'cmake_target' from command line to 'None'
[0.164s] Level 5:colcon.colcon_core.verb:set package 'bumperbot_msgs' build argument 'cmake_target_skip_unavailable' from command line to 'False'
[0.164s] Level 5:colcon.colcon_core.verb:set package 'bumperbot_msgs' build argument 'cmake_clean_cache' from command line to 'False'
[0.164s] Level 5:colcon.colcon_core.verb:set package 'bumperbot_msgs' build argument 'cmake_clean_first' from command line to 'False'
[0.164s] Level 5:colcon.colcon_core.verb:set package 'bumperbot_msgs' build argument 'cmake_force_configure' from command line to 'False'
[0.164s] Level 5:colcon.colcon_core.verb:set package 'bumperbot_msgs' build argument 'ament_cmake_args' from command line to 'None'
[0.164s] Level 5:colcon.colcon_core.verb:set package 'bumperbot_msgs' build argument 'catkin_cmake_args' from command line to 'None'
[0.164s] Level 5:colcon.colcon_core.verb:set package 'bumperbot_msgs' build argument 'catkin_skip_building_tests' from command line to 'False'
[0.164s] DEBUG:colcon.colcon_core.verb:Building package 'bumperbot_msgs' with the following arguments: {'ament_cmake_args': None, 'build_base': '/home/ubuntu/bumperbot_ws/build/bumperbot_msgs', 'catkin_cmake_args': None, 'catkin_skip_building_tests': False, 'cmake_args': None, 'cmake_clean_cache': False, 'cmake_clean_first': False, 'cmake_force_configure': False, 'cmake_target': None, 'cmake_target_skip_unavailable': False, 'install_base': '/home/ubuntu/bumperbot_ws/install/bumperbot_msgs', 'merge_install': False, 'path': '/home/ubuntu/bumperbot_ws/src/bumperbot_msgs', 'symlink_install': False, 'test_result_base': None}
[0.165s] Level 5:colcon.colcon_core.verb:set package 'bumperbot_bringup' build argument 'cmake_args' from command line to 'None'
[0.165s] Level 5:colcon.colcon_core.verb:set package 'bumperbot_bringup' build argument 'cmake_target' from command line to 'None'
[0.165s] Level 5:colcon.colcon_core.verb:set package 'bumperbot_bringup' build argument 'cmake_target_skip_unavailable' from command line to 'False'
[0.165s] Level 5:colcon.colcon_core.verb:set package 'bumperbot_bringup' build argument 'cmake_clean_cache' from command line to 'False'
[0.165s] Level 5:colcon.colcon_core.verb:set package 'bumperbot_bringup' build argument 'cmake_clean_first' from command line to 'False'
[0.165s] Level 5:colcon.colcon_core.verb:set package 'bumperbot_bringup' build argument 'cmake_force_configure' from command line to 'False'
[0.165s] Level 5:colcon.colcon_core.verb:set package 'bumperbot_bringup' build argument 'ament_cmake_args' from command line to 'None'
[0.165s] Level 5:colcon.colcon_core.verb:set package 'bumperbot_bringup' build argument 'catkin_cmake_args' from command line to 'None'
[0.165s] Level 5:colcon.colcon_core.verb:set package 'bumperbot_bringup' build argument 'catkin_skip_building_tests' from command line to 'False'
[0.165s] DEBUG:colcon.colcon_core.verb:Building package 'bumperbot_bringup' with the following arguments: {'ament_cmake_args': None, 'build_base': '/home/ubuntu/bumperbot_ws/build/bumperbot_bringup', 'catkin_cmake_args': None, 'catkin_skip_building_tests': False, 'cmake_args': None, 'cmake_clean_cache': False, 'cmake_clean_first': False, 'cmake_force_configure': False, 'cmake_target': None, 'cmake_target_skip_unavailable': False, 'install_base': '/home/ubuntu/bumperbot_ws/install/bumperbot_bringup', 'merge_install': False, 'path': '/home/ubuntu/bumperbot_ws/src/bumperbot_bringup', 'symlink_install': False, 'test_result_base': None}
[0.165s] Level 5:colcon.colcon_core.verb:set package 'bumperbot_cpp_examples' build argument 'cmake_args' from command line to 'None'
[0.165s] Level 5:colcon.colcon_core.verb:set package 'bumperbot_cpp_examples' build argument 'cmake_target' from command line to 'None'
[0.165s] Level 5:colcon.colcon_core.verb:set package 'bumperbot_cpp_examples' build argument 'cmake_target_skip_unavailable' from command line to 'False'
[0.165s] Level 5:colcon.colcon_core.verb:set package 'bumperbot_cpp_examples' build argument 'cmake_clean_cache' from command line to 'False'
[0.165s] Level 5:colcon.colcon_core.verb:set package 'bumperbot_cpp_examples' build argument 'cmake_clean_first' from command line to 'False'
[0.165s] Level 5:colcon.colcon_core.verb:set package 'bumperbot_cpp_examples' build argument 'cmake_force_configure' from command line to 'False'
[0.165s] Level 5:colcon.colcon_core.verb:set package 'bumperbot_cpp_examples' build argument 'ament_cmake_args' from command line to 'None'
[0.165s] Level 5:colcon.colcon_core.verb:set package 'bumperbot_cpp_examples' build argument 'catkin_cmake_args' from command line to 'None'
[0.165s] Level 5:colcon.colcon_core.verb:set package 'bumperbot_cpp_examples' build argument 'catkin_skip_building_tests' from command line to 'False'
[0.165s] DEBUG:colcon.colcon_core.verb:Building package 'bumperbot_cpp_examples' with the following arguments: {'ament_cmake_args': None, 'build_base': '/home/ubuntu/bumperbot_ws/build/bumperbot_cpp_examples', 'catkin_cmake_args': None, 'catkin_skip_building_tests': False, 'cmake_args': None, 'cmake_clean_cache': False, 'cmake_clean_first': False, 'cmake_force_configure': False, 'cmake_target': None, 'cmake_target_skip_unavailable': False, 'install_base': '/home/ubuntu/bumperbot_ws/install/bumperbot_cpp_examples', 'merge_install': False, 'path': '/home/ubuntu/bumperbot_ws/src/bumperbot_cpp_examples', 'symlink_install': False, 'test_result_base': None}
[0.165s] Level 5:colcon.colcon_core.verb:set package 'bumperbot_py_examples' build argument 'cmake_args' from command line to 'None'
[0.165s] Level 5:colcon.colcon_core.verb:set package 'bumperbot_py_examples' build argument 'cmake_target' from command line to 'None'
[0.165s] Level 5:colcon.colcon_core.verb:set package 'bumperbot_py_examples' build argument 'cmake_target_skip_unavailable' from command line to 'False'
[0.165s] Level 5:colcon.colcon_core.verb:set package 'bumperbot_py_examples' build argument 'cmake_clean_cache' from command line to 'False'
[0.165s] Level 5:colcon.colcon_core.verb:set package 'bumperbot_py_examples' build argument 'cmake_clean_first' from command line to 'False'
[0.165s] Level 5:colcon.colcon_core.verb:set package 'bumperbot_py_examples' build argument 'cmake_force_configure' from command line to 'False'
[0.165s] Level 5:colcon.colcon_core.verb:set package 'bumperbot_py_examples' build argument 'ament_cmake_args' from command line to 'None'
[0.165s] Level 5:colcon.colcon_core.verb:set package 'bumperbot_py_examples' build argument 'catkin_cmake_args' from command line to 'None'
[0.165s] Level 5:colcon.colcon_core.verb:set package 'bumperbot_py_examples' build argument 'catkin_skip_building_tests' from command line to 'False'
[0.165s] DEBUG:colcon.colcon_core.verb:Building package 'bumperbot_py_examples' with the following arguments: {'ament_cmake_args': None, 'build_base': '/home/ubuntu/bumperbot_ws/build/bumperbot_py_examples', 'catkin_cmake_args': None, 'catkin_skip_building_tests': False, 'cmake_args': None, 'cmake_clean_cache': False, 'cmake_clean_first': False, 'cmake_force_configure': False, 'cmake_target': None, 'cmake_target_skip_unavailable': False, 'install_base': '/home/ubuntu/bumperbot_ws/install/bumperbot_py_examples', 'merge_install': False, 'path': '/home/ubuntu/bumperbot_ws/src/bumperbot_py_examples', 'symlink_install': False, 'test_result_base': None}
[0.165s] INFO:colcon.colcon_core.executor:Executing jobs using 'parallel' executor
[0.166s] DEBUG:colcon.colcon_parallel_executor.executor.parallel:run_until_complete
[0.166s] INFO:colcon.colcon_ros.task.ament_cmake.build:Building ROS package in '/home/ubuntu/bumperbot_ws/src/bumperbot_msgs' with build type 'ament_cmake'
[0.166s] INFO:colcon.colcon_cmake.task.cmake.build:Building CMake package in '/home/ubuntu/bumperbot_ws/src/bumperbot_msgs'
[0.167s] INFO:colcon.colcon_core.plugin_system:Skipping extension 'colcon_core.shell.bat': Not used on non-Windows systems
[0.167s] INFO:colcon.colcon_core.shell:Skip shell extension 'powershell' for command environment: Not usable outside of PowerShell
[0.167s] DEBUG:colcon.colcon_core.shell:Skip shell extension 'dsv' for command environment
[0.169s] INFO:colcon.colcon_ros.task.ament_cmake.build:Building ROS package in '/home/ubuntu/bumperbot_ws/src/bumperbot_controller' with build type 'ament_cmake'
[0.169s] INFO:colcon.colcon_cmake.task.cmake.build:Building CMake package in '/home/ubuntu/bumperbot_ws/src/bumperbot_controller'
[0.169s] INFO:colcon.colcon_core.shell:Skip shell extension 'powershell' for command environment: Not usable outside of PowerShell
[0.169s] DEBUG:colcon.colcon_core.shell:Skip shell extension 'dsv' for command environment
[0.171s] INFO:colcon.colcon_ros.task.ament_cmake.build:Building ROS package in '/home/ubuntu/bumperbot_ws/src/bumperbot_description' with build type 'ament_cmake'
[0.171s] INFO:colcon.colcon_cmake.task.cmake.build:Building CMake package in '/home/ubuntu/bumperbot_ws/src/bumperbot_description'
[0.171s] INFO:colcon.colcon_core.shell:Skip shell extension 'powershell' for command environment: Not usable outside of PowerShell
[0.171s] DEBUG:colcon.colcon_core.shell:Skip shell extension 'dsv' for command environment
[0.173s] INFO:colcon.colcon_ros.task.ament_cmake.build:Building ROS package in '/home/ubuntu/bumperbot_ws/src/bumperbot_firmware' with build type 'ament_cmake'
[0.173s] INFO:colcon.colcon_cmake.task.cmake.build:Building CMake package in '/home/ubuntu/bumperbot_ws/src/bumperbot_firmware'
[0.173s] INFO:colcon.colcon_core.shell:Skip shell extension 'powershell' for command environment: Not usable outside of PowerShell
[0.173s] DEBUG:colcon.colcon_core.shell:Skip shell extension 'dsv' for command environment
[0.178s] DEBUG:colcon.colcon_core.event_handler.log_command:Invoking command in '/home/ubuntu/bumperbot_ws/build/bumperbot_msgs': CMAKE_PREFIX_PATH=${CMAKE_PREFIX_PATH}:/home/ubuntu/bumperbot_ws/install/bumperbot_py_examples:/opt/ros/humble /usr/bin/cmake --build /home/ubuntu/bumperbot_ws/build/bumperbot_msgs -- -j4 -l4
[0.181s] DEBUG:colcon.colcon_core.event_handler.log_command:Invoking command in '/home/ubuntu/bumperbot_ws/build/bumperbot_controller': CMAKE_PREFIX_PATH=${CMAKE_PREFIX_PATH}:/home/ubuntu/bumperbot_ws/install/bumperbot_py_examples:/opt/ros/humble /usr/bin/cmake --build /home/ubuntu/bumperbot_ws/build/bumperbot_controller -- -j4 -l4
[0.182s] DEBUG:colcon.colcon_core.event_handler.log_command:Invoking command in '/home/ubuntu/bumperbot_ws/build/bumperbot_description': CMAKE_PREFIX_PATH=${CMAKE_PREFIX_PATH}:/home/ubuntu/bumperbot_ws/install/bumperbot_py_examples:/opt/ros/humble /usr/bin/cmake --build /home/ubuntu/bumperbot_ws/build/bumperbot_description -- -j4 -l4
[0.191s] DEBUG:colcon.colcon_core.event_handler.log_command:Invoking command in '/home/ubuntu/bumperbot_ws/build/bumperbot_firmware': CMAKE_PREFIX_PATH=${CMAKE_PREFIX_PATH}:/home/ubuntu/bumperbot_ws/install/bumperbot_py_examples:/opt/ros/humble /usr/bin/cmake --build /home/ubuntu/bumperbot_ws/build/bumperbot_firmware -- -j4 -l4
[0.202s] DEBUG:colcon.colcon_core.event_handler.log_command:Invoked command in '/home/ubuntu/bumperbot_ws/build/bumperbot_description' returned '0': CMAKE_PREFIX_PATH=${CMAKE_PREFIX_PATH}:/home/ubuntu/bumperbot_ws/install/bumperbot_py_examples:/opt/ros/humble /usr/bin/cmake --build /home/ubuntu/bumperbot_ws/build/bumperbot_description -- -j4 -l4
[0.251s] DEBUG:colcon.colcon_core.event_handler.log_command:Invoking command in '/home/ubuntu/bumperbot_ws/build/bumperbot_description': CMAKE_PREFIX_PATH=${CMAKE_PREFIX_PATH}:/home/ubuntu/bumperbot_ws/install/bumperbot_py_examples:/opt/ros/humble /usr/bin/cmake --install /home/ubuntu/bumperbot_ws/build/bumperbot_description
[0.292s] Level 1:colcon.colcon_core.environment:create_environment_scripts_only(bumperbot_description)
[0.294s] Level 1:colcon.colcon_core.environment:checking '/home/ubuntu/bumperbot_ws/install/bumperbot_description' for CMake module files
[0.294s] Level 1:colcon.colcon_core.environment:checking '/home/ubuntu/bumperbot_ws/install/bumperbot_description' for CMake config files
[0.294s] Level 1:colcon.colcon_core.shell:create_environment_hook('bumperbot_description', 'cmake_prefix_path')
[0.294s] INFO:colcon.colcon_core.shell:Creating environment hook '/home/ubuntu/bumperbot_ws/install/bumperbot_description/share/bumperbot_description/hook/cmake_prefix_path.ps1'
[0.294s] INFO:colcon.colcon_core.shell:Creating environment descriptor '/home/ubuntu/bumperbot_ws/install/bumperbot_description/share/bumperbot_description/hook/cmake_prefix_path.dsv'
[0.295s] INFO:colcon.colcon_core.shell:Creating environment hook '/home/ubuntu/bumperbot_ws/install/bumperbot_description/share/bumperbot_description/hook/cmake_prefix_path.sh'
[0.295s] Level 1:colcon.colcon_core.environment:checking '/home/ubuntu/bumperbot_ws/install/bumperbot_description/bin'
[0.295s] Level 1:colcon.colcon_core.environment:checking '/home/ubuntu/bumperbot_ws/install/bumperbot_description/lib/pkgconfig/bumperbot_description.pc'
[0.295s] Level 1:colcon.colcon_core.environment:checking '/home/ubuntu/bumperbot_ws/install/bumperbot_description/lib/python3.10/site-packages'
[0.295s] Level 1:colcon.colcon_core.environment:checking '/home/ubuntu/bumperbot_ws/install/bumperbot_description/bin'
[0.296s] INFO:colcon.colcon_core.shell:Creating package script '/home/ubuntu/bumperbot_ws/install/bumperbot_description/share/bumperbot_description/package.ps1'
[0.297s] INFO:colcon.colcon_core.shell:Creating package descriptor '/home/ubuntu/bumperbot_ws/install/bumperbot_description/share/bumperbot_description/package.dsv'
[0.298s] INFO:colcon.colcon_core.shell:Creating package script '/home/ubuntu/bumperbot_ws/install/bumperbot_description/share/bumperbot_description/package.sh'
[0.298s] INFO:colcon.colcon_core.shell:Creating package script '/home/ubuntu/bumperbot_ws/install/bumperbot_description/share/bumperbot_description/package.bash'
[0.298s] INFO:colcon.colcon_core.shell:Creating package script '/home/ubuntu/bumperbot_ws/install/bumperbot_description/share/bumperbot_description/package.zsh'
[0.299s] Level 1:colcon.colcon_core.environment:create_file_with_runtime_dependencies(/home/ubuntu/bumperbot_ws/install/bumperbot_description/share/colcon-core/packages/bumperbot_description)
[0.314s] DEBUG:colcon.colcon_core.event_handler.log_command:Invoked command in '/home/ubuntu/bumperbot_ws/build/bumperbot_description' returned '0': CMAKE_PREFIX_PATH=${CMAKE_PREFIX_PATH}:/home/ubuntu/bumperbot_ws/install/bumperbot_py_examples:/opt/ros/humble /usr/bin/cmake --install /home/ubuntu/bumperbot_ws/build/bumperbot_description
[0.432s] Level 1:colcon.colcon_core.environment:create_environment_scripts_only(bumperbot_description)
[0.433s] Level 1:colcon.colcon_core.environment:checking '/home/ubuntu/bumperbot_ws/install/bumperbot_description' for CMake module files
[0.433s] Level 1:colcon.colcon_core.environment:checking '/home/ubuntu/bumperbot_ws/install/bumperbot_description' for CMake config files
[0.433s] Level 1:colcon.colcon_core.shell:create_environment_hook('bumperbot_description', 'cmake_prefix_path')
[0.433s] INFO:colcon.colcon_core.shell:Creating environment hook '/home/ubuntu/bumperbot_ws/install/bumperbot_description/share/bumperbot_description/hook/cmake_prefix_path.ps1'
[0.433s] INFO:colcon.colcon_core.shell:Creating environment descriptor '/home/ubuntu/bumperbot_ws/install/bumperbot_description/share/bumperbot_description/hook/cmake_prefix_path.dsv'
[0.433s] INFO:colcon.colcon_core.shell:Creating environment hook '/home/ubuntu/bumperbot_ws/install/bumperbot_description/share/bumperbot_description/hook/cmake_prefix_path.sh'
[0.434s] Level 1:colcon.colcon_core.environment:checking '/home/ubuntu/bumperbot_ws/install/bumperbot_description/bin'
[0.434s] Level 1:colcon.colcon_core.environment:checking '/home/ubuntu/bumperbot_ws/install/bumperbot_description/lib/pkgconfig/bumperbot_description.pc'
[0.434s] Level 1:colcon.colcon_core.environment:checking '/home/ubuntu/bumperbot_ws/install/bumperbot_description/lib/python3.10/site-packages'
[0.434s] Level 1:colcon.colcon_core.environment:checking '/home/ubuntu/bumperbot_ws/install/bumperbot_description/bin'
[0.434s] INFO:colcon.colcon_core.shell:Creating package script '/home/ubuntu/bumperbot_ws/install/bumperbot_description/share/bumperbot_description/package.ps1'
[0.435s] INFO:colcon.colcon_core.shell:Creating package descriptor '/home/ubuntu/bumperbot_ws/install/bumperbot_description/share/bumperbot_description/package.dsv'
[0.435s] INFO:colcon.colcon_core.shell:Creating package script '/home/ubuntu/bumperbot_ws/install/bumperbot_description/share/bumperbot_description/package.sh'
[0.435s] INFO:colcon.colcon_core.shell:Creating package script '/home/ubuntu/bumperbot_ws/install/bumperbot_description/share/bumperbot_description/package.bash'
[0.436s] INFO:colcon.colcon_core.shell:Creating package script '/home/ubuntu/bumperbot_ws/install/bumperbot_description/share/bumperbot_description/package.zsh'
[0.436s] Level 1:colcon.colcon_core.environment:create_file_with_runtime_dependencies(/home/ubuntu/bumperbot_ws/install/bumperbot_description/share/colcon-core/packages/bumperbot_description)
[0.436s] INFO:colcon.colcon_ros.task.ament_cmake.build:Building ROS package in '/home/ubuntu/bumperbot_ws/src/bumperbot_localization' with build type 'ament_cmake'
[0.437s] INFO:colcon.colcon_cmake.task.cmake.build:Building CMake package in '/home/ubuntu/bumperbot_ws/src/bumperbot_localization'
[0.437s] INFO:colcon.colcon_core.shell:Skip shell extension 'powershell' for command environment: Not usable outside of PowerShell
[0.437s] DEBUG:colcon.colcon_core.shell:Skip shell extension 'dsv' for command environment
[0.443s] DEBUG:colcon.colcon_core.event_handler.log_command:Invoked command in '/home/ubuntu/bumperbot_ws/build/bumperbot_controller' returned '0': CMAKE_PREFIX_PATH=${CMAKE_PREFIX_PATH}:/home/ubuntu/bumperbot_ws/install/bumperbot_py_examples:/opt/ros/humble /usr/bin/cmake --build /home/ubuntu/bumperbot_ws/build/bumperbot_controller -- -j4 -l4
[0.452s] DEBUG:colcon.colcon_core.event_handler.log_command:Invoking command in '/home/ubuntu/bumperbot_ws/build/bumperbot_localization': CMAKE_PREFIX_PATH=${CMAKE_PREFIX_PATH}:/home/ubuntu/bumperbot_ws/install/bumperbot_py_examples:/opt/ros/humble /usr/bin/cmake --build /home/ubuntu/bumperbot_ws/build/bumperbot_localization -- -j4 -l4
[0.457s] DEBUG:colcon.colcon_core.event_handler.log_command:Invoked command in '/home/ubuntu/bumperbot_ws/build/bumperbot_firmware' returned '0': CMAKE_PREFIX_PATH=${CMAKE_PREFIX_PATH}:/home/ubuntu/bumperbot_ws/install/bumperbot_py_examples:/opt/ros/humble /usr/bin/cmake --build /home/ubuntu/bumperbot_ws/build/bumperbot_firmware -- -j4 -l4
[0.466s] DEBUG:colcon.colcon_core.event_handler.log_command:Invoking command in '/home/ubuntu/bumperbot_ws/build/bumperbot_controller': CMAKE_PREFIX_PATH=${CMAKE_PREFIX_PATH}:/home/ubuntu/bumperbot_ws/install/bumperbot_py_examples:/opt/ros/humble /usr/bin/cmake --install /home/ubuntu/bumperbot_ws/build/bumperbot_controller
[0.501s] Level 1:colcon.colcon_core.environment:create_environment_scripts_only(bumperbot_controller)
[0.501s] Level 1:colcon.colcon_core.environment:checking '/home/ubuntu/bumperbot_ws/install/bumperbot_controller' for CMake module files
[0.502s] Level 1:colcon.colcon_core.environment:checking '/home/ubuntu/bumperbot_ws/install/bumperbot_controller' for CMake config files
[0.502s] Level 1:colcon.colcon_core.shell:create_environment_hook('bumperbot_controller', 'cmake_prefix_path')
[0.502s] INFO:colcon.colcon_core.shell:Creating environment hook '/home/ubuntu/bumperbot_ws/install/bumperbot_controller/share/bumperbot_controller/hook/cmake_prefix_path.ps1'
[0.502s] INFO:colcon.colcon_core.shell:Creating environment descriptor '/home/ubuntu/bumperbot_ws/install/bumperbot_controller/share/bumperbot_controller/hook/cmake_prefix_path.dsv'
[0.502s] INFO:colcon.colcon_core.shell:Creating environment hook '/home/ubuntu/bumperbot_ws/install/bumperbot_controller/share/bumperbot_controller/hook/cmake_prefix_path.sh'
[0.503s] Level 1:colcon.colcon_core.environment:checking '/home/ubuntu/bumperbot_ws/install/bumperbot_controller/lib'
[0.503s] Level 1:colcon.colcon_core.environment:checking '/home/ubuntu/bumperbot_ws/install/bumperbot_controller/bin'
[0.503s] Level 1:colcon.colcon_core.environment:checking '/home/ubuntu/bumperbot_ws/install/bumperbot_controller/lib/pkgconfig/bumperbot_controller.pc'
[0.503s] Level 1:colcon.colcon_core.environment:checking '/home/ubuntu/bumperbot_ws/install/bumperbot_controller/lib/python3.10/site-packages'
[0.503s] Level 1:colcon.colcon_core.environment:checking '/home/ubuntu/bumperbot_ws/install/bumperbot_controller/bin'
[0.503s] INFO:colcon.colcon_core.shell:Creating package script '/home/ubuntu/bumperbot_ws/install/bumperbot_controller/share/bumperbot_controller/package.ps1'
[0.504s] INFO:colcon.colcon_core.shell:Creating package descriptor '/home/ubuntu/bumperbot_ws/install/bumperbot_controller/share/bumperbot_controller/package.dsv'
[0.504s] INFO:colcon.colcon_core.shell:Creating package script '/home/ubuntu/bumperbot_ws/install/bumperbot_controller/share/bumperbot_controller/package.sh'
[0.504s] INFO:colcon.colcon_core.shell:Creating package script '/home/ubuntu/bumperbot_ws/install/bumperbot_controller/share/bumperbot_controller/package.bash'
[0.505s] DEBUG:colcon.colcon_core.event_handler.log_command:Invoked command in '/home/ubuntu/bumperbot_ws/build/bumperbot_controller' returned '0': CMAKE_PREFIX_PATH=${CMAKE_PREFIX_PATH}:/home/ubuntu/bumperbot_ws/install/bumperbot_py_examples:/opt/ros/humble /usr/bin/cmake --install /home/ubuntu/bumperbot_ws/build/bumperbot_controller
[0.505s] INFO:colcon.colcon_core.shell:Creating package script '/home/ubuntu/bumperbot_ws/install/bumperbot_controller/share/bumperbot_controller/package.zsh'
[0.505s] Level 1:colcon.colcon_core.environment:create_file_with_runtime_dependencies(/home/ubuntu/bumperbot_ws/install/bumperbot_controller/share/colcon-core/packages/bumperbot_controller)
[0.510s] DEBUG:colcon.colcon_core.event_handler.log_command:Invoked command in '/home/ubuntu/bumperbot_ws/build/bumperbot_msgs' returned '0': CMAKE_PREFIX_PATH=${CMAKE_PREFIX_PATH}:/home/ubuntu/bumperbot_ws/install/bumperbot_py_examples:/opt/ros/humble /usr/bin/cmake --build /home/ubuntu/bumperbot_ws/build/bumperbot_msgs -- -j4 -l4
[0.520s] DEBUG:colcon.colcon_core.event_handler.log_command:Invoking command in '/home/ubuntu/bumperbot_ws/build/bumperbot_firmware': CMAKE_PREFIX_PATH=${CMAKE_PREFIX_PATH}:/home/ubuntu/bumperbot_ws/install/bumperbot_py_examples:/opt/ros/humble /usr/bin/cmake --install /home/ubuntu/bumperbot_ws/build/bumperbot_firmware
[0.557s] Level 1:colcon.colcon_core.environment:create_environment_scripts_only(bumperbot_firmware)
[0.557s] Level 1:colcon.colcon_core.environment:checking '/home/ubuntu/bumperbot_ws/install/bumperbot_firmware' for CMake module files
[0.557s] Level 1:colcon.colcon_core.environment:checking '/home/ubuntu/bumperbot_ws/install/bumperbot_firmware' for CMake config files
[0.558s] Level 1:colcon.colcon_core.shell:create_environment_hook('bumperbot_firmware', 'cmake_prefix_path')
[0.558s] INFO:colcon.colcon_core.shell:Creating environment hook '/home/ubuntu/bumperbot_ws/install/bumperbot_firmware/share/bumperbot_firmware/hook/cmake_prefix_path.ps1'
[0.558s] INFO:colcon.colcon_core.shell:Creating environment descriptor '/home/ubuntu/bumperbot_ws/install/bumperbot_firmware/share/bumperbot_firmware/hook/cmake_prefix_path.dsv'
[0.558s] INFO:colcon.colcon_core.shell:Creating environment hook '/home/ubuntu/bumperbot_ws/install/bumperbot_firmware/share/bumperbot_firmware/hook/cmake_prefix_path.sh'
[0.558s] Level 1:colcon.colcon_core.environment:checking '/home/ubuntu/bumperbot_ws/install/bumperbot_firmware/lib'
[0.559s] Level 1:colcon.colcon_core.shell:create_environment_hook('bumperbot_firmware', 'ld_library_path_lib')
[0.559s] INFO:colcon.colcon_core.shell:Creating environment hook '/home/ubuntu/bumperbot_ws/install/bumperbot_firmware/share/bumperbot_firmware/hook/ld_library_path_lib.ps1'
[0.559s] INFO:colcon.colcon_core.shell:Creating environment descriptor '/home/ubuntu/bumperbot_ws/install/bumperbot_firmware/share/bumperbot_firmware/hook/ld_library_path_lib.dsv'
[0.559s] INFO:colcon.colcon_core.shell:Creating environment hook '/home/ubuntu/bumperbot_ws/install/bumperbot_firmware/share/bumperbot_firmware/hook/ld_library_path_lib.sh'
[0.560s] Level 1:colcon.colcon_core.environment:checking '/home/ubuntu/bumperbot_ws/install/bumperbot_firmware/bin'
[0.560s] Level 1:colcon.colcon_core.environment:checking '/home/ubuntu/bumperbot_ws/install/bumperbot_firmware/lib/pkgconfig/bumperbot_firmware.pc'
[0.560s] Level 1:colcon.colcon_core.environment:checking '/home/ubuntu/bumperbot_ws/install/bumperbot_firmware/lib/python3.10/site-packages'
[0.560s] Level 1:colcon.colcon_core.environment:checking '/home/ubuntu/bumperbot_ws/install/bumperbot_firmware/bin'
[0.560s] INFO:colcon.colcon_core.shell:Creating package script '/home/ubuntu/bumperbot_ws/install/bumperbot_firmware/share/bumperbot_firmware/package.ps1'
[0.561s] INFO:colcon.colcon_core.shell:Creating package descriptor '/home/ubuntu/bumperbot_ws/install/bumperbot_firmware/share/bumperbot_firmware/package.dsv'
[0.560s] DEBUG:colcon.colcon_core.event_handler.log_command:Invoked command in '/home/ubuntu/bumperbot_ws/build/bumperbot_firmware' returned '0': CMAKE_PREFIX_PATH=${CMAKE_PREFIX_PATH}:/home/ubuntu/bumperbot_ws/install/bumperbot_py_examples:/opt/ros/humble /usr/bin/cmake --install /home/ubuntu/bumperbot_ws/build/bumperbot_firmware
[0.561s] INFO:colcon.colcon_core.shell:Creating package script '/home/ubuntu/bumperbot_ws/install/bumperbot_firmware/share/bumperbot_firmware/package.sh'
[0.561s] INFO:colcon.colcon_core.shell:Creating package script '/home/ubuntu/bumperbot_ws/install/bumperbot_firmware/share/bumperbot_firmware/package.bash'
[0.561s] INFO:colcon.colcon_core.shell:Creating package script '/home/ubuntu/bumperbot_ws/install/bumperbot_firmware/share/bumperbot_firmware/package.zsh'
[0.562s] Level 1:colcon.colcon_core.environment:create_file_with_runtime_dependencies(/home/ubuntu/bumperbot_ws/install/bumperbot_firmware/share/colcon-core/packages/bumperbot_firmware)
[0.571s] Level 1:colcon.colcon_core.environment:create_environment_scripts_only(bumperbot_controller)
[0.571s] Level 1:colcon.colcon_core.environment:checking '/home/ubuntu/bumperbot_ws/install/bumperbot_controller' for CMake module files
[0.572s] Level 1:colcon.colcon_core.environment:checking '/home/ubuntu/bumperbot_ws/install/bumperbot_controller' for CMake config files
[0.572s] Level 1:colcon.colcon_core.shell:create_environment_hook('bumperbot_controller', 'cmake_prefix_path')
[0.572s] INFO:colcon.colcon_core.shell:Creating environment hook '/home/ubuntu/bumperbot_ws/install/bumperbot_controller/share/bumperbot_controller/hook/cmake_prefix_path.ps1'
[0.572s] INFO:colcon.colcon_core.shell:Creating environment descriptor '/home/ubuntu/bumperbot_ws/install/bumperbot_controller/share/bumperbot_controller/hook/cmake_prefix_path.dsv'
[0.572s] INFO:colcon.colcon_core.shell:Creating environment hook '/home/ubuntu/bumperbot_ws/install/bumperbot_controller/share/bumperbot_controller/hook/cmake_prefix_path.sh'
[0.573s] Level 1:colcon.colcon_core.environment:checking '/home/ubuntu/bumperbot_ws/install/bumperbot_controller/lib'
[0.573s] Level 1:colcon.colcon_core.environment:checking '/home/ubuntu/bumperbot_ws/install/bumperbot_controller/bin'
[0.573s] Level 1:colcon.colcon_core.environment:checking '/home/ubuntu/bumperbot_ws/install/bumperbot_controller/lib/pkgconfig/bumperbot_controller.pc'
[0.573s] Level 1:colcon.colcon_core.environment:checking '/home/ubuntu/bumperbot_ws/install/bumperbot_controller/lib/python3.10/site-packages'
[0.573s] Level 1:colcon.colcon_core.environment:checking '/home/ubuntu/bumperbot_ws/install/bumperbot_controller/bin'
[0.573s] INFO:colcon.colcon_core.shell:Creating package script '/home/ubuntu/bumperbot_ws/install/bumperbot_controller/share/bumperbot_controller/package.ps1'
[0.573s] INFO:colcon.colcon_core.shell:Creating package descriptor '/home/ubuntu/bumperbot_ws/install/bumperbot_controller/share/bumperbot_controller/package.dsv'
[0.573s] INFO:colcon.colcon_core.shell:Creating package script '/home/ubuntu/bumperbot_ws/install/bumperbot_controller/share/bumperbot_controller/package.sh'
[0.574s] INFO:colcon.colcon_core.shell:Creating package script '/home/ubuntu/bumperbot_ws/install/bumperbot_controller/share/bumperbot_controller/package.bash'
[0.574s] INFO:colcon.colcon_core.shell:Creating package script '/home/ubuntu/bumperbot_ws/install/bumperbot_controller/share/bumperbot_controller/package.zsh'
[0.574s] Level 1:colcon.colcon_core.environment:create_file_with_runtime_dependencies(/home/ubuntu/bumperbot_ws/install/bumperbot_controller/share/colcon-core/packages/bumperbot_controller)
[0.589s] Level 1:colcon.colcon_core.environment:create_environment_scripts_only(bumperbot_firmware)
[0.590s] Level 1:colcon.colcon_core.environment:checking '/home/ubuntu/bumperbot_ws/install/bumperbot_firmware' for CMake module files
[0.590s] Level 1:colcon.colcon_core.environment:checking '/home/ubuntu/bumperbot_ws/install/bumperbot_firmware' for CMake config files
[0.590s] Level 1:colcon.colcon_core.shell:create_environment_hook('bumperbot_firmware', 'cmake_prefix_path')
[0.590s] INFO:colcon.colcon_core.shell:Creating environment hook '/home/ubuntu/bumperbot_ws/install/bumperbot_firmware/share/bumperbot_firmware/hook/cmake_prefix_path.ps1'
[0.590s] INFO:colcon.colcon_core.shell:Creating environment descriptor '/home/ubuntu/bumperbot_ws/install/bumperbot_firmware/share/bumperbot_firmware/hook/cmake_prefix_path.dsv'
[0.590s] INFO:colcon.colcon_core.shell:Creating environment hook '/home/ubuntu/bumperbot_ws/install/bumperbot_firmware/share/bumperbot_firmware/hook/cmake_prefix_path.sh'
[0.591s] Level 1:colcon.colcon_core.environment:checking '/home/ubuntu/bumperbot_ws/install/bumperbot_firmware/lib'
[0.591s] Level 1:colcon.colcon_core.shell:create_environment_hook('bumperbot_firmware', 'ld_library_path_lib')
[0.591s] INFO:colcon.colcon_core.shell:Creating environment hook '/home/ubuntu/bumperbot_ws/install/bumperbot_firmware/share/bumperbot_firmware/hook/ld_library_path_lib.ps1'
[0.591s] INFO:colcon.colcon_core.shell:Creating environment descriptor '/home/ubuntu/bumperbot_ws/install/bumperbot_firmware/share/bumperbot_firmware/hook/ld_library_path_lib.dsv'
[0.591s] INFO:colcon.colcon_core.shell:Creating environment hook '/home/ubuntu/bumperbot_ws/install/bumperbot_firmware/share/bumperbot_firmware/hook/ld_library_path_lib.sh'
[0.591s] Level 1:colcon.colcon_core.environment:checking '/home/ubuntu/bumperbot_ws/install/bumperbot_firmware/bin'
[0.592s] Level 1:colcon.colcon_core.environment:checking '/home/ubuntu/bumperbot_ws/install/bumperbot_firmware/lib/pkgconfig/bumperbot_firmware.pc'
[0.592s] Level 1:colcon.colcon_core.environment:checking '/home/ubuntu/bumperbot_ws/install/bumperbot_firmware/lib/python3.10/site-packages'
[0.592s] Level 1:colcon.colcon_core.environment:checking '/home/ubuntu/bumperbot_ws/install/bumperbot_firmware/bin'
[0.592s] INFO:colcon.colcon_core.shell:Creating package script '/home/ubuntu/bumperbot_ws/install/bumperbot_firmware/share/bumperbot_firmware/package.ps1'
[0.592s] INFO:colcon.colcon_core.shell:Creating package descriptor '/home/ubuntu/bumperbot_ws/install/bumperbot_firmware/share/bumperbot_firmware/package.dsv'
[0.592s] INFO:colcon.colcon_core.shell:Creating package script '/home/ubuntu/bumperbot_ws/install/bumperbot_firmware/share/bumperbot_firmware/package.sh'
[0.592s] INFO:colcon.colcon_core.shell:Creating package script '/home/ubuntu/bumperbot_ws/install/bumperbot_firmware/share/bumperbot_firmware/package.bash'
[0.593s] INFO:colcon.colcon_core.shell:Creating package script '/home/ubuntu/bumperbot_ws/install/bumperbot_firmware/share/bumperbot_firmware/package.zsh'
[0.593s] Level 1:colcon.colcon_core.environment:create_file_with_runtime_dependencies(/home/ubuntu/bumperbot_ws/install/bumperbot_firmware/share/colcon-core/packages/bumperbot_firmware)
[0.593s] INFO:colcon.colcon_ros.task.ament_cmake.build:Building ROS package in '/home/ubuntu/bumperbot_ws/src/bumperbot_bringup' with build type 'ament_cmake'
[0.594s] INFO:colcon.colcon_cmake.task.cmake.build:Building CMake package in '/home/ubuntu/bumperbot_ws/src/bumperbot_bringup'
[0.594s] INFO:colcon.colcon_core.shell:Skip shell extension 'powershell' for command environment: Not usable outside of PowerShell
[0.594s] DEBUG:colcon.colcon_core.shell:Skip shell extension 'dsv' for command environment
[0.600s] DEBUG:colcon.colcon_core.event_handler.log_command:Invoking command in '/home/ubuntu/bumperbot_ws/build/bumperbot_msgs': CMAKE_PREFIX_PATH=${CMAKE_PREFIX_PATH}:/home/ubuntu/bumperbot_ws/install/bumperbot_py_examples:/opt/ros/humble /usr/bin/cmake --install /home/ubuntu/bumperbot_ws/build/bumperbot_msgs
[0.612s] DEBUG:colcon.colcon_core.event_handler.log_command:Invoking command in '/home/ubuntu/bumperbot_ws/build/bumperbot_bringup': CMAKE_PREFIX_PATH=/home/ubuntu/bumperbot_ws/install/bumperbot_firmware:/home/ubuntu/bumperbot_ws/install/bumperbot_description:/home/ubuntu/bumperbot_ws/install/bumperbot_controller:/home/ubuntu/bumperbot_ws/install/bumperbot_cpp_examples:/home/ubuntu/bumperbot_ws/install/bumperbot_bringup:/home/ubuntu/bumperbot_ws/install/bumperbot_msgs:/home/ubuntu/bumperbot_ws/install/bumperbot_localization:/home/ubuntu/bumperbot_ws/install/bumperbot_py_examples:/opt/ros/humble /usr/bin/cmake --build /home/ubuntu/bumperbot_ws/build/bumperbot_bringup -- -j4 -l4
[0.647s] DEBUG:colcon.colcon_core.event_handler.log_command:Invoked command in '/home/ubuntu/bumperbot_ws/build/bumperbot_bringup' returned '0': CMAKE_PREFIX_PATH=/home/ubuntu/bumperbot_ws/install/bumperbot_firmware:/home/ubuntu/bumperbot_ws/install/bumperbot_description:/home/ubuntu/bumperbot_ws/install/bumperbot_controller:/home/ubuntu/bumperbot_ws/install/bumperbot_cpp_examples:/home/ubuntu/bumperbot_ws/install/bumperbot_bringup:/home/ubuntu/bumperbot_ws/install/bumperbot_msgs:/home/ubuntu/bumperbot_ws/install/bumperbot_localization:/home/ubuntu/bumperbot_ws/install/bumperbot_py_examples:/opt/ros/humble /usr/bin/cmake --build /home/ubuntu/bumperbot_ws/build/bumperbot_bringup -- -j4 -l4
[0.658s] Level 1:colcon.colcon_core.environment:create_environment_scripts_only(bumperbot_msgs)
[0.658s] Level 1:colcon.colcon_core.environment:checking '/home/ubuntu/bumperbot_ws/install/bumperbot_msgs' for CMake module files
[0.658s] Level 1:colcon.colcon_core.environment:checking '/home/ubuntu/bumperbot_ws/install/bumperbot_msgs' for CMake config files
[0.659s] Level 1:colcon.colcon_core.shell:create_environment_hook('bumperbot_msgs', 'cmake_prefix_path')
[0.659s] INFO:colcon.colcon_core.shell:Creating environment hook '/home/ubuntu/bumperbot_ws/install/bumperbot_msgs/share/bumperbot_msgs/hook/cmake_prefix_path.ps1'
[0.663s] DEBUG:colcon.colcon_core.event_handler.log_command:Invoked command in '/home/ubuntu/bumperbot_ws/build/bumperbot_msgs' returned '0': CMAKE_PREFIX_PATH=${CMAKE_PREFIX_PATH}:/home/ubuntu/bumperbot_ws/install/bumperbot_py_examples:/opt/ros/humble /usr/bin/cmake --install /home/ubuntu/bumperbot_ws/build/bumperbot_msgs
[0.663s] INFO:colcon.colcon_core.shell:Creating environment descriptor '/home/ubuntu/bumperbot_ws/install/bumperbot_msgs/share/bumperbot_msgs/hook/cmake_prefix_path.dsv'
[0.664s] INFO:colcon.colcon_core.shell:Creating environment hook '/home/ubuntu/bumperbot_ws/install/bumperbot_msgs/share/bumperbot_msgs/hook/cmake_prefix_path.sh'
[0.665s] Level 1:colcon.colcon_core.environment:checking '/home/ubuntu/bumperbot_ws/install/bumperbot_msgs/lib'
[0.665s] Level 1:colcon.colcon_core.shell:create_environment_hook('bumperbot_msgs', 'ld_library_path_lib')
[0.665s] INFO:colcon.colcon_core.shell:Creating environment hook '/home/ubuntu/bumperbot_ws/install/bumperbot_msgs/share/bumperbot_msgs/hook/ld_library_path_lib.ps1'
[0.665s] INFO:colcon.colcon_core.shell:Creating environment descriptor '/home/ubuntu/bumperbot_ws/install/bumperbot_msgs/share/bumperbot_msgs/hook/ld_library_path_lib.dsv'
[0.665s] INFO:colcon.colcon_core.shell:Creating environment hook '/home/ubuntu/bumperbot_ws/install/bumperbot_msgs/share/bumperbot_msgs/hook/ld_library_path_lib.sh'
[0.666s] Level 1:colcon.colcon_core.environment:checking '/home/ubuntu/bumperbot_ws/install/bumperbot_msgs/bin'
[0.666s] Level 1:colcon.colcon_core.environment:checking '/home/ubuntu/bumperbot_ws/install/bumperbot_msgs/lib/pkgconfig/bumperbot_msgs.pc'
[0.666s] Level 1:colcon.colcon_core.environment:checking '/home/ubuntu/bumperbot_ws/install/bumperbot_msgs/lib/python3.10/site-packages'
[0.666s] Level 1:colcon.colcon_core.environment:checking '/home/ubuntu/bumperbot_ws/install/bumperbot_msgs/bin'
[0.666s] INFO:colcon.colcon_core.shell:Creating package script '/home/ubuntu/bumperbot_ws/install/bumperbot_msgs/share/bumperbot_msgs/package.ps1'
[0.666s] INFO:colcon.colcon_core.shell:Creating package descriptor '/home/ubuntu/bumperbot_ws/install/bumperbot_msgs/share/bumperbot_msgs/package.dsv'
[0.666s] INFO:colcon.colcon_core.shell:Creating package script '/home/ubuntu/bumperbot_ws/install/bumperbot_msgs/share/bumperbot_msgs/package.sh'
[0.667s] INFO:colcon.colcon_core.shell:Creating package script '/home/ubuntu/bumperbot_ws/install/bumperbot_msgs/share/bumperbot_msgs/package.bash'
[0.667s] INFO:colcon.colcon_core.shell:Creating package script '/home/ubuntu/bumperbot_ws/install/bumperbot_msgs/share/bumperbot_msgs/package.zsh'
[0.667s] Level 1:colcon.colcon_core.environment:create_file_with_runtime_dependencies(/home/ubuntu/bumperbot_ws/install/bumperbot_msgs/share/colcon-core/packages/bumperbot_msgs)
[0.676s] DEBUG:colcon.colcon_core.event_handler.log_command:Invoking command in '/home/ubuntu/bumperbot_ws/build/bumperbot_bringup': CMAKE_PREFIX_PATH=/home/ubuntu/bumperbot_ws/install/bumperbot_firmware:/home/ubuntu/bumperbot_ws/install/bumperbot_description:/home/ubuntu/bumperbot_ws/install/bumperbot_controller:/home/ubuntu/bumperbot_ws/install/bumperbot_cpp_examples:/home/ubuntu/bumperbot_ws/install/bumperbot_bringup:/home/ubuntu/bumperbot_ws/install/bumperbot_msgs:/home/ubuntu/bumperbot_ws/install/bumperbot_localization:/home/ubuntu/bumperbot_ws/install/bumperbot_py_examples:/opt/ros/humble /usr/bin/cmake --install /home/ubuntu/bumperbot_ws/build/bumperbot_bringup
[0.686s] Level 1:colcon.colcon_core.environment:create_environment_scripts_only(bumperbot_bringup)
[0.686s] Level 1:colcon.colcon_core.environment:checking '/home/ubuntu/bumperbot_ws/install/bumperbot_bringup' for CMake module files
[0.686s] Level 1:colcon.colcon_core.environment:checking '/home/ubuntu/bumperbot_ws/install/bumperbot_bringup' for CMake config files
[0.686s] Level 1:colcon.colcon_core.shell:create_environment_hook('bumperbot_bringup', 'cmake_prefix_path')
[0.686s] INFO:colcon.colcon_core.shell:Creating environment hook '/home/ubuntu/bumperbot_ws/install/bumperbot_bringup/share/bumperbot_bringup/hook/cmake_prefix_path.ps1'
[0.686s] INFO:colcon.colcon_core.shell:Creating environment descriptor '/home/ubuntu/bumperbot_ws/install/bumperbot_bringup/share/bumperbot_bringup/hook/cmake_prefix_path.dsv'
[0.687s] INFO:colcon.colcon_core.shell:Creating environment hook '/home/ubuntu/bumperbot_ws/install/bumperbot_bringup/share/bumperbot_bringup/hook/cmake_prefix_path.sh'
[0.687s] Level 1:colcon.colcon_core.environment:checking '/home/ubuntu/bumperbot_ws/install/bumperbot_bringup/bin'
[0.687s] Level 1:colcon.colcon_core.environment:checking '/home/ubuntu/bumperbot_ws/install/bumperbot_bringup/lib/pkgconfig/bumperbot_bringup.pc'
[0.687s] Level 1:colcon.colcon_core.environment:checking '/home/ubuntu/bumperbot_ws/install/bumperbot_bringup/lib/python3.10/site-packages'
[0.687s] Level 1:colcon.colcon_core.environment:checking '/home/ubuntu/bumperbot_ws/install/bumperbot_bringup/bin'
[0.688s] INFO:colcon.colcon_core.shell:Creating package script '/home/ubuntu/bumperbot_ws/install/bumperbot_bringup/share/bumperbot_bringup/package.ps1'
[0.688s] INFO:colcon.colcon_core.shell:Creating package descriptor '/home/ubuntu/bumperbot_ws/install/bumperbot_bringup/share/bumperbot_bringup/package.dsv'
[0.688s] INFO:colcon.colcon_core.shell:Creating package script '/home/ubuntu/bumperbot_ws/install/bumperbot_bringup/share/bumperbot_bringup/package.sh'
[0.688s] INFO:colcon.colcon_core.shell:Creating package script '/home/ubuntu/bumperbot_ws/install/bumperbot_bringup/share/bumperbot_bringup/package.bash'
[0.688s] INFO:colcon.colcon_core.shell:Creating package script '/home/ubuntu/bumperbot_ws/install/bumperbot_bringup/share/bumperbot_bringup/package.zsh'
[0.688s] Level 1:colcon.colcon_core.environment:create_file_with_runtime_dependencies(/home/ubuntu/bumperbot_ws/install/bumperbot_bringup/share/colcon-core/packages/bumperbot_bringup)
[0.689s] DEBUG:colcon.colcon_core.event_handler.log_command:Invoked command in '/home/ubuntu/bumperbot_ws/build/bumperbot_bringup' returned '0': CMAKE_PREFIX_PATH=/home/ubuntu/bumperbot_ws/install/bumperbot_firmware:/home/ubuntu/bumperbot_ws/install/bumperbot_description:/home/ubuntu/bumperbot_ws/install/bumperbot_controller:/home/ubuntu/bumperbot_ws/install/bumperbot_cpp_examples:/home/ubuntu/bumperbot_ws/install/bumperbot_bringup:/home/ubuntu/bumperbot_ws/install/bumperbot_msgs:/home/ubuntu/bumperbot_ws/install/bumperbot_localization:/home/ubuntu/bumperbot_ws/install/bumperbot_py_examples:/opt/ros/humble /usr/bin/cmake --install /home/ubuntu/bumperbot_ws/build/bumperbot_bringup
[0.707s] DEBUG:colcon.colcon_core.event_handler.log_command:Invoked command in '/home/ubuntu/bumperbot_ws/build/bumperbot_localization' returned '0': CMAKE_PREFIX_PATH=${CMAKE_PREFIX_PATH}:/home/ubuntu/bumperbot_ws/install/bumperbot_py_examples:/opt/ros/humble /usr/bin/cmake --build /home/ubuntu/bumperbot_ws/build/bumperbot_localization -- -j4 -l4
[0.713s] Level 1:colcon.colcon_core.environment:create_environment_scripts_only(bumperbot_bringup)
[0.713s] Level 1:colcon.colcon_core.environment:checking '/home/ubuntu/bumperbot_ws/install/bumperbot_bringup' for CMake module files
[0.713s] Level 1:colcon.colcon_core.environment:checking '/home/ubuntu/bumperbot_ws/install/bumperbot_bringup' for CMake config files
[0.714s] Level 1:colcon.colcon_core.shell:create_environment_hook('bumperbot_bringup', 'cmake_prefix_path')
[0.714s] INFO:colcon.colcon_core.shell:Creating environment hook '/home/ubuntu/bumperbot_ws/install/bumperbot_bringup/share/bumperbot_bringup/hook/cmake_prefix_path.ps1'
[0.714s] INFO:colcon.colcon_core.shell:Creating environment descriptor '/home/ubuntu/bumperbot_ws/install/bumperbot_bringup/share/bumperbot_bringup/hook/cmake_prefix_path.dsv'
[0.714s] INFO:colcon.colcon_core.shell:Creating environment hook '/home/ubuntu/bumperbot_ws/install/bumperbot_bringup/share/bumperbot_bringup/hook/cmake_prefix_path.sh'
[0.714s] Level 1:colcon.colcon_core.environment:checking '/home/ubuntu/bumperbot_ws/install/bumperbot_bringup/bin'
[0.714s] Level 1:colcon.colcon_core.environment:checking '/home/ubuntu/bumperbot_ws/install/bumperbot_bringup/lib/pkgconfig/bumperbot_bringup.pc'
[0.715s] Level 1:colcon.colcon_core.environment:checking '/home/ubuntu/bumperbot_ws/install/bumperbot_bringup/lib/python3.10/site-packages'
[0.715s] Level 1:colcon.colcon_core.environment:checking '/home/ubuntu/bumperbot_ws/install/bumperbot_bringup/bin'
[0.715s] INFO:colcon.colcon_core.shell:Creating package script '/home/ubuntu/bumperbot_ws/install/bumperbot_bringup/share/bumperbot_bringup/package.ps1'
[0.715s] INFO:colcon.colcon_core.shell:Creating package descriptor '/home/ubuntu/bumperbot_ws/install/bumperbot_bringup/share/bumperbot_bringup/package.dsv'
[0.715s] INFO:colcon.colcon_core.shell:Creating package script '/home/ubuntu/bumperbot_ws/install/bumperbot_bringup/share/bumperbot_bringup/package.sh'
[0.716s] INFO:colcon.colcon_core.shell:Creating package script '/home/ubuntu/bumperbot_ws/install/bumperbot_bringup/share/bumperbot_bringup/package.bash'
[0.716s] INFO:colcon.colcon_core.shell:Creating package script '/home/ubuntu/bumperbot_ws/install/bumperbot_bringup/share/bumperbot_bringup/package.zsh'
[0.716s] Level 1:colcon.colcon_core.environment:create_file_with_runtime_dependencies(/home/ubuntu/bumperbot_ws/install/bumperbot_bringup/share/colcon-core/packages/bumperbot_bringup)
[0.723s] Level 1:colcon.colcon_core.environment:create_environment_scripts_only(bumperbot_msgs)
[0.723s] Level 1:colcon.colcon_core.environment:checking '/home/ubuntu/bumperbot_ws/install/bumperbot_msgs' for CMake module files
[0.723s] Level 1:colcon.colcon_core.environment:checking '/home/ubuntu/bumperbot_ws/install/bumperbot_msgs' for CMake config files
[0.724s] Level 1:colcon.colcon_core.shell:create_environment_hook('bumperbot_msgs', 'cmake_prefix_path')
[0.724s] INFO:colcon.colcon_core.shell:Creating environment hook '/home/ubuntu/bumperbot_ws/install/bumperbot_msgs/share/bumperbot_msgs/hook/cmake_prefix_path.ps1'
[0.724s] INFO:colcon.colcon_core.shell:Creating environment descriptor '/home/ubuntu/bumperbot_ws/install/bumperbot_msgs/share/bumperbot_msgs/hook/cmake_prefix_path.dsv'
[0.724s] INFO:colcon.colcon_core.shell:Creating environment hook '/home/ubuntu/bumperbot_ws/install/bumperbot_msgs/share/bumperbot_msgs/hook/cmake_prefix_path.sh'
[0.725s] Level 1:colcon.colcon_core.environment:checking '/home/ubuntu/bumperbot_ws/install/bumperbot_msgs/lib'
[0.725s] Level 1:colcon.colcon_core.shell:create_environment_hook('bumperbot_msgs', 'ld_library_path_lib')
[0.725s] INFO:colcon.colcon_core.shell:Creating environment hook '/home/ubuntu/bumperbot_ws/install/bumperbot_msgs/share/bumperbot_msgs/hook/ld_library_path_lib.ps1'
[0.725s] INFO:colcon.colcon_core.shell:Creating environment descriptor '/home/ubuntu/bumperbot_ws/install/bumperbot_msgs/share/bumperbot_msgs/hook/ld_library_path_lib.dsv'
[0.725s] INFO:colcon.colcon_core.shell:Creating environment hook '/home/ubuntu/bumperbot_ws/install/bumperbot_msgs/share/bumperbot_msgs/hook/ld_library_path_lib.sh'
[0.725s] Level 1:colcon.colcon_core.environment:checking '/home/ubuntu/bumperbot_ws/install/bumperbot_msgs/bin'
[0.725s] Level 1:colcon.colcon_core.environment:checking '/home/ubuntu/bumperbot_ws/install/bumperbot_msgs/lib/pkgconfig/bumperbot_msgs.pc'
[0.725s] Level 1:colcon.colcon_core.environment:checking '/home/ubuntu/bumperbot_ws/install/bumperbot_msgs/lib/python3.10/site-packages'
[0.726s] Level 1:colcon.colcon_core.environment:checking '/home/ubuntu/bumperbot_ws/install/bumperbot_msgs/bin'
[0.726s] INFO:colcon.colcon_core.shell:Creating package script '/home/ubuntu/bumperbot_ws/install/bumperbot_msgs/share/bumperbot_msgs/package.ps1'
[0.726s] INFO:colcon.colcon_core.shell:Creating package descriptor '/home/ubuntu/bumperbot_ws/install/bumperbot_msgs/share/bumperbot_msgs/package.dsv'
[0.726s] INFO:colcon.colcon_core.shell:Creating package script '/home/ubuntu/bumperbot_ws/install/bumperbot_msgs/share/bumperbot_msgs/package.sh'
[0.726s] INFO:colcon.colcon_core.shell:Creating package script '/home/ubuntu/bumperbot_ws/install/bumperbot_msgs/share/bumperbot_msgs/package.bash'
[0.726s] INFO:colcon.colcon_core.shell:Creating package script '/home/ubuntu/bumperbot_ws/install/bumperbot_msgs/share/bumperbot_msgs/package.zsh'
[0.727s] Level 1:colcon.colcon_core.environment:create_file_with_runtime_dependencies(/home/ubuntu/bumperbot_ws/install/bumperbot_msgs/share/colcon-core/packages/bumperbot_msgs)
[0.728s] DEBUG:colcon.colcon_core.event_handler.log_command:Invoking command in '/home/ubuntu/bumperbot_ws/build/bumperbot_localization': CMAKE_PREFIX_PATH=${CMAKE_PREFIX_PATH}:/home/ubuntu/bumperbot_ws/install/bumperbot_py_examples:/opt/ros/humble /usr/bin/cmake --install /home/ubuntu/bumperbot_ws/build/bumperbot_localization
[0.728s] INFO:colcon.colcon_ros.task.ament_cmake.build:Building ROS package in '/home/ubuntu/bumperbot_ws/src/bumperbot_cpp_examples' with build type 'ament_cmake'
[0.728s] INFO:colcon.colcon_cmake.task.cmake.build:Building CMake package in '/home/ubuntu/bumperbot_ws/src/bumperbot_cpp_examples'
[0.728s] INFO:colcon.colcon_core.shell:Skip shell extension 'powershell' for command environment: Not usable outside of PowerShell
[0.728s] DEBUG:colcon.colcon_core.shell:Skip shell extension 'dsv' for command environment
[0.735s] INFO:colcon.colcon_ros.task.ament_python.build:Building ROS package in '/home/ubuntu/bumperbot_ws/src/bumperbot_py_examples' with build type 'ament_python'
[0.735s] Level 1:colcon.colcon_core.shell:create_environment_hook('bumperbot_py_examples', 'ament_prefix_path')
[0.735s] INFO:colcon.colcon_core.shell:Creating environment hook '/home/ubuntu/bumperbot_ws/install/bumperbot_py_examples/share/bumperbot_py_examples/hook/ament_prefix_path.ps1'
[0.736s] INFO:colcon.colcon_core.shell:Creating environment descriptor '/home/ubuntu/bumperbot_ws/install/bumperbot_py_examples/share/bumperbot_py_examples/hook/ament_prefix_path.dsv'
[0.736s] INFO:colcon.colcon_core.shell:Creating environment hook '/home/ubuntu/bumperbot_ws/install/bumperbot_py_examples/share/bumperbot_py_examples/hook/ament_prefix_path.sh'
[0.736s] INFO:colcon.colcon_core.shell:Skip shell extension 'powershell' for command environment: Not usable outside of PowerShell
[0.736s] DEBUG:colcon.colcon_core.shell:Skip shell extension 'dsv' for command environment
[0.742s] DEBUG:colcon.colcon_core.event_handler.log_command:Invoking command in '/home/ubuntu/bumperbot_ws/build/bumperbot_cpp_examples': CMAKE_PREFIX_PATH=/home/ubuntu/bumperbot_ws/install/bumperbot_msgs:/home/ubuntu/bumperbot_ws/install/bumperbot_cpp_examples:/home/ubuntu/bumperbot_ws/install/bumperbot_bringup:/home/ubuntu/bumperbot_ws/install/bumperbot_firmware:/home/ubuntu/bumperbot_ws/install/bumperbot_localization:/home/ubuntu/bumperbot_ws/install/bumperbot_description:/home/ubuntu/bumperbot_ws/install/bumperbot_controller:/home/ubuntu/bumperbot_ws/install/bumperbot_py_examples:/opt/ros/humble LD_LIBRARY_PATH=/home/ubuntu/bumperbot_ws/install/bumperbot_msgs/lib:/home/ubuntu/bumperbot_ws/install/bumperbot_firmware/lib:/opt/ros/humble/opt/rviz_ogre_vendor/lib:/opt/ros/humble/lib/aarch64-linux-gnu:/opt/ros/humble/lib /usr/bin/cmake --build /home/ubuntu/bumperbot_ws/build/bumperbot_cpp_examples -- -j4 -l4
[0.887s] INFO:colcon.colcon_core.task.python.build:Building Python package in '/home/ubuntu/bumperbot_ws/src/bumperbot_py_examples'
[0.887s] INFO:colcon.colcon_core.shell:Skip shell extension 'powershell' for command environment: Not usable outside of PowerShell
[0.887s] DEBUG:colcon.colcon_core.shell:Skip shell extension 'dsv' for command environment
[0.893s] Level 1:colcon.colcon_core.environment:create_environment_scripts_only(bumperbot_localization)
[0.893s] Level 1:colcon.colcon_core.environment:checking '/home/ubuntu/bumperbot_ws/install/bumperbot_localization' for CMake module files
[0.894s] DEBUG:colcon.colcon_core.event_handler.log_command:Invoked command in '/home/ubuntu/bumperbot_ws/build/bumperbot_localization' returned '0': CMAKE_PREFIX_PATH=${CMAKE_PREFIX_PATH}:/home/ubuntu/bumperbot_ws/install/bumperbot_py_examples:/opt/ros/humble /usr/bin/cmake --install /home/ubuntu/bumperbot_ws/build/bumperbot_localization
[0.894s] Level 1:colcon.colcon_core.environment:checking '/home/ubuntu/bumperbot_ws/install/bumperbot_localization' for CMake config files
[0.894s] Level 1:colcon.colcon_core.shell:create_environment_hook('bumperbot_localization', 'cmake_prefix_path')
[0.894s] INFO:colcon.colcon_core.shell:Creating environment hook '/home/ubuntu/bumperbot_ws/install/bumperbot_localization/share/bumperbot_localization/hook/cmake_prefix_path.ps1'
[0.895s] INFO:colcon.colcon_core.shell:Creating environment descriptor '/home/ubuntu/bumperbot_ws/install/bumperbot_localization/share/bumperbot_localization/hook/cmake_prefix_path.dsv'
[0.895s] INFO:colcon.colcon_core.shell:Creating environment hook '/home/ubuntu/bumperbot_ws/install/bumperbot_localization/share/bumperbot_localization/hook/cmake_prefix_path.sh'
[0.895s] Level 1:colcon.colcon_core.environment:checking '/home/ubuntu/bumperbot_ws/install/bumperbot_localization/lib'
[0.896s] Level 1:colcon.colcon_core.environment:checking '/home/ubuntu/bumperbot_ws/install/bumperbot_localization/bin'
[0.896s] Level 1:colcon.colcon_core.environment:checking '/home/ubuntu/bumperbot_ws/install/bumperbot_localization/lib/pkgconfig/bumperbot_localization.pc'
[0.896s] Level 1:colcon.colcon_core.environment:checking '/home/ubuntu/bumperbot_ws/install/bumperbot_localization/lib/python3.10/site-packages'
[0.896s] Level 1:colcon.colcon_core.environment:checking '/home/ubuntu/bumperbot_ws/install/bumperbot_localization/bin'
[0.896s] INFO:colcon.colcon_core.shell:Creating package script '/home/ubuntu/bumperbot_ws/install/bumperbot_localization/share/bumperbot_localization/package.ps1'
[0.896s] INFO:colcon.colcon_core.shell:Creating package descriptor '/home/ubuntu/bumperbot_ws/install/bumperbot_localization/share/bumperbot_localization/package.dsv'
[0.896s] INFO:colcon.colcon_core.shell:Creating package script '/home/ubuntu/bumperbot_ws/install/bumperbot_localization/share/bumperbot_localization/package.sh'
[0.897s] INFO:colcon.colcon_core.shell:Creating package script '/home/ubuntu/bumperbot_ws/install/bumperbot_localization/share/bumperbot_localization/package.bash'
[0.897s] INFO:colcon.colcon_core.shell:Creating package script '/home/ubuntu/bumperbot_ws/install/bumperbot_localization/share/bumperbot_localization/package.zsh'
[0.897s] Level 1:colcon.colcon_core.environment:create_file_with_runtime_dependencies(/home/ubuntu/bumperbot_ws/install/bumperbot_localization/share/colcon-core/packages/bumperbot_localization)
[0.919s] DEBUG:colcon.colcon_core.event_handler.log_command:Invoked command in '/home/ubuntu/bumperbot_ws/build/bumperbot_cpp_examples' returned '0': CMAKE_PREFIX_PATH=/home/ubuntu/bumperbot_ws/install/bumperbot_msgs:/home/ubuntu/bumperbot_ws/install/bumperbot_cpp_examples:/home/ubuntu/bumperbot_ws/install/bumperbot_bringup:/home/ubuntu/bumperbot_ws/install/bumperbot_firmware:/home/ubuntu/bumperbot_ws/install/bumperbot_localization:/home/ubuntu/bumperbot_ws/install/bumperbot_description:/home/ubuntu/bumperbot_ws/install/bumperbot_controller:/home/ubuntu/bumperbot_ws/install/bumperbot_py_examples:/opt/ros/humble LD_LIBRARY_PATH=/home/ubuntu/bumperbot_ws/install/bumperbot_msgs/lib:/home/ubuntu/bumperbot_ws/install/bumperbot_firmware/lib:/opt/ros/humble/opt/rviz_ogre_vendor/lib:/opt/ros/humble/lib/aarch64-linux-gnu:/opt/ros/humble/lib /usr/bin/cmake --build /home/ubuntu/bumperbot_ws/build/bumperbot_cpp_examples -- -j4 -l4
[0.973s] DEBUG:colcon.colcon_core.event_handler.log_command:Invoking command in '/home/ubuntu/bumperbot_ws/build/bumperbot_cpp_examples': CMAKE_PREFIX_PATH=/home/ubuntu/bumperbot_ws/install/bumperbot_msgs:/home/ubuntu/bumperbot_ws/install/bumperbot_cpp_examples:/home/ubuntu/bumperbot_ws/install/bumperbot_bringup:/home/ubuntu/bumperbot_ws/install/bumperbot_firmware:/home/ubuntu/bumperbot_ws/install/bumperbot_localization:/home/ubuntu/bumperbot_ws/install/bumperbot_description:/home/ubuntu/bumperbot_ws/install/bumperbot_controller:/home/ubuntu/bumperbot_ws/install/bumperbot_py_examples:/opt/ros/humble LD_LIBRARY_PATH=/home/ubuntu/bumperbot_ws/install/bumperbot_msgs/lib:/home/ubuntu/bumperbot_ws/install/bumperbot_firmware/lib:/opt/ros/humble/opt/rviz_ogre_vendor/lib:/opt/ros/humble/lib/aarch64-linux-gnu:/opt/ros/humble/lib /usr/bin/cmake --install /home/ubuntu/bumperbot_ws/build/bumperbot_cpp_examples
[0.979s] Level 1:colcon.colcon_core.environment:create_environment_scripts_only(bumperbot_localization)
[0.979s] Level 1:colcon.colcon_core.environment:checking '/home/ubuntu/bumperbot_ws/install/bumperbot_localization' for CMake module files
[0.979s] Level 1:colcon.colcon_core.environment:checking '/home/ubuntu/bumperbot_ws/install/bumperbot_localization' for CMake config files
[0.979s] Level 1:colcon.colcon_core.shell:create_environment_hook('bumperbot_localization', 'cmake_prefix_path')
[0.979s] INFO:colcon.colcon_core.shell:Creating environment hook '/home/ubuntu/bumperbot_ws/install/bumperbot_localization/share/bumperbot_localization/hook/cmake_prefix_path.ps1'
[0.980s] INFO:colcon.colcon_core.shell:Creating environment descriptor '/home/ubuntu/bumperbot_ws/install/bumperbot_localization/share/bumperbot_localization/hook/cmake_prefix_path.dsv'
[0.980s] INFO:colcon.colcon_core.shell:Creating environment hook '/home/ubuntu/bumperbot_ws/install/bumperbot_localization/share/bumperbot_localization/hook/cmake_prefix_path.sh'
[0.980s] Level 1:colcon.colcon_core.environment:checking '/home/ubuntu/bumperbot_ws/install/bumperbot_localization/lib'
[0.980s] Level 1:colcon.colcon_core.environment:checking '/home/ubuntu/bumperbot_ws/install/bumperbot_localization/bin'
[0.980s] Level 1:colcon.colcon_core.environment:checking '/home/ubuntu/bumperbot_ws/install/bumperbot_localization/lib/pkgconfig/bumperbot_localization.pc'
[0.981s] Level 1:colcon.colcon_core.environment:checking '/home/ubuntu/bumperbot_ws/install/bumperbot_localization/lib/python3.10/site-packages'
[0.981s] Level 1:colcon.colcon_core.environment:checking '/home/ubuntu/bumperbot_ws/install/bumperbot_localization/bin'
[0.981s] INFO:colcon.colcon_core.shell:Creating package script '/home/ubuntu/bumperbot_ws/install/bumperbot_localization/share/bumperbot_localization/package.ps1'
[0.981s] INFO:colcon.colcon_core.shell:Creating package descriptor '/home/ubuntu/bumperbot_ws/install/bumperbot_localization/share/bumperbot_localization/package.dsv'
[0.981s] INFO:colcon.colcon_core.shell:Creating package script '/home/ubuntu/bumperbot_ws/install/bumperbot_localization/share/bumperbot_localization/package.sh'
[0.981s] INFO:colcon.colcon_core.shell:Creating package script '/home/ubuntu/bumperbot_ws/install/bumperbot_localization/share/bumperbot_localization/package.bash'
[0.982s] INFO:colcon.colcon_core.shell:Creating package script '/home/ubuntu/bumperbot_ws/install/bumperbot_localization/share/bumperbot_localization/package.zsh'
[0.982s] Level 1:colcon.colcon_core.environment:create_file_with_runtime_dependencies(/home/ubuntu/bumperbot_ws/install/bumperbot_localization/share/colcon-core/packages/bumperbot_localization)
[0.988s] Level 1:colcon.colcon_core.environment:create_environment_scripts_only(bumperbot_cpp_examples)
[0.988s] Level 1:colcon.colcon_core.environment:checking '/home/ubuntu/bumperbot_ws/install/bumperbot_cpp_examples' for CMake module files
[0.988s] Level 1:colcon.colcon_core.environment:checking '/home/ubuntu/bumperbot_ws/install/bumperbot_cpp_examples' for CMake config files
[0.988s] Level 1:colcon.colcon_core.shell:create_environment_hook('bumperbot_cpp_examples', 'cmake_prefix_path')
[0.988s] INFO:colcon.colcon_core.shell:Creating environment hook '/home/ubuntu/bumperbot_ws/install/bumperbot_cpp_examples/share/bumperbot_cpp_examples/hook/cmake_prefix_path.ps1'
[0.989s] INFO:colcon.colcon_core.shell:Creating environment descriptor '/home/ubuntu/bumperbot_ws/install/bumperbot_cpp_examples/share/bumperbot_cpp_examples/hook/cmake_prefix_path.dsv'
[0.989s] INFO:colcon.colcon_core.shell:Creating environment hook '/home/ubuntu/bumperbot_ws/install/bumperbot_cpp_examples/share/bumperbot_cpp_examples/hook/cmake_prefix_path.sh'
[0.989s] Level 1:colcon.colcon_core.environment:checking '/home/ubuntu/bumperbot_ws/install/bumperbot_cpp_examples/lib'
[0.989s] Level 1:colcon.colcon_core.environment:checking '/home/ubuntu/bumperbot_ws/install/bumperbot_cpp_examples/bin'
[0.989s] Level 1:colcon.colcon_core.environment:checking '/home/ubuntu/bumperbot_ws/install/bumperbot_cpp_examples/lib/pkgconfig/bumperbot_cpp_examples.pc'
[0.989s] Level 1:colcon.colcon_core.environment:checking '/home/ubuntu/bumperbot_ws/install/bumperbot_cpp_examples/lib/python3.10/site-packages'
[0.989s] Level 1:colcon.colcon_core.environment:checking '/home/ubuntu/bumperbot_ws/install/bumperbot_cpp_examples/bin'
[0.990s] INFO:colcon.colcon_core.shell:Creating package script '/home/ubuntu/bumperbot_ws/install/bumperbot_cpp_examples/share/bumperbot_cpp_examples/package.ps1'
[0.990s] INFO:colcon.colcon_core.shell:Creating package descriptor '/home/ubuntu/bumperbot_ws/install/bumperbot_cpp_examples/share/bumperbot_cpp_examples/package.dsv'
[0.990s] INFO:colcon.colcon_core.shell:Creating package script '/home/ubuntu/bumperbot_ws/install/bumperbot_cpp_examples/share/bumperbot_cpp_examples/package.sh'
[0.990s] INFO:colcon.colcon_core.shell:Creating package script '/home/ubuntu/bumperbot_ws/install/bumperbot_cpp_examples/share/bumperbot_cpp_examples/package.bash'
[0.990s] INFO:colcon.colcon_core.shell:Creating package script '/home/ubuntu/bumperbot_ws/install/bumperbot_cpp_examples/share/bumperbot_cpp_examples/package.zsh'
[0.991s] Level 1:colcon.colcon_core.environment:create_file_with_runtime_dependencies(/home/ubuntu/bumperbot_ws/install/bumperbot_cpp_examples/share/colcon-core/packages/bumperbot_cpp_examples)
[0.991s] DEBUG:colcon.colcon_core.event_handler.log_command:Invoked command in '/home/ubuntu/bumperbot_ws/build/bumperbot_cpp_examples' returned '0': CMAKE_PREFIX_PATH=/home/ubuntu/bumperbot_ws/install/bumperbot_msgs:/home/ubuntu/bumperbot_ws/install/bumperbot_cpp_examples:/home/ubuntu/bumperbot_ws/install/bumperbot_bringup:/home/ubuntu/bumperbot_ws/install/bumperbot_firmware:/home/ubuntu/bumperbot_ws/install/bumperbot_localization:/home/ubuntu/bumperbot_ws/install/bumperbot_description:/home/ubuntu/bumperbot_ws/install/bumperbot_controller:/home/ubuntu/bumperbot_ws/install/bumperbot_py_examples:/opt/ros/humble LD_LIBRARY_PATH=/home/ubuntu/bumperbot_ws/install/bumperbot_msgs/lib:/home/ubuntu/bumperbot_ws/install/bumperbot_firmware/lib:/opt/ros/humble/opt/rviz_ogre_vendor/lib:/opt/ros/humble/lib/aarch64-linux-gnu:/opt/ros/humble/lib /usr/bin/cmake --install /home/ubuntu/bumperbot_ws/build/bumperbot_cpp_examples
[1.097s] Level 1:colcon.colcon_core.environment:create_environment_scripts_only(bumperbot_cpp_examples)
[1.097s] Level 1:colcon.colcon_core.environment:checking '/home/ubuntu/bumperbot_ws/install/bumperbot_cpp_examples' for CMake module files
[1.098s] Level 1:colcon.colcon_core.environment:checking '/home/ubuntu/bumperbot_ws/install/bumperbot_cpp_examples' for CMake config files
[1.098s] Level 1:colcon.colcon_core.shell:create_environment_hook('bumperbot_cpp_examples', 'cmake_prefix_path')
[1.098s] INFO:colcon.colcon_core.shell:Creating environment hook '/home/ubuntu/bumperbot_ws/install/bumperbot_cpp_examples/share/bumperbot_cpp_examples/hook/cmake_prefix_path.ps1'
[1.098s] INFO:colcon.colcon_core.shell:Creating environment descriptor '/home/ubuntu/bumperbot_ws/install/bumperbot_cpp_examples/share/bumperbot_cpp_examples/hook/cmake_prefix_path.dsv'
[1.098s] INFO:colcon.colcon_core.shell:Creating environment hook '/home/ubuntu/bumperbot_ws/install/bumperbot_cpp_examples/share/bumperbot_cpp_examples/hook/cmake_prefix_path.sh'
[1.098s] Level 1:colcon.colcon_core.environment:checking '/home/ubuntu/bumperbot_ws/install/bumperbot_cpp_examples/lib'
[1.098s] Level 1:colcon.colcon_core.environment:checking '/home/ubuntu/bumperbot_ws/install/bumperbot_cpp_examples/bin'
[1.098s] Level 1:colcon.colcon_core.environment:checking '/home/ubuntu/bumperbot_ws/install/bumperbot_cpp_examples/lib/pkgconfig/bumperbot_cpp_examples.pc'
[1.099s] Level 1:colcon.colcon_core.environment:checking '/home/ubuntu/bumperbot_ws/install/bumperbot_cpp_examples/lib/python3.10/site-packages'
[1.099s] Level 1:colcon.colcon_core.environment:checking '/home/ubuntu/bumperbot_ws/install/bumperbot_cpp_examples/bin'
[1.099s] INFO:colcon.colcon_core.shell:Creating package script '/home/ubuntu/bumperbot_ws/install/bumperbot_cpp_examples/share/bumperbot_cpp_examples/package.ps1'
[1.099s] INFO:colcon.colcon_core.shell:Creating package descriptor '/home/ubuntu/bumperbot_ws/install/bumperbot_cpp_examples/share/bumperbot_cpp_examples/package.dsv'
[1.099s] INFO:colcon.colcon_core.shell:Creating package script '/home/ubuntu/bumperbot_ws/install/bumperbot_cpp_examples/share/bumperbot_cpp_examples/package.sh'
[1.100s] INFO:colcon.colcon_core.shell:Creating package script '/home/ubuntu/bumperbot_ws/install/bumperbot_cpp_examples/share/bumperbot_cpp_examples/package.bash'
[1.100s] INFO:colcon.colcon_core.shell:Creating package script '/home/ubuntu/bumperbot_ws/install/bumperbot_cpp_examples/share/bumperbot_cpp_examples/package.zsh'
[1.100s] Level 1:colcon.colcon_core.environment:create_file_with_runtime_dependencies(/home/ubuntu/bumperbot_ws/install/bumperbot_cpp_examples/share/colcon-core/packages/bumperbot_cpp_examples)
[1.112s] DEBUG:colcon.colcon_core.event_handler.log_command:Invoking command in '/home/ubuntu/bumperbot_ws/src/bumperbot_py_examples': CMAKE_PREFIX_PATH=/home/ubuntu/bumperbot_ws/install/bumperbot_msgs:/home/ubuntu/bumperbot_ws/install/bumperbot_cpp_examples:/home/ubuntu/bumperbot_ws/install/bumperbot_bringup:/home/ubuntu/bumperbot_ws/install/bumperbot_firmware:/home/ubuntu/bumperbot_ws/install/bumperbot_localization:/home/ubuntu/bumperbot_ws/install/bumperbot_description:/home/ubuntu/bumperbot_ws/install/bumperbot_controller LD_LIBRARY_PATH=/home/ubuntu/bumperbot_ws/install/bumperbot_msgs/lib:/home/ubuntu/bumperbot_ws/install/bumperbot_firmware/lib:/opt/ros/humble/opt/rviz_ogre_vendor/lib:/opt/ros/humble/lib/aarch64-linux-gnu:/opt/ros/humble/lib PYTHONPATH=/home/ubuntu/bumperbot_ws/build/bumperbot_py_examples/prefix_override:/usr/lib/python3/dist-packages/colcon_core/task/python/colcon_distutils_commands:/home/ubuntu/bumperbot_ws/install/bumperbot_py_examples/lib/python3.10/site-packages:${PYTHONPATH} /usr/bin/python3 -W ignore:setup.py install is deprecated setup.py egg_info --egg-base ../../build/bumperbot_py_examples build --build-base /home/ubuntu/bumperbot_ws/build/bumperbot_py_examples/build install --record /home/ubuntu/bumperbot_ws/build/bumperbot_py_examples/install.log --single-version-externally-managed install_data
[1.263s] Level 1:colcon.colcon_core.environment:checking '/home/ubuntu/bumperbot_ws/install/bumperbot_py_examples' for CMake module files
[1.264s] Level 1:colcon.colcon_core.environment:checking '/home/ubuntu/bumperbot_ws/install/bumperbot_py_examples' for CMake config files
[1.264s] Level 1:colcon.colcon_core.environment:checking '/home/ubuntu/bumperbot_ws/install/bumperbot_py_examples/lib'
[1.264s] Level 1:colcon.colcon_core.environment:checking '/home/ubuntu/bumperbot_ws/install/bumperbot_py_examples/bin'
[1.264s] Level 1:colcon.colcon_core.environment:checking '/home/ubuntu/bumperbot_ws/install/bumperbot_py_examples/lib/pkgconfig/bumperbot_py_examples.pc'
[1.264s] Level 1:colcon.colcon_core.environment:checking '/home/ubuntu/bumperbot_ws/install/bumperbot_py_examples/lib/python3.10/site-packages'
[1.264s] Level 1:colcon.colcon_core.shell:create_environment_hook('bumperbot_py_examples', 'pythonpath')
[1.264s] INFO:colcon.colcon_core.shell:Creating environment hook '/home/ubuntu/bumperbot_ws/install/bumperbot_py_examples/share/bumperbot_py_examples/hook/pythonpath.ps1'
[1.264s] INFO:colcon.colcon_core.shell:Creating environment descriptor '/home/ubuntu/bumperbot_ws/install/bumperbot_py_examples/share/bumperbot_py_examples/hook/pythonpath.dsv'
[1.265s] INFO:colcon.colcon_core.shell:Creating environment hook '/home/ubuntu/bumperbot_ws/install/bumperbot_py_examples/share/bumperbot_py_examples/hook/pythonpath.sh'
[1.265s] Level 1:colcon.colcon_core.environment:checking '/home/ubuntu/bumperbot_ws/install/bumperbot_py_examples/bin'
[1.265s] Level 1:colcon.colcon_core.environment:create_environment_scripts_only(bumperbot_py_examples)
[1.265s] INFO:colcon.colcon_core.shell:Creating package script '/home/ubuntu/bumperbot_ws/install/bumperbot_py_examples/share/bumperbot_py_examples/package.ps1'
[1.265s] INFO:colcon.colcon_core.shell:Creating package descriptor '/home/ubuntu/bumperbot_ws/install/bumperbot_py_examples/share/bumperbot_py_examples/package.dsv'
[1.266s] INFO:colcon.colcon_core.shell:Creating package script '/home/ubuntu/bumperbot_ws/install/bumperbot_py_examples/share/bumperbot_py_examples/package.sh'
[1.266s] INFO:colcon.colcon_core.shell:Creating package script '/home/ubuntu/bumperbot_ws/install/bumperbot_py_examples/share/bumperbot_py_examples/package.bash'
[1.266s] INFO:colcon.colcon_core.shell:Creating package script '/home/ubuntu/bumperbot_ws/install/bumperbot_py_examples/share/bumperbot_py_examples/package.zsh'
[1.266s] Level 1:colcon.colcon_core.environment:create_file_with_runtime_dependencies(/home/ubuntu/bumperbot_ws/install/bumperbot_py_examples/share/colcon-core/packages/bumperbot_py_examples)
[1.267s] DEBUG:colcon.colcon_parallel_executor.executor.parallel:closing loop
[1.263s] DEBUG:colcon.colcon_core.event_handler.log_command:Invoked command in '/home/ubuntu/bumperbot_ws/src/bumperbot_py_examples' returned '0': CMAKE_PREFIX_PATH=/home/ubuntu/bumperbot_ws/install/bumperbot_msgs:/home/ubuntu/bumperbot_ws/install/bumperbot_cpp_examples:/home/ubuntu/bumperbot_ws/install/bumperbot_bringup:/home/ubuntu/bumperbot_ws/install/bumperbot_firmware:/home/ubuntu/bumperbot_ws/install/bumperbot_localization:/home/ubuntu/bumperbot_ws/install/bumperbot_description:/home/ubuntu/bumperbot_ws/install/bumperbot_controller LD_LIBRARY_PATH=/home/ubuntu/bumperbot_ws/install/bumperbot_msgs/lib:/home/ubuntu/bumperbot_ws/install/bumperbot_firmware/lib:/opt/ros/humble/opt/rviz_ogre_vendor/lib:/opt/ros/humble/lib/aarch64-linux-gnu:/opt/ros/humble/lib PYTHONPATH=/home/ubuntu/bumperbot_ws/build/bumperbot_py_examples/prefix_override:/usr/lib/python3/dist-packages/colcon_core/task/python/colcon_distutils_commands:/home/ubuntu/bumperbot_ws/install/bumperbot_py_examples/lib/python3.10/site-packages:${PYTHONPATH} /usr/bin/python3 -W ignore:setup.py install is deprecated setup.py egg_info --egg-base ../../build/bumperbot_py_examples build --build-base /home/ubuntu/bumperbot_ws/build/bumperbot_py_examples/build install --record /home/ubuntu/bumperbot_ws/build/bumperbot_py_examples/install.log --single-version-externally-managed install_data
[1.267s] DEBUG:colcon.colcon_parallel_executor.executor.parallel:loop closed
[1.267s] DEBUG:colcon.colcon_parallel_executor.executor.parallel:run_until_complete finished with '0'
[1.267s] DEBUG:colcon.colcon_core.event_reactor:joining thread
[1.270s] INFO:colcon.colcon_core.plugin_system:Skipping extension 'colcon_notification.desktop_notification.terminal_notifier': Not used on non-Darwin systems
[1.270s] INFO:colcon.colcon_core.plugin_system:Skipping extension 'colcon_notification.desktop_notification.win32': Not used on non-Windows systems
[1.270s] INFO:colcon.colcon_notification.desktop_notification:Sending desktop notification using 'notify2'
[1.276s] DEBUG:colcon.colcon_core.event_reactor:joined thread
[1.277s] INFO:colcon.colcon_core.shell:Creating prefix script '/home/ubuntu/bumperbot_ws/install/local_setup.ps1'
[1.277s] INFO:colcon.colcon_core.shell:Creating prefix util module '/home/ubuntu/bumperbot_ws/install/_local_setup_util_ps1.py'
[1.278s] INFO:colcon.colcon_core.shell:Creating prefix chain script '/home/ubuntu/bumperbot_ws/install/setup.ps1'
[1.278s] INFO:colcon.colcon_core.shell:Creating prefix script '/home/ubuntu/bumperbot_ws/install/local_setup.sh'
[1.279s] INFO:colcon.colcon_core.shell:Creating prefix util module '/home/ubuntu/bumperbot_ws/install/_local_setup_util_sh.py'
[1.279s] INFO:colcon.colcon_core.shell:Creating prefix chain script '/home/ubuntu/bumperbot_ws/install/setup.sh'
[1.280s] INFO:colcon.colcon_core.shell:Creating prefix script '/home/ubuntu/bumperbot_ws/install/local_setup.bash'
[1.280s] INFO:colcon.colcon_core.shell:Creating prefix chain script '/home/ubuntu/bumperbot_ws/install/setup.bash'
[1.280s] INFO:colcon.colcon_core.shell:Creating prefix script '/home/ubuntu/bumperbot_ws/install/local_setup.zsh'
[1.281s] INFO:colcon.colcon_core.shell:Creating prefix chain script '/home/ubuntu/bumperbot_ws/install/setup.zsh'
