[0.019s] Invoking command in '/home/ubuntu/bumperbot_ws/build/bumperbot_firmware': CMAKE_PREFIX_PATH=/opt/ros/humble /usr/bin/cmake /home/ubuntu/bumperbot_ws/src/bumperbot_firmware -DCMAKE_INSTALL_PREFIX=/home/ubuntu/bumperbot_ws/install/bumperbot_firmware
[0.036s] -- Found ament_cmake: 1.3.10 (/opt/ros/humble/share/ament_cmake/cmake)
[0.151s] -- Found rclcpp: 16.0.10 (/opt/ros/humble/share/rclcpp/cmake)
[0.167s] -- Found rosidl_generator_c: 3.1.5 (/opt/ros/humble/share/rosidl_generator_c/cmake)
[0.169s] -- Found rosidl_adapter: 3.1.5 (/opt/ros/humble/share/rosidl_adapter/cmake)
[0.172s] -- Found rosidl_generator_cpp: 3.1.5 (/opt/ros/humble/share/rosidl_generator_cpp/cmake)
[0.179s] -- Using all available rosidl_typesupport_c: rosidl_typesupport_fastrtps_c;rosidl_typesupport_introspection_c
[0.185s] -- Using all available rosidl_typesupport_cpp: rosidl_typesupport_fastrtps_cpp;rosidl_typesupport_introspection_cpp
[0.204s] -- Found rmw_implementation_cmake: 6.1.2 (/opt/ros/humble/share/rmw_implementation_cmake/cmake)
[0.205s] -- Found rmw_fastrtps_cpp: 6.2.7 (/opt/ros/humble/share/rmw_fastrtps_cpp/cmake)
[0.282s] -- Using RMW implementation 'rmw_fastrtps_cpp' as default
[0.310s] -- Found rclpy: 3.3.14 (/opt/ros/humble/share/rclpy/cmake)
[0.320s] [31mCMake Error at CMakeLists.txt:14 (find_package):
[0.320s]   By not providing "Findhardware_interface.cmake" in CMAKE_MODULE_PATH this
[0.321s]   project has asked CMake to find a package configuration file provided by
[0.321s]   "hardware_interface", but CMake did not find one.
[0.321s] 
[0.322s]   Could not find a package configuration file provided by
[0.322s]   "hardware_interface" with any of the following names:
[0.322s] 
[0.323s]     hardware_interfaceConfig.cmake
[0.323s]     hardware_interface-config.cmake
[0.323s] 
[0.324s]   Add the installation prefix of "hardware_interface" to CMAKE_PREFIX_PATH or
[0.324s]   set "hardware_interface_DIR" to a directory containing one of the above
[0.324s]   files.  If "hardware_interface" provides a separate development package or
[0.324s]   SDK, be sure it has been installed.
[0.325s] 
[0.325s] [0m
[0.325s] -- Configuring incomplete, errors occurred!
[0.325s] See also "/home/ubuntu/bumperbot_ws/build/bumperbot_firmware/CMakeFiles/CMakeOutput.log".
[0.338s] Invoked command in '/home/ubuntu/bumperbot_ws/build/bumperbot_firmware' returned '1': CMAKE_PREFIX_PATH=/opt/ros/humble /usr/bin/cmake /home/ubuntu/bumperbot_ws/src/bumperbot_firmware -DCMAKE_INSTALL_PREFIX=/home/ubuntu/bumperbot_ws/install/bumperbot_firmware
