[0.008s] Invoking command in '/home/ubuntu/bumperbot_ws/build/bumperbot_localization': CMAKE_PREFIX_PATH=/opt/ros/humble /usr/bin/cmake --build /home/ubuntu/bumperbot_ws/build/bumperbot_localization -- -j4 -l4
[0.058s] [35m[1mConsolidate compiler generated dependencies of target imu_republisher[0m
[0.072s] [  0%] Built target ament_cmake_python_copy_bumperbot_localization
[0.072s] [35m[1mConsolidate compiler generated dependencies of target kalman_filter[0m
[0.100s] [ 50%] Built target imu_republisher
[0.115s] [100%] Built target kalman_filter
[0.221s] running egg_info
[0.222s] writing bumperbot_localization.egg-info/PKG-INFO
[0.222s] writing dependency_links to bumperbot_localization.egg-info/dependency_links.txt
[0.222s] writing top-level names to bumperbot_localization.egg-info/top_level.txt
[0.223s] reading manifest file 'bumperbot_localization.egg-info/SOURCES.txt'
[0.224s] writing manifest file 'bumperbot_localization.egg-info/SOURCES.txt'
[0.241s] [100%] Built target ament_cmake_python_build_bumperbot_localization_egg
[0.246s] Invoked command in '/home/ubuntu/bumperbot_ws/build/bumperbot_localization' returned '0': CMAKE_PREFIX_PATH=/opt/ros/humble /usr/bin/cmake --build /home/ubuntu/bumperbot_ws/build/bumperbot_localization -- -j4 -l4
[0.262s] Invoking command in '/home/ubuntu/bumperbot_ws/build/bumperbot_localization': CMAKE_PREFIX_PATH=/opt/ros/humble /usr/bin/cmake --install /home/ubuntu/bumperbot_ws/build/bumperbot_localization
[0.265s] -- Install configuration: ""
[0.265s] -- Installing: /home/ubuntu/bumperbot_ws/install/bumperbot_localization/share/bumperbot_localization/environment/pythonpath.sh
[0.266s] -- Installing: /home/ubuntu/bumperbot_ws/install/bumperbot_localization/share/bumperbot_localization/environment/pythonpath.dsv
[0.266s] -- Installing: /home/ubuntu/bumperbot_ws/install/bumperbot_localization/local/lib/python3.10/dist-packages/bumperbot_localization-0.0.0-py3.10.egg-info
[0.267s] -- Installing: /home/ubuntu/bumperbot_ws/install/bumperbot_localization/local/lib/python3.10/dist-packages/bumperbot_localization-0.0.0-py3.10.egg-info/PKG-INFO
[0.276s] -- Installing: /home/ubuntu/bumperbot_ws/install/bumperbot_localization/local/lib/python3.10/dist-packages/bumperbot_localization-0.0.0-py3.10.egg-info/SOURCES.txt
[0.276s] -- Installing: /home/ubuntu/bumperbot_ws/install/bumperbot_localization/local/lib/python3.10/dist-packages/bumperbot_localization-0.0.0-py3.10.egg-info/dependency_links.txt
[0.276s] -- Installing: /home/ubuntu/bumperbot_ws/install/bumperbot_localization/local/lib/python3.10/dist-packages/bumperbot_localization-0.0.0-py3.10.egg-info/top_level.txt
[0.276s] -- Installing: /home/ubuntu/bumperbot_ws/install/bumperbot_localization/local/lib/python3.10/dist-packages/bumperbot_localization
[0.276s] -- Installing: /home/ubuntu/bumperbot_ws/install/bumperbot_localization/local/lib/python3.10/dist-packages/bumperbot_localization/__init__.py
[0.276s] -- Installing: /home/ubuntu/bumperbot_ws/install/bumperbot_localization/local/lib/python3.10/dist-packages/bumperbot_localization/kalman_filter.py
[0.276s] -- Installing: /home/ubuntu/bumperbot_ws/install/bumperbot_localization/local/lib/python3.10/dist-packages/bumperbot_localization/imu_republisher.py
[0.294s] Listing '/home/ubuntu/bumperbot_ws/install/bumperbot_localization/local/lib/python3.10/dist-packages/bumperbot_localization'...
[0.294s] Compiling '/home/ubuntu/bumperbot_ws/install/bumperbot_localization/local/lib/python3.10/dist-packages/bumperbot_localization/__init__.py'...
[0.294s] Compiling '/home/ubuntu/bumperbot_ws/install/bumperbot_localization/local/lib/python3.10/dist-packages/bumperbot_localization/imu_republisher.py'...
[0.294s] Compiling '/home/ubuntu/bumperbot_ws/install/bumperbot_localization/local/lib/python3.10/dist-packages/bumperbot_localization/kalman_filter.py'...
[0.297s] -- Installing: /home/ubuntu/bumperbot_ws/install/bumperbot_localization/include/include
[0.297s] -- Installing: /home/ubuntu/bumperbot_ws/install/bumperbot_localization/include/include/bumperbot_localization
[0.297s] -- Installing: /home/ubuntu/bumperbot_ws/install/bumperbot_localization/include/include/bumperbot_localization/kalman_filter.hpp
[0.297s] -- Installing: /home/ubuntu/bumperbot_ws/install/bumperbot_localization/lib/bumperbot_localization/kalman_filter
[0.317s] -- Set runtime path of "/home/ubuntu/bumperbot_ws/install/bumperbot_localization/lib/bumperbot_localization/kalman_filter" to ""
[0.317s] -- Installing: /home/ubuntu/bumperbot_ws/install/bumperbot_localization/lib/bumperbot_localization/imu_republisher
[0.324s] -- Set runtime path of "/home/ubuntu/bumperbot_ws/install/bumperbot_localization/lib/bumperbot_localization/imu_republisher" to ""
[0.324s] -- Installing: /home/ubuntu/bumperbot_ws/install/bumperbot_localization/share/bumperbot_localization/launch
[0.324s] -- Installing: /home/ubuntu/bumperbot_ws/install/bumperbot_localization/share/bumperbot_localization/launch/local_localization.launch.py
[0.327s] -- Installing: /home/ubuntu/bumperbot_ws/install/bumperbot_localization/share/bumperbot_localization/config
[0.327s] -- Installing: /home/ubuntu/bumperbot_ws/install/bumperbot_localization/share/bumperbot_localization/config/ekf.yaml
[0.327s] -- Installing: /home/ubuntu/bumperbot_ws/install/bumperbot_localization/lib/bumperbot_localization/kalman_filter.py
[0.327s] -- Installing: /home/ubuntu/bumperbot_ws/install/bumperbot_localization/lib/bumperbot_localization/imu_republisher.py
[0.327s] -- Installing: /home/ubuntu/bumperbot_ws/install/bumperbot_localization/share/ament_index/resource_index/package_run_dependencies/bumperbot_localization
[0.327s] -- Installing: /home/ubuntu/bumperbot_ws/install/bumperbot_localization/share/ament_index/resource_index/parent_prefix_path/bumperbot_localization
[0.327s] -- Installing: /home/ubuntu/bumperbot_ws/install/bumperbot_localization/share/bumperbot_localization/environment/ament_prefix_path.sh
[0.327s] -- Installing: /home/ubuntu/bumperbot_ws/install/bumperbot_localization/share/bumperbot_localization/environment/ament_prefix_path.dsv
[0.327s] -- Installing: /home/ubuntu/bumperbot_ws/install/bumperbot_localization/share/bumperbot_localization/environment/path.sh
[0.327s] -- Installing: /home/ubuntu/bumperbot_ws/install/bumperbot_localization/share/bumperbot_localization/environment/path.dsv
[0.332s] -- Installing: /home/ubuntu/bumperbot_ws/install/bumperbot_localization/share/bumperbot_localization/local_setup.bash
[0.332s] -- Installing: /home/ubuntu/bumperbot_ws/install/bumperbot_localization/share/bumperbot_localization/local_setup.sh
[0.332s] -- Installing: /home/ubuntu/bumperbot_ws/install/bumperbot_localization/share/bumperbot_localization/local_setup.zsh
[0.333s] -- Installing: /home/ubuntu/bumperbot_ws/install/bumperbot_localization/share/bumperbot_localization/local_setup.dsv
[0.333s] -- Installing: /home/ubuntu/bumperbot_ws/install/bumperbot_localization/share/bumperbot_localization/package.dsv
[0.333s] -- Installing: /home/ubuntu/bumperbot_ws/install/bumperbot_localization/share/ament_index/resource_index/packages/bumperbot_localization
[0.333s] -- Installing: /home/ubuntu/bumperbot_ws/install/bumperbot_localization/share/bumperbot_localization/cmake/bumperbot_localizationConfig.cmake
[0.333s] -- Installing: /home/ubuntu/bumperbot_ws/install/bumperbot_localization/share/bumperbot_localization/cmake/bumperbot_localizationConfig-version.cmake
[0.333s] -- Installing: /home/ubuntu/bumperbot_ws/install/bumperbot_localization/share/bumperbot_localization/package.xml
[0.348s] Invoked command in '/home/ubuntu/bumperbot_ws/build/bumperbot_localization' returned '0': CMAKE_PREFIX_PATH=/opt/ros/humble /usr/bin/cmake --install /home/ubuntu/bumperbot_ws/build/bumperbot_localization
