[0.006s] Invoking command in '/home/ubuntu/bumperbot_ws/build/bumperbot_bringup': AMENT_PREFIX_PATH=/home/ubuntu/bumperbot_ws/install/bumperbot_firmware:${AMENT_PREFIX_PATH} CMAKE_PREFIX_PATH=/home/ubuntu/bumperbot_ws/install/bumperbot_firmware:/home/ubuntu/bumperbot_ws/install/bumperbot_description:/home/ubuntu/bumperbot_ws/install/bumperbot_controller:/home/ubuntu/bumperbot_ws/install/bumperbot_msgs:/home/ubuntu/bumperbot_ws/install/bumperbot_localization:/home/ubuntu/bumperbot_ws/install/bumperbot_py_examples:/opt/ros/humble LD_LIBRARY_PATH=/home/ubuntu/bumperbot_ws/install/bumperbot_firmware/lib:${LD_LIBRARY_PATH} PYTHONPATH=/home/ubuntu/bumperbot_ws/install/bumperbot_firmware/local/lib/python3.10/dist-packages:${PYTHONPATH} /usr/bin/cmake /home/ubuntu/bumperbot_ws/src/bumperbot_bringup -DCMAKE_INSTALL_PREFIX=/home/ubuntu/bumperbot_ws/install/bumperbot_bringup
[0.032s] -- The C compiler identification is GNU 11.4.0
[0.060s] -- The CXX compiler identification is GNU 11.4.0
[0.064s] -- Detecting C compiler ABI info
[0.098s] -- Detecting C compiler ABI info - done
[0.102s] -- Check for working C compiler: /usr/bin/cc - skipped
[0.102s] -- Detecting C compile features
[0.102s] -- Detecting C compile features - done
[0.104s] -- Detecting CXX compiler ABI info
[0.140s] -- Detecting CXX compiler ABI info - done
[0.142s] -- Check for working CXX compiler: /usr/bin/c++ - skipped
[0.142s] -- Detecting CXX compile features
[0.143s] -- Detecting CXX compile features - done
[0.144s] -- Found ament_cmake: 1.3.10 (/opt/ros/humble/share/ament_cmake/cmake)
[0.217s] -- Found Python3: /usr/bin/python3 (found version "3.10.12") found components: Interpreter 
[0.290s] -- Configuring done
[0.292s] -- Generating done
[0.292s] -- Build files have been written to: /home/ubuntu/bumperbot_ws/build/bumperbot_bringup
[0.298s] Invoked command in '/home/ubuntu/bumperbot_ws/build/bumperbot_bringup' returned '0': AMENT_PREFIX_PATH=/home/ubuntu/bumperbot_ws/install/bumperbot_firmware:${AMENT_PREFIX_PATH} CMAKE_PREFIX_PATH=/home/ubuntu/bumperbot_ws/install/bumperbot_firmware:/home/ubuntu/bumperbot_ws/install/bumperbot_description:/home/ubuntu/bumperbot_ws/install/bumperbot_controller:/home/ubuntu/bumperbot_ws/install/bumperbot_msgs:/home/ubuntu/bumperbot_ws/install/bumperbot_localization:/home/ubuntu/bumperbot_ws/install/bumperbot_py_examples:/opt/ros/humble LD_LIBRARY_PATH=/home/ubuntu/bumperbot_ws/install/bumperbot_firmware/lib:${LD_LIBRARY_PATH} PYTHONPATH=/home/ubuntu/bumperbot_ws/install/bumperbot_firmware/local/lib/python3.10/dist-packages:${PYTHONPATH} /usr/bin/cmake /home/ubuntu/bumperbot_ws/src/bumperbot_bringup -DCMAKE_INSTALL_PREFIX=/home/ubuntu/bumperbot_ws/install/bumperbot_bringup
[0.298s] Invoking command in '/home/ubuntu/bumperbot_ws/build/bumperbot_bringup': AMENT_PREFIX_PATH=/home/ubuntu/bumperbot_ws/install/bumperbot_firmware:${AMENT_PREFIX_PATH} CMAKE_PREFIX_PATH=/home/ubuntu/bumperbot_ws/install/bumperbot_firmware:/home/ubuntu/bumperbot_ws/install/bumperbot_description:/home/ubuntu/bumperbot_ws/install/bumperbot_controller:/home/ubuntu/bumperbot_ws/install/bumperbot_msgs:/home/ubuntu/bumperbot_ws/install/bumperbot_localization:/home/ubuntu/bumperbot_ws/install/bumperbot_py_examples:/opt/ros/humble LD_LIBRARY_PATH=/home/ubuntu/bumperbot_ws/install/bumperbot_firmware/lib:${LD_LIBRARY_PATH} PYTHONPATH=/home/ubuntu/bumperbot_ws/install/bumperbot_firmware/local/lib/python3.10/dist-packages:${PYTHONPATH} /usr/bin/cmake --build /home/ubuntu/bumperbot_ws/build/bumperbot_bringup -- -j4 -l4
[0.314s] Invoked command in '/home/ubuntu/bumperbot_ws/build/bumperbot_bringup' returned '0': AMENT_PREFIX_PATH=/home/ubuntu/bumperbot_ws/install/bumperbot_firmware:${AMENT_PREFIX_PATH} CMAKE_PREFIX_PATH=/home/ubuntu/bumperbot_ws/install/bumperbot_firmware:/home/ubuntu/bumperbot_ws/install/bumperbot_description:/home/ubuntu/bumperbot_ws/install/bumperbot_controller:/home/ubuntu/bumperbot_ws/install/bumperbot_msgs:/home/ubuntu/bumperbot_ws/install/bumperbot_localization:/home/ubuntu/bumperbot_ws/install/bumperbot_py_examples:/opt/ros/humble LD_LIBRARY_PATH=/home/ubuntu/bumperbot_ws/install/bumperbot_firmware/lib:${LD_LIBRARY_PATH} PYTHONPATH=/home/ubuntu/bumperbot_ws/install/bumperbot_firmware/local/lib/python3.10/dist-packages:${PYTHONPATH} /usr/bin/cmake --build /home/ubuntu/bumperbot_ws/build/bumperbot_bringup -- -j4 -l4
[0.323s] Invoking command in '/home/ubuntu/bumperbot_ws/build/bumperbot_bringup': AMENT_PREFIX_PATH=/home/ubuntu/bumperbot_ws/install/bumperbot_firmware:${AMENT_PREFIX_PATH} CMAKE_PREFIX_PATH=/home/ubuntu/bumperbot_ws/install/bumperbot_firmware:/home/ubuntu/bumperbot_ws/install/bumperbot_description:/home/ubuntu/bumperbot_ws/install/bumperbot_controller:/home/ubuntu/bumperbot_ws/install/bumperbot_msgs:/home/ubuntu/bumperbot_ws/install/bumperbot_localization:/home/ubuntu/bumperbot_ws/install/bumperbot_py_examples:/opt/ros/humble LD_LIBRARY_PATH=/home/ubuntu/bumperbot_ws/install/bumperbot_firmware/lib:${LD_LIBRARY_PATH} PYTHONPATH=/home/ubuntu/bumperbot_ws/install/bumperbot_firmware/local/lib/python3.10/dist-packages:${PYTHONPATH} /usr/bin/cmake --install /home/ubuntu/bumperbot_ws/build/bumperbot_bringup
[0.325s] -- Install configuration: ""
[0.325s] -- Installing: /home/ubuntu/bumperbot_ws/install/bumperbot_bringup/share/bumperbot_bringup/launch
[0.325s] -- Installing: /home/ubuntu/bumperbot_ws/install/bumperbot_bringup/share/bumperbot_bringup/launch/simulated_robot.launch.py
[0.326s] -- Installing: /home/ubuntu/bumperbot_ws/install/bumperbot_bringup/share/bumperbot_bringup/launch/real_robot.launch.py
[0.326s] -- Installing: /home/ubuntu/bumperbot_ws/install/bumperbot_bringup/share/ament_index/resource_index/package_run_dependencies/bumperbot_bringup
[0.326s] -- Installing: /home/ubuntu/bumperbot_ws/install/bumperbot_bringup/share/ament_index/resource_index/parent_prefix_path/bumperbot_bringup
[0.326s] -- Installing: /home/ubuntu/bumperbot_ws/install/bumperbot_bringup/share/bumperbot_bringup/environment/ament_prefix_path.sh
[0.326s] -- Installing: /home/ubuntu/bumperbot_ws/install/bumperbot_bringup/share/bumperbot_bringup/environment/ament_prefix_path.dsv
[0.326s] -- Installing: /home/ubuntu/bumperbot_ws/install/bumperbot_bringup/share/bumperbot_bringup/environment/path.sh
[0.326s] -- Installing: /home/ubuntu/bumperbot_ws/install/bumperbot_bringup/share/bumperbot_bringup/environment/path.dsv
[0.326s] -- Installing: /home/ubuntu/bumperbot_ws/install/bumperbot_bringup/share/bumperbot_bringup/local_setup.bash
[0.326s] -- Installing: /home/ubuntu/bumperbot_ws/install/bumperbot_bringup/share/bumperbot_bringup/local_setup.sh
[0.326s] -- Installing: /home/ubuntu/bumperbot_ws/install/bumperbot_bringup/share/bumperbot_bringup/local_setup.zsh
[0.326s] -- Installing: /home/ubuntu/bumperbot_ws/install/bumperbot_bringup/share/bumperbot_bringup/local_setup.dsv
[0.326s] -- Installing: /home/ubuntu/bumperbot_ws/install/bumperbot_bringup/share/bumperbot_bringup/package.dsv
[0.326s] -- Installing: /home/ubuntu/bumperbot_ws/install/bumperbot_bringup/share/ament_index/resource_index/packages/bumperbot_bringup
[0.326s] -- Installing: /home/ubuntu/bumperbot_ws/install/bumperbot_bringup/share/bumperbot_bringup/cmake/bumperbot_bringupConfig.cmake
[0.326s] -- Installing: /home/ubuntu/bumperbot_ws/install/bumperbot_bringup/share/bumperbot_bringup/cmake/bumperbot_bringupConfig-version.cmake
[0.326s] -- Installing: /home/ubuntu/bumperbot_ws/install/bumperbot_bringup/share/bumperbot_bringup/package.xml
[0.327s] Invoked command in '/home/ubuntu/bumperbot_ws/build/bumperbot_bringup' returned '0': AMENT_PREFIX_PATH=/home/ubuntu/bumperbot_ws/install/bumperbot_firmware:${AMENT_PREFIX_PATH} CMAKE_PREFIX_PATH=/home/ubuntu/bumperbot_ws/install/bumperbot_firmware:/home/ubuntu/bumperbot_ws/install/bumperbot_description:/home/ubuntu/bumperbot_ws/install/bumperbot_controller:/home/ubuntu/bumperbot_ws/install/bumperbot_msgs:/home/ubuntu/bumperbot_ws/install/bumperbot_localization:/home/ubuntu/bumperbot_ws/install/bumperbot_py_examples:/opt/ros/humble LD_LIBRARY_PATH=/home/ubuntu/bumperbot_ws/install/bumperbot_firmware/lib:${LD_LIBRARY_PATH} PYTHONPATH=/home/ubuntu/bumperbot_ws/install/bumperbot_firmware/local/lib/python3.10/dist-packages:${PYTHONPATH} /usr/bin/cmake --install /home/ubuntu/bumperbot_ws/build/bumperbot_bringup
