[0.006s] Invoking command in '/home/ubuntu/bumperbot_ws/build/bumperbot_description': CMAKE_PREFIX_PATH=/opt/ros/humble /usr/bin/cmake /home/ubuntu/bumperbot_ws/src/bumperbot_description -DCMAKE_INSTALL_PREFIX=/home/ubuntu/bumperbot_ws/install/bumperbot_description
[0.139s] -- The C compiler identification is GNU 11.4.0
[0.205s] -- The CXX compiler identification is GNU 11.4.0
[0.216s] -- Detecting C compiler ABI info
[0.269s] -- Detecting C compiler ABI info - done
[0.270s] -- Check for working C compiler: /usr/bin/cc - skipped
[0.271s] -- Detecting C compile features
[0.272s] -- Detecting C compile features - done
[0.274s] -- Detecting CXX compiler ABI info
[0.337s] -- Detecting CXX compiler ABI info - done
[0.343s] -- Check for working CXX compiler: /usr/bin/c++ - skipped
[0.343s] -- Detecting CXX compile features
[0.343s] -- Detecting CXX compile features - done
[0.348s] -- Found ament_cmake: 1.3.10 (/opt/ros/humble/share/ament_cmake/cmake)
[0.430s] -- Found Python3: /usr/bin/python3 (found version "3.10.12") found components: Interpreter 
[0.511s] -- Found urdf: 2.6.1 (/opt/ros/humble/share/urdf/cmake)
[0.572s] -- Found ament_lint_auto: 0.12.11 (/opt/ros/humble/share/ament_lint_auto/cmake)
[0.638s] -- Added test 'copyright' to check source files copyright and LICENSE
[0.640s] -- Added test 'flake8' to check Python code syntax and style conventions
[0.641s] -- Added test 'lint_cmake' to check CMake code style
[0.641s] -- Added test 'pep257' to check Python code against some of the docstring style conventions in PEP 257
[0.643s] -- Added test 'xmllint' to check XML markup files
[0.645s] -- Configuring done
[0.649s] -- Generating done
[0.649s] -- Build files have been written to: /home/ubuntu/bumperbot_ws/build/bumperbot_description
[0.654s] Invoked command in '/home/ubuntu/bumperbot_ws/build/bumperbot_description' returned '0': CMAKE_PREFIX_PATH=/opt/ros/humble /usr/bin/cmake /home/ubuntu/bumperbot_ws/src/bumperbot_description -DCMAKE_INSTALL_PREFIX=/home/ubuntu/bumperbot_ws/install/bumperbot_description
[0.654s] Invoking command in '/home/ubuntu/bumperbot_ws/build/bumperbot_description': CMAKE_PREFIX_PATH=/opt/ros/humble /usr/bin/cmake --build /home/ubuntu/bumperbot_ws/build/bumperbot_description -- -j4 -l4
[0.682s] Invoked command in '/home/ubuntu/bumperbot_ws/build/bumperbot_description' returned '0': CMAKE_PREFIX_PATH=/opt/ros/humble /usr/bin/cmake --build /home/ubuntu/bumperbot_ws/build/bumperbot_description -- -j4 -l4
[0.707s] Invoking command in '/home/ubuntu/bumperbot_ws/build/bumperbot_description': CMAKE_PREFIX_PATH=/opt/ros/humble /usr/bin/cmake --install /home/ubuntu/bumperbot_ws/build/bumperbot_description
[0.710s] -- Install configuration: ""
[0.710s] -- Installing: /home/ubuntu/bumperbot_ws/install/bumperbot_description/share/bumperbot_description/launch
[0.711s] -- Installing: /home/ubuntu/bumperbot_ws/install/bumperbot_description/share/bumperbot_description/launch/display.launch.py
[0.711s] -- Installing: /home/ubuntu/bumperbot_ws/install/bumperbot_description/share/bumperbot_description/launch/gazebo.launch.py
[0.711s] -- Installing: /home/ubuntu/bumperbot_ws/install/bumperbot_description/share/bumperbot_description/meshes
[0.712s] -- Installing: /home/ubuntu/bumperbot_ws/install/bumperbot_description/share/bumperbot_description/meshes/wheel_right_link.STL
[0.714s] -- Installing: /home/ubuntu/bumperbot_ws/install/bumperbot_description/share/bumperbot_description/meshes/caster_rear_link.STL
[0.715s] -- Installing: /home/ubuntu/bumperbot_ws/install/bumperbot_description/share/bumperbot_description/meshes/caster_front_link.STL
[0.715s] -- Installing: /home/ubuntu/bumperbot_ws/install/bumperbot_description/share/bumperbot_description/meshes/wheel_left_link.STL
[0.716s] -- Installing: /home/ubuntu/bumperbot_ws/install/bumperbot_description/share/bumperbot_description/meshes/imu_link.STL
[0.716s] -- Installing: /home/ubuntu/bumperbot_ws/install/bumperbot_description/share/bumperbot_description/meshes/base_link.STL
[0.752s] -- Installing: /home/ubuntu/bumperbot_ws/install/bumperbot_description/share/bumperbot_description/models
[0.752s] -- Installing: /home/ubuntu/bumperbot_ws/install/bumperbot_description/share/bumperbot_description/models/ground_plane
[0.752s] -- Installing: /home/ubuntu/bumperbot_ws/install/bumperbot_description/share/bumperbot_description/models/ground_plane/model.config
[0.753s] -- Installing: /home/ubuntu/bumperbot_ws/install/bumperbot_description/share/bumperbot_description/models/ground_plane/model-1_2.sdf
[0.754s] -- Installing: /home/ubuntu/bumperbot_ws/install/bumperbot_description/share/bumperbot_description/models/ground_plane/model-1_4.sdf
[0.755s] -- Installing: /home/ubuntu/bumperbot_ws/install/bumperbot_description/share/bumperbot_description/models/ground_plane/model.sdf
[0.755s] -- Installing: /home/ubuntu/bumperbot_ws/install/bumperbot_description/share/bumperbot_description/models/ground_plane/model-1_3.sdf
[0.756s] -- Installing: /home/ubuntu/bumperbot_ws/install/bumperbot_description/share/bumperbot_description/models/sun
[0.756s] -- Installing: /home/ubuntu/bumperbot_ws/install/bumperbot_description/share/bumperbot_description/models/sun/model.config
[0.757s] -- Installing: /home/ubuntu/bumperbot_ws/install/bumperbot_description/share/bumperbot_description/models/sun/model-1_2.sdf
[0.757s] -- Installing: /home/ubuntu/bumperbot_ws/install/bumperbot_description/share/bumperbot_description/models/sun/model-1_4.sdf
[0.758s] -- Installing: /home/ubuntu/bumperbot_ws/install/bumperbot_description/share/bumperbot_description/models/sun/model.sdf
[0.758s] -- Installing: /home/ubuntu/bumperbot_ws/install/bumperbot_description/share/bumperbot_description/models/sun/model-1_3.sdf
[0.759s] -- Installing: /home/ubuntu/bumperbot_ws/install/bumperbot_description/share/bumperbot_description/urdf
[0.759s] -- Installing: /home/ubuntu/bumperbot_ws/install/bumperbot_description/share/bumperbot_description/urdf/bumperbot_ros2_control.xacro
[0.760s] -- Installing: /home/ubuntu/bumperbot_ws/install/bumperbot_description/share/bumperbot_description/urdf/bumperbot.urdf.xacro
[0.760s] -- Installing: /home/ubuntu/bumperbot_ws/install/bumperbot_description/share/bumperbot_description/urdf/bumperbot_gazebo.xacro
[0.761s] -- Installing: /home/ubuntu/bumperbot_ws/install/bumperbot_description/share/bumperbot_description/rviz
[0.761s] -- Installing: /home/ubuntu/bumperbot_ws/install/bumperbot_description/share/bumperbot_description/rviz/display.rviz
[0.762s] -- Installing: /home/ubuntu/bumperbot_ws/install/bumperbot_description/share/ament_index/resource_index/package_run_dependencies/bumperbot_description
[0.762s] -- Installing: /home/ubuntu/bumperbot_ws/install/bumperbot_description/share/ament_index/resource_index/parent_prefix_path/bumperbot_description
[0.763s] -- Installing: /home/ubuntu/bumperbot_ws/install/bumperbot_description/share/bumperbot_description/environment/ament_prefix_path.sh
[0.763s] -- Installing: /home/ubuntu/bumperbot_ws/install/bumperbot_description/share/bumperbot_description/environment/ament_prefix_path.dsv
[0.763s] -- Installing: /home/ubuntu/bumperbot_ws/install/bumperbot_description/share/bumperbot_description/environment/path.sh
[0.764s] -- Installing: /home/ubuntu/bumperbot_ws/install/bumperbot_description/share/bumperbot_description/environment/path.dsv
[0.764s] -- Installing: /home/ubuntu/bumperbot_ws/install/bumperbot_description/share/bumperbot_description/local_setup.bash
[0.764s] -- Installing: /home/ubuntu/bumperbot_ws/install/bumperbot_description/share/bumperbot_description/local_setup.sh
[0.765s] -- Installing: /home/ubuntu/bumperbot_ws/install/bumperbot_description/share/bumperbot_description/local_setup.zsh
[0.766s] -- Installing: /home/ubuntu/bumperbot_ws/install/bumperbot_description/share/bumperbot_description/local_setup.dsv
[0.766s] -- Installing: /home/ubuntu/bumperbot_ws/install/bumperbot_description/share/bumperbot_description/package.dsv
[0.766s] -- Installing: /home/ubuntu/bumperbot_ws/install/bumperbot_description/share/ament_index/resource_index/packages/bumperbot_description
[0.766s] -- Installing: /home/ubuntu/bumperbot_ws/install/bumperbot_description/share/bumperbot_description/cmake/bumperbot_descriptionConfig.cmake
[0.767s] -- Installing: /home/ubuntu/bumperbot_ws/install/bumperbot_description/share/bumperbot_description/cmake/bumperbot_descriptionConfig-version.cmake
[0.767s] -- Installing: /home/ubuntu/bumperbot_ws/install/bumperbot_description/share/bumperbot_description/package.xml
[0.771s] Invoked command in '/home/ubuntu/bumperbot_ws/build/bumperbot_description' returned '0': CMAKE_PREFIX_PATH=/opt/ros/humble /usr/bin/cmake --install /home/ubuntu/bumperbot_ws/build/bumperbot_description
