[01m[K/home/ubuntu/bumperbot_ws/src/bumperbot_firmware/src/simple_serial_transmitter.cpp:4:10:[m[K [01;31m[Kfatal error: [m[Klibserial/SerialPort.h: No such file or directory
    4 | #include [01;31m[K<libserial/SerialPort.h>[m[K
      |          [01;31m[K^~~~~~~~~~~~~~~~~~~~~~~~[m[K
compilation terminated.
[01m[K/home/ubuntu/bumperbot_ws/src/bumperbot_firmware/src/simple_serial_receiver.cpp:6:10:[m[K [01;31m[Kfatal error: [m[Klibserial/SerialPort.h: No such file or directory
    6 | #include [01;31m[K<libserial/SerialPort.h>[m[K
      |          [01;31m[K^~~~~~~~~~~~~~~~~~~~~~~~[m[K
compilation terminated.
gmake[2]: *** [CMakeFiles/simple_serial_transmitter.dir/build.make:76: CMakeFiles/simple_serial_transmitter.dir/src/simple_serial_transmitter.cpp.o] Error 1
gmake[1]: *** [CMakeFiles/Makefile2:248: CMakeFiles/simple_serial_transmitter.dir/all] Error 2
gmake[1]: *** Waiting for unfinished jobs....
gmake[2]: *** [CMakeFiles/simple_serial_receiver.dir/build.make:76: CMakeFiles/simple_serial_receiver.dir/src/simple_serial_receiver.cpp.o] Error 1
gmake[1]: *** [CMakeFiles/Makefile2:222: CMakeFiles/simple_serial_receiver.dir/all] Error 2
In file included from [01m[K/home/ubuntu/bumperbot_ws/src/bumperbot_firmware/src/bumperbot_interface.cpp:1[m[K:
[01m[K/home/ubuntu/bumperbot_ws/src/bumperbot_firmware/include/bumperbot_firmware/bumperbot_interface.hpp:6:10:[m[K [01;31m[Kfatal error: [m[Klibserial/SerialPort.h: No such file or directory
    6 | #include [01;31m[K<libserial/SerialPort.h>[m[K
      |          [01;31m[K^~~~~~~~~~~~~~~~~~~~~~~~[m[K
compilation terminated.
gmake[2]: *** [CMakeFiles/bumperbot_firmware.dir/build.make:76: CMakeFiles/bumperbot_firmware.dir/src/bumperbot_interface.cpp.o] Error 1
gmake[1]: *** [CMakeFiles/Makefile2:196: CMakeFiles/bumperbot_firmware.dir/all] Error 2
gmake: *** [Makefile:146: all] Error 2
