[0.015s] Invoking command in '/home/ubuntu/bumperbot_ws/build/bumperbot_firmware': CMAKE_PREFIX_PATH=/opt/ros/humble /usr/bin/cmake /home/ubuntu/bumperbot_ws/src/bumperbot_firmware -DCMAKE_INSTALL_PREFIX=/home/ubuntu/bumperbot_ws/install/bumperbot_firmware
[0.022s] -- Found ament_cmake: 1.3.10 (/opt/ros/humble/share/ament_cmake/cmake)
[0.146s] -- Found rclcpp: 16.0.10 (/opt/ros/humble/share/rclcpp/cmake)
[0.179s] -- Found rosidl_generator_c: 3.1.5 (/opt/ros/humble/share/rosidl_generator_c/cmake)
[0.181s] -- Found rosidl_adapter: 3.1.5 (/opt/ros/humble/share/rosidl_adapter/cmake)
[0.186s] -- Found rosidl_generator_cpp: 3.1.5 (/opt/ros/humble/share/rosidl_generator_cpp/cmake)
[0.198s] -- Using all available rosidl_typesupport_c: rosidl_typesupport_fastrtps_c;rosidl_typesupport_introspection_c
[0.211s] -- Using all available rosidl_typesupport_cpp: rosidl_typesupport_fastrtps_cpp;rosidl_typesupport_introspection_cpp
[0.246s] -- Found rmw_implementation_cmake: 6.1.2 (/opt/ros/humble/share/rmw_implementation_cmake/cmake)
[0.247s] -- Found rmw_fastrtps_cpp: 6.2.7 (/opt/ros/humble/share/rmw_fastrtps_cpp/cmake)
[0.341s] -- Using RMW implementation 'rmw_fastrtps_cpp' as default
[0.386s] -- Found rclpy: 3.3.14 (/opt/ros/humble/share/rclpy/cmake)
[0.387s] -- Found hardware_interface: 2.43.0 (/opt/ros/humble/share/hardware_interface/cmake)
[0.542s] -- Found PkgConfig: /usr/bin/pkg-config (found version "0.29.2") 
[0.542s] -- Checking for module 'libserial'
[0.545s] --   No package 'libserial' found
[0.660s] -- Configuring done
[0.767s] -- Generating done
[0.767s] -- Build files have been written to: /home/ubuntu/bumperbot_ws/build/bumperbot_firmware
[0.785s] Invoked command in '/home/ubuntu/bumperbot_ws/build/bumperbot_firmware' returned '0': CMAKE_PREFIX_PATH=/opt/ros/humble /usr/bin/cmake /home/ubuntu/bumperbot_ws/src/bumperbot_firmware -DCMAKE_INSTALL_PREFIX=/home/ubuntu/bumperbot_ws/install/bumperbot_firmware
[0.785s] Invoking command in '/home/ubuntu/bumperbot_ws/build/bumperbot_firmware': CMAKE_PREFIX_PATH=/opt/ros/humble /usr/bin/cmake --build /home/ubuntu/bumperbot_ws/build/bumperbot_firmware -- -j4 -l4
[0.823s] [ 16%] [32mBuilding CXX object CMakeFiles/bumperbot_firmware.dir/src/bumperbot_interface.cpp.o[0m
[0.823s] [ 33%] [32mBuilding CXX object CMakeFiles/simple_serial_receiver.dir/src/simple_serial_receiver.cpp.o[0m
[0.828s] [ 33%] Built target ament_cmake_python_copy_bumperbot_firmware
[0.846s] [ 50%] [32mBuilding CXX object CMakeFiles/simple_serial_transmitter.dir/src/simple_serial_transmitter.cpp.o[0m
[1.121s] running egg_info
[1.121s] creating bumperbot_firmware.egg-info
[1.121s] writing bumperbot_firmware.egg-info/PKG-INFO
[1.121s] writing dependency_links to bumperbot_firmware.egg-info/dependency_links.txt
[1.121s] writing top-level names to bumperbot_firmware.egg-info/top_level.txt
[1.121s] writing manifest file 'bumperbot_firmware.egg-info/SOURCES.txt'
[1.124s] reading manifest file 'bumperbot_firmware.egg-info/SOURCES.txt'
[1.124s] writing manifest file 'bumperbot_firmware.egg-info/SOURCES.txt'
[1.159s] [ 50%] Built target ament_cmake_python_build_bumperbot_firmware_egg
[1.438s] [01m[K/home/ubuntu/bumperbot_ws/src/bumperbot_firmware/src/simple_serial_transmitter.cpp:4:10:[m[K [01;31m[Kfatal error: [m[Klibserial/SerialPort.h: No such file or directory
[1.438s]     4 | #include [01;31m[K<libserial/SerialPort.h>[m[K
[1.438s]       |          [01;31m[K^~~~~~~~~~~~~~~~~~~~~~~~[m[K
[1.438s] compilation terminated.
[1.439s] [01m[K/home/ubuntu/bumperbot_ws/src/bumperbot_firmware/src/simple_serial_receiver.cpp:6:10:[m[K [01;31m[Kfatal error: [m[Klibserial/SerialPort.h: No such file or directory
[1.441s]     6 | #include [01;31m[K<libserial/SerialPort.h>[m[K
[1.444s]       |          [01;31m[K^~~~~~~~~~~~~~~~~~~~~~~~[m[K
[1.444s] compilation terminated.
[1.444s] gmake[2]: *** [CMakeFiles/simple_serial_transmitter.dir/build.make:76: CMakeFiles/simple_serial_transmitter.dir/src/simple_serial_transmitter.cpp.o] Error 1
[1.444s] gmake[1]: *** [CMakeFiles/Makefile2:248: CMakeFiles/simple_serial_transmitter.dir/all] Error 2
[1.444s] gmake[1]: *** Waiting for unfinished jobs....
[1.449s] gmake[2]: *** [CMakeFiles/simple_serial_receiver.dir/build.make:76: CMakeFiles/simple_serial_receiver.dir/src/simple_serial_receiver.cpp.o] Error 1
[1.453s] gmake[1]: *** [CMakeFiles/Makefile2:222: CMakeFiles/simple_serial_receiver.dir/all] Error 2
[1.454s] In file included from [01m[K/home/ubuntu/bumperbot_ws/src/bumperbot_firmware/src/bumperbot_interface.cpp:1[m[K:
[1.454s] [01m[K/home/ubuntu/bumperbot_ws/src/bumperbot_firmware/include/bumperbot_firmware/bumperbot_interface.hpp:6:10:[m[K [01;31m[Kfatal error: [m[Klibserial/SerialPort.h: No such file or directory
[1.454s]     6 | #include [01;31m[K<libserial/SerialPort.h>[m[K
[1.454s]       |          [01;31m[K^~~~~~~~~~~~~~~~~~~~~~~~[m[K
[1.457s] compilation terminated.
[1.459s] gmake[2]: *** [CMakeFiles/bumperbot_firmware.dir/build.make:76: CMakeFiles/bumperbot_firmware.dir/src/bumperbot_interface.cpp.o] Error 1
[1.459s] gmake[1]: *** [CMakeFiles/Makefile2:196: CMakeFiles/bumperbot_firmware.dir/all] Error 2
[1.459s] gmake: *** [Makefile:146: all] Error 2
[1.459s] Invoked command in '/home/ubuntu/bumperbot_ws/build/bumperbot_firmware' returned '2': CMAKE_PREFIX_PATH=/opt/ros/humble /usr/bin/cmake --build /home/ubuntu/bumperbot_ws/build/bumperbot_firmware -- -j4 -l4
