[0.022s] Invoking command in '/home/ubuntu/bumperbot_ws/build/bumperbot_firmware': CMAKE_PREFIX_PATH=/opt/ros/humble /usr/bin/cmake --build /home/ubuntu/bumperbot_ws/build/bumperbot_firmware -- -j4 -l4
[0.061s] [  0%] Built target ament_cmake_python_copy_bumperbot_firmware
[0.096s] [ 33%] Built target simple_serial_receiver
[0.130s] [ 66%] Built target simple_serial_transmitter
[0.130s] [100%] Built target bumperbot_firmware
[0.282s] running egg_info
[0.282s] writing bumperbot_firmware.egg-info/PKG-INFO
[0.283s] writing dependency_links to bumperbot_firmware.egg-info/dependency_links.txt
[0.283s] writing top-level names to bumperbot_firmware.egg-info/top_level.txt
[0.288s] reading manifest file 'bumperbot_firmware.egg-info/SOURCES.txt'
[0.288s] writing manifest file 'bumperbot_firmware.egg-info/SOURCES.txt'
[0.312s] [100%] Built target ament_cmake_python_build_bumperbot_firmware_egg
[0.340s] Invoked command in '/home/ubuntu/bumperbot_ws/build/bumperbot_firmware' returned '0': CMAKE_PREFIX_PATH=/opt/ros/humble /usr/bin/cmake --build /home/ubuntu/bumperbot_ws/build/bumperbot_firmware -- -j4 -l4
[0.382s] Invoking command in '/home/ubuntu/bumperbot_ws/build/bumperbot_firmware': CMAKE_PREFIX_PATH=/opt/ros/humble /usr/bin/cmake --install /home/ubuntu/bumperbot_ws/build/bumperbot_firmware
[0.386s] -- Install configuration: ""
[0.386s] -- Up-to-date: /home/ubuntu/bumperbot_ws/install/bumperbot_firmware/share/bumperbot_firmware/environment/pythonpath.sh
[0.386s] -- Up-to-date: /home/ubuntu/bumperbot_ws/install/bumperbot_firmware/share/bumperbot_firmware/environment/pythonpath.dsv
[0.386s] -- Up-to-date: /home/ubuntu/bumperbot_ws/install/bumperbot_firmware/local/lib/python3.10/dist-packages/bumperbot_firmware-0.0.0-py3.10.egg-info
[0.386s] -- Installing: /home/ubuntu/bumperbot_ws/install/bumperbot_firmware/local/lib/python3.10/dist-packages/bumperbot_firmware-0.0.0-py3.10.egg-info/PKG-INFO
[0.386s] -- Installing: /home/ubuntu/bumperbot_ws/install/bumperbot_firmware/local/lib/python3.10/dist-packages/bumperbot_firmware-0.0.0-py3.10.egg-info/SOURCES.txt
[0.386s] -- Installing: /home/ubuntu/bumperbot_ws/install/bumperbot_firmware/local/lib/python3.10/dist-packages/bumperbot_firmware-0.0.0-py3.10.egg-info/dependency_links.txt
[0.386s] -- Installing: /home/ubuntu/bumperbot_ws/install/bumperbot_firmware/local/lib/python3.10/dist-packages/bumperbot_firmware-0.0.0-py3.10.egg-info/top_level.txt
[0.386s] -- Up-to-date: /home/ubuntu/bumperbot_ws/install/bumperbot_firmware/local/lib/python3.10/dist-packages/bumperbot_firmware
[0.386s] -- Up-to-date: /home/ubuntu/bumperbot_ws/install/bumperbot_firmware/local/lib/python3.10/dist-packages/bumperbot_firmware/__init__.py
[0.386s] -- Up-to-date: /home/ubuntu/bumperbot_ws/install/bumperbot_firmware/local/lib/python3.10/dist-packages/bumperbot_firmware/simple_serial_transmitter.py
[0.386s] -- Up-to-date: /home/ubuntu/bumperbot_ws/install/bumperbot_firmware/local/lib/python3.10/dist-packages/bumperbot_firmware/mpu6050_driver.py
[0.386s] -- Up-to-date: /home/ubuntu/bumperbot_ws/install/bumperbot_firmware/local/lib/python3.10/dist-packages/bumperbot_firmware/simple_serial_receiver.py
[0.408s] Listing '/home/ubuntu/bumperbot_ws/install/bumperbot_firmware/local/lib/python3.10/dist-packages/bumperbot_firmware'...
[0.412s] -- Up-to-date: /home/ubuntu/bumperbot_ws/install/bumperbot_firmware/share/bumperbot_firmware/bumperbot_interface.xml
[0.412s] -- Up-to-date: /home/ubuntu/bumperbot_ws/install/bumperbot_firmware/lib/libbumperbot_firmware.so
[0.413s] -- Up-to-date: /home/ubuntu/bumperbot_ws/install/bumperbot_firmware/include/include
[0.413s] -- Up-to-date: /home/ubuntu/bumperbot_ws/install/bumperbot_firmware/include/include/bumperbot_firmware
[0.413s] -- Up-to-date: /home/ubuntu/bumperbot_ws/install/bumperbot_firmware/include/include/bumperbot_firmware/bumperbot_interface.hpp
[0.413s] -- Up-to-date: /home/ubuntu/bumperbot_ws/install/bumperbot_firmware/share/bumperbot_firmware/launch
[0.414s] -- Up-to-date: /home/ubuntu/bumperbot_ws/install/bumperbot_firmware/share/bumperbot_firmware/launch/hardware_interface.launch.py
[0.414s] -- Up-to-date: /home/ubuntu/bumperbot_ws/install/bumperbot_firmware/lib/bumperbot_firmware/simple_serial_transmitter.py
[0.414s] -- Up-to-date: /home/ubuntu/bumperbot_ws/install/bumperbot_firmware/lib/bumperbot_firmware/simple_serial_receiver.py
[0.414s] -- Up-to-date: /home/ubuntu/bumperbot_ws/install/bumperbot_firmware/lib/bumperbot_firmware/mpu6050_driver.py
[0.415s] -- Up-to-date: /home/ubuntu/bumperbot_ws/install/bumperbot_firmware/lib/bumperbot_firmware/simple_serial_receiver
[0.415s] -- Up-to-date: /home/ubuntu/bumperbot_ws/install/bumperbot_firmware/lib/bumperbot_firmware/simple_serial_transmitter
[0.416s] -- Up-to-date: /home/ubuntu/bumperbot_ws/install/bumperbot_firmware/share/bumperbot_firmware/environment/library_path.sh
[0.416s] -- Up-to-date: /home/ubuntu/bumperbot_ws/install/bumperbot_firmware/share/bumperbot_firmware/environment/library_path.dsv
[0.416s] -- Up-to-date: /home/ubuntu/bumperbot_ws/install/bumperbot_firmware/share/ament_index/resource_index/package_run_dependencies/bumperbot_firmware
[0.416s] -- Up-to-date: /home/ubuntu/bumperbot_ws/install/bumperbot_firmware/share/ament_index/resource_index/parent_prefix_path/bumperbot_firmware
[0.416s] -- Up-to-date: /home/ubuntu/bumperbot_ws/install/bumperbot_firmware/share/bumperbot_firmware/environment/ament_prefix_path.sh
[0.417s] -- Up-to-date: /home/ubuntu/bumperbot_ws/install/bumperbot_firmware/share/bumperbot_firmware/environment/ament_prefix_path.dsv
[0.417s] -- Up-to-date: /home/ubuntu/bumperbot_ws/install/bumperbot_firmware/share/bumperbot_firmware/environment/path.sh
[0.417s] -- Up-to-date: /home/ubuntu/bumperbot_ws/install/bumperbot_firmware/share/bumperbot_firmware/environment/path.dsv
[0.417s] -- Up-to-date: /home/ubuntu/bumperbot_ws/install/bumperbot_firmware/share/bumperbot_firmware/local_setup.bash
[0.417s] -- Up-to-date: /home/ubuntu/bumperbot_ws/install/bumperbot_firmware/share/bumperbot_firmware/local_setup.sh
[0.417s] -- Up-to-date: /home/ubuntu/bumperbot_ws/install/bumperbot_firmware/share/bumperbot_firmware/local_setup.zsh
[0.417s] -- Up-to-date: /home/ubuntu/bumperbot_ws/install/bumperbot_firmware/share/bumperbot_firmware/local_setup.dsv
[0.417s] -- Installing: /home/ubuntu/bumperbot_ws/install/bumperbot_firmware/share/bumperbot_firmware/package.dsv
[0.417s] -- Up-to-date: /home/ubuntu/bumperbot_ws/install/bumperbot_firmware/share/ament_index/resource_index/packages/bumperbot_firmware
[0.417s] -- Up-to-date: /home/ubuntu/bumperbot_ws/install/bumperbot_firmware/share/ament_index/resource_index/hardware_interface__pluginlib__plugin/bumperbot_firmware
[0.417s] -- Up-to-date: /home/ubuntu/bumperbot_ws/install/bumperbot_firmware/share/bumperbot_firmware/cmake/ament_cmake_export_include_directories-extras.cmake
[0.417s] -- Up-to-date: /home/ubuntu/bumperbot_ws/install/bumperbot_firmware/share/bumperbot_firmware/cmake/ament_cmake_export_libraries-extras.cmake
[0.417s] -- Up-to-date: /home/ubuntu/bumperbot_ws/install/bumperbot_firmware/share/bumperbot_firmware/cmake/ament_cmake_export_dependencies-extras.cmake
[0.417s] -- Up-to-date: /home/ubuntu/bumperbot_ws/install/bumperbot_firmware/share/bumperbot_firmware/cmake/bumperbot_firmwareConfig.cmake
[0.417s] -- Up-to-date: /home/ubuntu/bumperbot_ws/install/bumperbot_firmware/share/bumperbot_firmware/cmake/bumperbot_firmwareConfig-version.cmake
[0.417s] -- Up-to-date: /home/ubuntu/bumperbot_ws/install/bumperbot_firmware/share/bumperbot_firmware/package.xml
[0.421s] Invoked command in '/home/ubuntu/bumperbot_ws/build/bumperbot_firmware' returned '0': CMAKE_PREFIX_PATH=/opt/ros/humble /usr/bin/cmake --install /home/ubuntu/bumperbot_ws/build/bumperbot_firmware
