[0.010s] Invoking command in '/home/ubuntu/bumperbot_ws/build/bumperbot_controller': CMAKE_PREFIX_PATH=/opt/ros/humble /usr/bin/cmake --build /home/ubuntu/bumperbot_ws/build/bumperbot_controller -- -j4 -l4
[0.078s] [35m[1mConsolidate compiler generated dependencies of target simple_controller[0m
[0.097s] [35m[1mConsolidate compiler generated dependencies of target noisy_controller[0m
[0.121s] [  0%] Built target ament_cmake_python_copy_bumperbot_controller
[0.133s] [ 50%] Built target noisy_controller
[0.146s] [100%] Built target simple_controller
[0.281s] running egg_info
[0.282s] writing bumperbot_controller.egg-info/PKG-INFO
[0.283s] writing dependency_links to bumperbot_controller.egg-info/dependency_links.txt
[0.283s] writing top-level names to bumperbot_controller.egg-info/top_level.txt
[0.287s] reading manifest file 'bumperbot_controller.egg-info/SOURCES.txt'
[0.288s] writing manifest file 'bumperbot_controller.egg-info/SOURCES.txt'
[0.307s] [100%] Built target ament_cmake_python_build_bumperbot_controller_egg
[0.315s] Invoked command in '/home/ubuntu/bumperbot_ws/build/bumperbot_controller' returned '0': CMAKE_PREFIX_PATH=/opt/ros/humble /usr/bin/cmake --build /home/ubuntu/bumperbot_ws/build/bumperbot_controller -- -j4 -l4
[0.363s] Invoking command in '/home/ubuntu/bumperbot_ws/build/bumperbot_controller': CMAKE_PREFIX_PATH=/opt/ros/humble /usr/bin/cmake --install /home/ubuntu/bumperbot_ws/build/bumperbot_controller
[0.367s] -- Install configuration: ""
[0.367s] -- Installing: /home/ubuntu/bumperbot_ws/install/bumperbot_controller/share/bumperbot_controller/environment/pythonpath.sh
[0.367s] -- Installing: /home/ubuntu/bumperbot_ws/install/bumperbot_controller/share/bumperbot_controller/environment/pythonpath.dsv
[0.368s] -- Installing: /home/ubuntu/bumperbot_ws/install/bumperbot_controller/local/lib/python3.10/dist-packages/bumperbot_controller-0.0.0-py3.10.egg-info
[0.368s] -- Installing: /home/ubuntu/bumperbot_ws/install/bumperbot_controller/local/lib/python3.10/dist-packages/bumperbot_controller-0.0.0-py3.10.egg-info/PKG-INFO
[0.369s] -- Installing: /home/ubuntu/bumperbot_ws/install/bumperbot_controller/local/lib/python3.10/dist-packages/bumperbot_controller-0.0.0-py3.10.egg-info/SOURCES.txt
[0.370s] -- Installing: /home/ubuntu/bumperbot_ws/install/bumperbot_controller/local/lib/python3.10/dist-packages/bumperbot_controller-0.0.0-py3.10.egg-info/dependency_links.txt
[0.370s] -- Installing: /home/ubuntu/bumperbot_ws/install/bumperbot_controller/local/lib/python3.10/dist-packages/bumperbot_controller-0.0.0-py3.10.egg-info/top_level.txt
[0.370s] -- Installing: /home/ubuntu/bumperbot_ws/install/bumperbot_controller/local/lib/python3.10/dist-packages/bumperbot_controller
[0.370s] -- Installing: /home/ubuntu/bumperbot_ws/install/bumperbot_controller/local/lib/python3.10/dist-packages/bumperbot_controller/__init__.py
[0.370s] -- Installing: /home/ubuntu/bumperbot_ws/install/bumperbot_controller/local/lib/python3.10/dist-packages/bumperbot_controller/simple_controller.py
[0.370s] -- Installing: /home/ubuntu/bumperbot_ws/install/bumperbot_controller/local/lib/python3.10/dist-packages/bumperbot_controller/noisy_controller.py
[0.430s] Listing '/home/ubuntu/bumperbot_ws/install/bumperbot_controller/local/lib/python3.10/dist-packages/bumperbot_controller'...
[0.430s] Compiling '/home/ubuntu/bumperbot_ws/install/bumperbot_controller/local/lib/python3.10/dist-packages/bumperbot_controller/__init__.py'...
[0.430s] Compiling '/home/ubuntu/bumperbot_ws/install/bumperbot_controller/local/lib/python3.10/dist-packages/bumperbot_controller/noisy_controller.py'...
[0.430s] Compiling '/home/ubuntu/bumperbot_ws/install/bumperbot_controller/local/lib/python3.10/dist-packages/bumperbot_controller/simple_controller.py'...
[0.444s] -- Installing: /home/ubuntu/bumperbot_ws/install/bumperbot_controller/include/include
[0.444s] -- Installing: /home/ubuntu/bumperbot_ws/install/bumperbot_controller/include/include/bumperbot_controller
[0.444s] -- Installing: /home/ubuntu/bumperbot_ws/install/bumperbot_controller/include/include/bumperbot_controller/noisy_controller.hpp
[0.448s] -- Installing: /home/ubuntu/bumperbot_ws/install/bumperbot_controller/include/include/bumperbot_controller/simple_controller.hpp
[0.451s] -- Installing: /home/ubuntu/bumperbot_ws/install/bumperbot_controller/lib/bumperbot_controller/simple_controller
[0.486s] -- Set runtime path of "/home/ubuntu/bumperbot_ws/install/bumperbot_controller/lib/bumperbot_controller/simple_controller" to ""
[0.486s] -- Installing: /home/ubuntu/bumperbot_ws/install/bumperbot_controller/lib/bumperbot_controller/noisy_controller
[0.524s] -- Set runtime path of "/home/ubuntu/bumperbot_ws/install/bumperbot_controller/lib/bumperbot_controller/noisy_controller" to ""
[0.524s] -- Installing: /home/ubuntu/bumperbot_ws/install/bumperbot_controller/share/bumperbot_controller/launch
[0.525s] -- Installing: /home/ubuntu/bumperbot_ws/install/bumperbot_controller/share/bumperbot_controller/launch/controller.launch.py
[0.525s] -- Installing: /home/ubuntu/bumperbot_ws/install/bumperbot_controller/share/bumperbot_controller/launch/joystick_teleop.launch.py
[0.525s] -- Installing: /home/ubuntu/bumperbot_ws/install/bumperbot_controller/share/bumperbot_controller/config
[0.525s] -- Installing: /home/ubuntu/bumperbot_ws/install/bumperbot_controller/share/bumperbot_controller/config/bumperbot_controllers.yaml
[0.525s] -- Installing: /home/ubuntu/bumperbot_ws/install/bumperbot_controller/share/bumperbot_controller/config/joy_config.yaml
[0.525s] -- Installing: /home/ubuntu/bumperbot_ws/install/bumperbot_controller/share/bumperbot_controller/config/joy_teleop.yaml
[0.525s] -- Installing: /home/ubuntu/bumperbot_ws/install/bumperbot_controller/lib/bumperbot_controller/simple_controller.py
[0.525s] -- Installing: /home/ubuntu/bumperbot_ws/install/bumperbot_controller/lib/bumperbot_controller/noisy_controller.py
[0.525s] -- Installing: /home/ubuntu/bumperbot_ws/install/bumperbot_controller/share/ament_index/resource_index/package_run_dependencies/bumperbot_controller
[0.525s] -- Installing: /home/ubuntu/bumperbot_ws/install/bumperbot_controller/share/ament_index/resource_index/parent_prefix_path/bumperbot_controller
[0.526s] -- Installing: /home/ubuntu/bumperbot_ws/install/bumperbot_controller/share/bumperbot_controller/environment/ament_prefix_path.sh
[0.526s] -- Installing: /home/ubuntu/bumperbot_ws/install/bumperbot_controller/share/bumperbot_controller/environment/ament_prefix_path.dsv
[0.527s] -- Installing: /home/ubuntu/bumperbot_ws/install/bumperbot_controller/share/bumperbot_controller/environment/path.sh
[0.527s] -- Installing: /home/ubuntu/bumperbot_ws/install/bumperbot_controller/share/bumperbot_controller/environment/path.dsv
[0.527s] -- Installing: /home/ubuntu/bumperbot_ws/install/bumperbot_controller/share/bumperbot_controller/local_setup.bash
[0.528s] -- Installing: /home/ubuntu/bumperbot_ws/install/bumperbot_controller/share/bumperbot_controller/local_setup.sh
[0.528s] -- Installing: /home/ubuntu/bumperbot_ws/install/bumperbot_controller/share/bumperbot_controller/local_setup.zsh
[0.529s] -- Installing: /home/ubuntu/bumperbot_ws/install/bumperbot_controller/share/bumperbot_controller/local_setup.dsv
[0.529s] -- Installing: /home/ubuntu/bumperbot_ws/install/bumperbot_controller/share/bumperbot_controller/package.dsv
[0.529s] -- Installing: /home/ubuntu/bumperbot_ws/install/bumperbot_controller/share/ament_index/resource_index/packages/bumperbot_controller
[0.529s] -- Installing: /home/ubuntu/bumperbot_ws/install/bumperbot_controller/share/bumperbot_controller/cmake/bumperbot_controllerConfig.cmake
[0.530s] -- Installing: /home/ubuntu/bumperbot_ws/install/bumperbot_controller/share/bumperbot_controller/cmake/bumperbot_controllerConfig-version.cmake
[0.532s] -- Installing: /home/ubuntu/bumperbot_ws/install/bumperbot_controller/share/bumperbot_controller/package.xml
