[0.037s] Invoking command in '/home/ubuntu/bumperbot_ws/build/bumperbot_localization': CMAKE_PREFIX_PATH=/opt/ros/humble /usr/bin/cmake --build /home/ubuntu/bumperbot_ws/build/bumperbot_localization -- -j4 -l4
[0.261s] [ 50%] Built target kalman_filter
[0.264s] [100%] Built target imu_republisher
[0.288s] [100%] Built target ament_cmake_python_copy_bumperbot_localization
[0.713s] running egg_info
[0.713s] writing bumperbot_localization.egg-info/PKG-INFO
[0.713s] writing dependency_links to bumperbot_localization.egg-info/dependency_links.txt
[0.713s] writing top-level names to bumperbot_localization.egg-info/top_level.txt
[0.714s] reading manifest file 'bumperbot_localization.egg-info/SOURCES.txt'
[0.730s] writing manifest file 'bumperbot_localization.egg-info/SOURCES.txt'
[0.780s] [100%] Built target ament_cmake_python_build_bumperbot_localization_egg
[0.818s] Invoked command in '/home/ubuntu/bumperbot_ws/build/bumperbot_localization' returned '0': CMAKE_PREFIX_PATH=/opt/ros/humble /usr/bin/cmake --build /home/ubuntu/bumperbot_ws/build/bumperbot_localization -- -j4 -l4
[1.077s] Invoking command in '/home/ubuntu/bumperbot_ws/build/bumperbot_localization': CMAKE_PREFIX_PATH=/opt/ros/humble /usr/bin/cmake --install /home/ubuntu/bumperbot_ws/build/bumperbot_localization
[1.089s] -- Install configuration: ""
[1.089s] -- Up-to-date: /home/ubuntu/bumperbot_ws/install/bumperbot_localization/share/bumperbot_localization/environment/pythonpath.sh
[1.089s] -- Up-to-date: /home/ubuntu/bumperbot_ws/install/bumperbot_localization/share/bumperbot_localization/environment/pythonpath.dsv
[1.089s] -- Up-to-date: /home/ubuntu/bumperbot_ws/install/bumperbot_localization/local/lib/python3.10/dist-packages/bumperbot_localization-0.0.0-py3.10.egg-info
[1.089s] -- Installing: /home/ubuntu/bumperbot_ws/install/bumperbot_localization/local/lib/python3.10/dist-packages/bumperbot_localization-0.0.0-py3.10.egg-info/PKG-INFO
[1.089s] -- Installing: /home/ubuntu/bumperbot_ws/install/bumperbot_localization/local/lib/python3.10/dist-packages/bumperbot_localization-0.0.0-py3.10.egg-info/SOURCES.txt
[1.089s] -- Installing: /home/ubuntu/bumperbot_ws/install/bumperbot_localization/local/lib/python3.10/dist-packages/bumperbot_localization-0.0.0-py3.10.egg-info/dependency_links.txt
[1.089s] -- Installing: /home/ubuntu/bumperbot_ws/install/bumperbot_localization/local/lib/python3.10/dist-packages/bumperbot_localization-0.0.0-py3.10.egg-info/top_level.txt
[1.089s] -- Up-to-date: /home/ubuntu/bumperbot_ws/install/bumperbot_localization/local/lib/python3.10/dist-packages/bumperbot_localization
[1.089s] -- Up-to-date: /home/ubuntu/bumperbot_ws/install/bumperbot_localization/local/lib/python3.10/dist-packages/bumperbot_localization/__init__.py
[1.089s] -- Up-to-date: /home/ubuntu/bumperbot_ws/install/bumperbot_localization/local/lib/python3.10/dist-packages/bumperbot_localization/kalman_filter.py
[1.089s] -- Up-to-date: /home/ubuntu/bumperbot_ws/install/bumperbot_localization/local/lib/python3.10/dist-packages/bumperbot_localization/imu_republisher.py
[1.136s] Listing '/home/ubuntu/bumperbot_ws/install/bumperbot_localization/local/lib/python3.10/dist-packages/bumperbot_localization'...
[1.143s] -- Up-to-date: /home/ubuntu/bumperbot_ws/install/bumperbot_localization/include/include
[1.144s] -- Up-to-date: /home/ubuntu/bumperbot_ws/install/bumperbot_localization/include/include/bumperbot_localization
[1.144s] -- Up-to-date: /home/ubuntu/bumperbot_ws/install/bumperbot_localization/include/include/bumperbot_localization/kalman_filter.hpp
[1.144s] -- Up-to-date: /home/ubuntu/bumperbot_ws/install/bumperbot_localization/lib/bumperbot_localization/kalman_filter
[1.144s] -- Up-to-date: /home/ubuntu/bumperbot_ws/install/bumperbot_localization/lib/bumperbot_localization/imu_republisher
[1.147s] -- Up-to-date: /home/ubuntu/bumperbot_ws/install/bumperbot_localization/share/bumperbot_localization/launch
[1.147s] -- Up-to-date: /home/ubuntu/bumperbot_ws/install/bumperbot_localization/share/bumperbot_localization/launch/local_localization.launch.py
[1.153s] -- Up-to-date: /home/ubuntu/bumperbot_ws/install/bumperbot_localization/share/bumperbot_localization/config
[1.153s] -- Up-to-date: /home/ubuntu/bumperbot_ws/install/bumperbot_localization/share/bumperbot_localization/config/ekf.yaml
[1.153s] -- Up-to-date: /home/ubuntu/bumperbot_ws/install/bumperbot_localization/lib/bumperbot_localization/kalman_filter.py
[1.153s] -- Up-to-date: /home/ubuntu/bumperbot_ws/install/bumperbot_localization/lib/bumperbot_localization/imu_republisher.py
[1.153s] -- Up-to-date: /home/ubuntu/bumperbot_ws/install/bumperbot_localization/share/ament_index/resource_index/package_run_dependencies/bumperbot_localization
[1.153s] -- Up-to-date: /home/ubuntu/bumperbot_ws/install/bumperbot_localization/share/ament_index/resource_index/parent_prefix_path/bumperbot_localization
[1.153s] -- Up-to-date: /home/ubuntu/bumperbot_ws/install/bumperbot_localization/share/bumperbot_localization/environment/ament_prefix_path.sh
[1.153s] -- Up-to-date: /home/ubuntu/bumperbot_ws/install/bumperbot_localization/share/bumperbot_localization/environment/ament_prefix_path.dsv
[1.154s] -- Up-to-date: /home/ubuntu/bumperbot_ws/install/bumperbot_localization/share/bumperbot_localization/environment/path.sh
[1.154s] -- Up-to-date: /home/ubuntu/bumperbot_ws/install/bumperbot_localization/share/bumperbot_localization/environment/path.dsv
[1.154s] -- Up-to-date: /home/ubuntu/bumperbot_ws/install/bumperbot_localization/share/bumperbot_localization/local_setup.bash
[1.154s] -- Up-to-date: /home/ubuntu/bumperbot_ws/install/bumperbot_localization/share/bumperbot_localization/local_setup.sh
[1.154s] -- Up-to-date: /home/ubuntu/bumperbot_ws/install/bumperbot_localization/share/bumperbot_localization/local_setup.zsh
[1.154s] -- Up-to-date: /home/ubuntu/bumperbot_ws/install/bumperbot_localization/share/bumperbot_localization/local_setup.dsv
[1.154s] -- Installing: /home/ubuntu/bumperbot_ws/install/bumperbot_localization/share/bumperbot_localization/package.dsv
[1.158s] -- Up-to-date: /home/ubuntu/bumperbot_ws/install/bumperbot_localization/share/ament_index/resource_index/packages/bumperbot_localization
[1.158s] -- Up-to-date: /home/ubuntu/bumperbot_ws/install/bumperbot_localization/share/bumperbot_localization/cmake/bumperbot_localizationConfig.cmake
[1.158s] -- Up-to-date: /home/ubuntu/bumperbot_ws/install/bumperbot_localization/share/bumperbot_localization/cmake/bumperbot_localizationConfig-version.cmake
[1.158s] -- Up-to-date: /home/ubuntu/bumperbot_ws/install/bumperbot_localization/share/bumperbot_localization/package.xml
[1.176s] Invoked command in '/home/ubuntu/bumperbot_ws/build/bumperbot_localization' returned '0': CMAKE_PREFIX_PATH=/opt/ros/humble /usr/bin/cmake --install /home/ubuntu/bumperbot_ws/build/bumperbot_localization
