[1.655s] Invoking command in '/home/ubuntu/bumperbot_ws/src/bumperbot_py_examples': AMENT_PREFIX_PATH=/home/ubuntu/bumperbot_ws/install/bumperbot_msgs:${AMENT_PREFIX_PATH} CMAKE_PREFIX_PATH=/home/ubuntu/bumperbot_ws/install/bumperbot_msgs LD_LIBRARY_PATH=/home/ubuntu/bumperbot_ws/install/bumperbot_msgs/lib:${LD_LIBRARY_PATH} PYTHONPATH=/home/ubuntu/bumperbot_ws/build/bumperbot_py_examples/prefix_override:/usr/lib/python3/dist-packages/colcon_core/task/python/colcon_distutils_commands:/home/ubuntu/bumperbot_ws/install/bumperbot_py_examples/lib/python3.10/site-packages:/home/ubuntu/bumperbot_ws/install/bumperbot_msgs/local/lib/python3.10/dist-packages:${PYTHONPATH} /usr/bin/python3 -W ignore:setup.py install is deprecated setup.py egg_info --egg-base ../../build/bumperbot_py_examples build --build-base /home/ubuntu/bumperbot_ws/build/bumperbot_py_examples/build install --record /home/ubuntu/bumperbot_ws/build/bumperbot_py_examples/install.log --single-version-externally-managed install_data
[2.065s] running egg_info
[2.066s] writing ../../build/bumperbot_py_examples/bumperbot_py_examples.egg-info/PKG-INFO
[2.066s] writing dependency_links to ../../build/bumperbot_py_examples/bumperbot_py_examples.egg-info/dependency_links.txt
[2.066s] writing entry points to ../../build/bumperbot_py_examples/bumperbot_py_examples.egg-info/entry_points.txt
[2.067s] writing requirements to ../../build/bumperbot_py_examples/bumperbot_py_examples.egg-info/requires.txt
[2.067s] writing top-level names to ../../build/bumperbot_py_examples/bumperbot_py_examples.egg-info/top_level.txt
[2.068s] reading manifest file '../../build/bumperbot_py_examples/bumperbot_py_examples.egg-info/SOURCES.txt'
[2.070s] writing manifest file '../../build/bumperbot_py_examples/bumperbot_py_examples.egg-info/SOURCES.txt'
[2.070s] running build
[2.070s] running build_py
[2.070s] running install
[2.071s] running install_lib
[2.079s] running install_data
[2.079s] running install_egg_info
[2.087s] removing '/home/ubuntu/bumperbot_ws/install/bumperbot_py_examples/lib/python3.10/site-packages/bumperbot_py_examples-0.0.0-py3.10.egg-info' (and everything under it)
[2.087s] Copying ../../build/bumperbot_py_examples/bumperbot_py_examples.egg-info to /home/ubuntu/bumperbot_ws/install/bumperbot_py_examples/lib/python3.10/site-packages/bumperbot_py_examples-0.0.0-py3.10.egg-info
[2.088s] running install_scripts
[2.121s] Installing simple_parameter script to /home/ubuntu/bumperbot_ws/install/bumperbot_py_examples/lib/bumperbot_py_examples
[2.121s] Installing simple_publisher script to /home/ubuntu/bumperbot_ws/install/bumperbot_py_examples/lib/bumperbot_py_examples
[2.121s] Installing simple_service_client script to /home/ubuntu/bumperbot_ws/install/bumperbot_py_examples/lib/bumperbot_py_examples
[2.121s] Installing simple_service_server script to /home/ubuntu/bumperbot_ws/install/bumperbot_py_examples/lib/bumperbot_py_examples
[2.122s] Installing simple_subscriber script to /home/ubuntu/bumperbot_ws/install/bumperbot_py_examples/lib/bumperbot_py_examples
[2.122s] Installing simple_tf_kinematics script to /home/ubuntu/bumperbot_ws/install/bumperbot_py_examples/lib/bumperbot_py_examples
[2.122s] Installing simple_turtlesim_kinematics script to /home/ubuntu/bumperbot_ws/install/bumperbot_py_examples/lib/bumperbot_py_examples
[2.123s] writing list of installed files to '/home/ubuntu/bumperbot_ws/build/bumperbot_py_examples/install.log'
[2.169s] Invoked command in '/home/ubuntu/bumperbot_ws/src/bumperbot_py_examples' returned '0': AMENT_PREFIX_PATH=/home/ubuntu/bumperbot_ws/install/bumperbot_msgs:${AMENT_PREFIX_PATH} CMAKE_PREFIX_PATH=/home/ubuntu/bumperbot_ws/install/bumperbot_msgs LD_LIBRARY_PATH=/home/ubuntu/bumperbot_ws/install/bumperbot_msgs/lib:${LD_LIBRARY_PATH} PYTHONPATH=/home/ubuntu/bumperbot_ws/build/bumperbot_py_examples/prefix_override:/usr/lib/python3/dist-packages/colcon_core/task/python/colcon_distutils_commands:/home/ubuntu/bumperbot_ws/install/bumperbot_py_examples/lib/python3.10/site-packages:/home/ubuntu/bumperbot_ws/install/bumperbot_msgs/local/lib/python3.10/dist-packages:${PYTHONPATH} /usr/bin/python3 -W ignore:setup.py install is deprecated setup.py egg_info --egg-base ../../build/bumperbot_py_examples build --build-base /home/ubuntu/bumperbot_ws/build/bumperbot_py_examples/build install --record /home/ubuntu/bumperbot_ws/build/bumperbot_py_examples/install.log --single-version-externally-managed install_data
