[0.007s] Invoking command in '/home/ubuntu/bumperbot_ws/build/bumperbot_cpp_examples': CMAKE_PREFIX_PATH=/home/ubuntu/bumperbot_ws/install/bumperbot_msgs:/home/ubuntu/bumperbot_ws/install/bumperbot_cpp_examples:/home/ubuntu/bumperbot_ws/install/bumperbot_localization:/home/ubuntu/bumperbot_ws/install/bumperbot_bringup:/home/ubuntu/bumperbot_ws/install/bumperbot_firmware:/home/ubuntu/bumperbot_ws/install/bumperbot_description:/home/ubuntu/bumperbot_ws/install/bumperbot_controller:/home/ubuntu/bumperbot_ws/install/bumperbot_py_examples:/opt/ros/humble /usr/bin/cmake --build /home/ubuntu/bumperbot_ws/build/bumperbot_cpp_examples -- -j4 -l4
[0.061s] [ 12%] Built target simple_publisher
[0.067s] [ 25%] Built target simple_parameter
[0.089s] [ 37%] Built target simple_subscriber
[0.112s] [ 50%] Built target simple_service_server
[0.114s] [ 62%] Built target simple_turtlesim_kinematics
[0.115s] [ 75%] Built target simple_service_client
[0.134s] [ 87%] Built target simple_lifecycle_node
[0.140s] [100%] Built target simple_tf_kinematics
[0.155s] Invoked command in '/home/ubuntu/bumperbot_ws/build/bumperbot_cpp_examples' returned '0': CMAKE_PREFIX_PATH=/home/ubuntu/bumperbot_ws/install/bumperbot_msgs:/home/ubuntu/bumperbot_ws/install/bumperbot_cpp_examples:/home/ubuntu/bumperbot_ws/install/bumperbot_localization:/home/ubuntu/bumperbot_ws/install/bumperbot_bringup:/home/ubuntu/bumperbot_ws/install/bumperbot_firmware:/home/ubuntu/bumperbot_ws/install/bumperbot_description:/home/ubuntu/bumperbot_ws/install/bumperbot_controller:/home/ubuntu/bumperbot_ws/install/bumperbot_py_examples:/opt/ros/humble /usr/bin/cmake --build /home/ubuntu/bumperbot_ws/build/bumperbot_cpp_examples -- -j4 -l4
[0.211s] Invoking command in '/home/ubuntu/bumperbot_ws/build/bumperbot_cpp_examples': CMAKE_PREFIX_PATH=/home/ubuntu/bumperbot_ws/install/bumperbot_msgs:/home/ubuntu/bumperbot_ws/install/bumperbot_cpp_examples:/home/ubuntu/bumperbot_ws/install/bumperbot_localization:/home/ubuntu/bumperbot_ws/install/bumperbot_bringup:/home/ubuntu/bumperbot_ws/install/bumperbot_firmware:/home/ubuntu/bumperbot_ws/install/bumperbot_description:/home/ubuntu/bumperbot_ws/install/bumperbot_controller:/home/ubuntu/bumperbot_ws/install/bumperbot_py_examples:/opt/ros/humble /usr/bin/cmake --install /home/ubuntu/bumperbot_ws/build/bumperbot_cpp_examples
[0.219s] -- Install configuration: ""
[0.219s] -- Up-to-date: /home/ubuntu/bumperbot_ws/install/bumperbot_cpp_examples/include/include
[0.219s] -- Up-to-date: /home/ubuntu/bumperbot_ws/install/bumperbot_cpp_examples/include/include/bumperbot_cpp_examples
[0.219s] -- Up-to-date: /home/ubuntu/bumperbot_ws/install/bumperbot_cpp_examples/include/include/bumperbot_cpp_examples/simple_turtlesim_kinematics.hpp
[0.219s] -- Up-to-date: /home/ubuntu/bumperbot_ws/install/bumperbot_cpp_examples/include/include/bumperbot_cpp_examples/simple_tf_kinematics.hpp
[0.219s] -- Up-to-date: /home/ubuntu/bumperbot_ws/install/bumperbot_cpp_examples/lib/bumperbot_cpp_examples/simple_publisher
[0.219s] -- Up-to-date: /home/ubuntu/bumperbot_ws/install/bumperbot_cpp_examples/lib/bumperbot_cpp_examples/simple_subscriber
[0.219s] -- Up-to-date: /home/ubuntu/bumperbot_ws/install/bumperbot_cpp_examples/lib/bumperbot_cpp_examples/simple_parameter
[0.219s] -- Up-to-date: /home/ubuntu/bumperbot_ws/install/bumperbot_cpp_examples/lib/bumperbot_cpp_examples/simple_turtlesim_kinematics
[0.219s] -- Up-to-date: /home/ubuntu/bumperbot_ws/install/bumperbot_cpp_examples/lib/bumperbot_cpp_examples/simple_service_server
[0.219s] -- Up-to-date: /home/ubuntu/bumperbot_ws/install/bumperbot_cpp_examples/lib/bumperbot_cpp_examples/simple_service_client
[0.219s] -- Up-to-date: /home/ubuntu/bumperbot_ws/install/bumperbot_cpp_examples/lib/bumperbot_cpp_examples/simple_tf_kinematics
[0.219s] -- Up-to-date: /home/ubuntu/bumperbot_ws/install/bumperbot_cpp_examples/lib/bumperbot_cpp_examples/simple_lifecycle_node
[0.219s] -- Up-to-date: /home/ubuntu/bumperbot_ws/install/bumperbot_cpp_examples/share/ament_index/resource_index/package_run_dependencies/bumperbot_cpp_examples
[0.219s] -- Up-to-date: /home/ubuntu/bumperbot_ws/install/bumperbot_cpp_examples/share/ament_index/resource_index/parent_prefix_path/bumperbot_cpp_examples
[0.219s] -- Up-to-date: /home/ubuntu/bumperbot_ws/install/bumperbot_cpp_examples/share/bumperbot_cpp_examples/environment/ament_prefix_path.sh
[0.219s] -- Up-to-date: /home/ubuntu/bumperbot_ws/install/bumperbot_cpp_examples/share/bumperbot_cpp_examples/environment/ament_prefix_path.dsv
[0.219s] -- Up-to-date: /home/ubuntu/bumperbot_ws/install/bumperbot_cpp_examples/share/bumperbot_cpp_examples/environment/path.sh
[0.219s] -- Up-to-date: /home/ubuntu/bumperbot_ws/install/bumperbot_cpp_examples/share/bumperbot_cpp_examples/environment/path.dsv
[0.219s] -- Up-to-date: /home/ubuntu/bumperbot_ws/install/bumperbot_cpp_examples/share/bumperbot_cpp_examples/local_setup.bash
[0.219s] -- Up-to-date: /home/ubuntu/bumperbot_ws/install/bumperbot_cpp_examples/share/bumperbot_cpp_examples/local_setup.sh
[0.220s] -- Up-to-date: /home/ubuntu/bumperbot_ws/install/bumperbot_cpp_examples/share/bumperbot_cpp_examples/local_setup.zsh
[0.220s] -- Up-to-date: /home/ubuntu/bumperbot_ws/install/bumperbot_cpp_examples/share/bumperbot_cpp_examples/local_setup.dsv
[0.220s] -- Installing: /home/ubuntu/bumperbot_ws/install/bumperbot_cpp_examples/share/bumperbot_cpp_examples/package.dsv
[0.220s] -- Up-to-date: /home/ubuntu/bumperbot_ws/install/bumperbot_cpp_examples/share/ament_index/resource_index/packages/bumperbot_cpp_examples
[0.220s] -- Up-to-date: /home/ubuntu/bumperbot_ws/install/bumperbot_cpp_examples/share/bumperbot_cpp_examples/cmake/bumperbot_cpp_examplesConfig.cmake
[0.220s] -- Up-to-date: /home/ubuntu/bumperbot_ws/install/bumperbot_cpp_examples/share/bumperbot_cpp_examples/cmake/bumperbot_cpp_examplesConfig-version.cmake
[0.220s] -- Up-to-date: /home/ubuntu/bumperbot_ws/install/bumperbot_cpp_examples/share/bumperbot_cpp_examples/package.xml
[0.231s] Invoked command in '/home/ubuntu/bumperbot_ws/build/bumperbot_cpp_examples' returned '0': CMAKE_PREFIX_PATH=/home/ubuntu/bumperbot_ws/install/bumperbot_msgs:/home/ubuntu/bumperbot_ws/install/bumperbot_cpp_examples:/home/ubuntu/bumperbot_ws/install/bumperbot_localization:/home/ubuntu/bumperbot_ws/install/bumperbot_bringup:/home/ubuntu/bumperbot_ws/install/bumperbot_firmware:/home/ubuntu/bumperbot_ws/install/bumperbot_description:/home/ubuntu/bumperbot_ws/install/bumperbot_controller:/home/ubuntu/bumperbot_ws/install/bumperbot_py_examples:/opt/ros/humble /usr/bin/cmake --install /home/ubuntu/bumperbot_ws/build/bumperbot_cpp_examples
