[  6%] [32mBuilding CXX object CMakeFiles/simple_publisher.dir/src/simple_publisher.cpp.o[0m
[ 12%] [32mBuilding CXX object CMakeFiles/simple_parameter.dir/src/simple_parameter.cpp.o[0m
[ 18%] [32mBuilding CXX object CMakeFiles/simple_subscriber.dir/src/simple_subscriber.cpp.o[0m
[ 25%] [32mBuilding CXX object CMakeFiles/simple_turtlesim_kinematics.dir/src/simple_turtlesim_kinematics.cpp.o[0m
[ 31%] [32m[1mLinking CXX executable simple_parameter[0m
[ 31%] Built target simple_parameter
[ 37%] [32mBuilding CXX object CMakeFiles/simple_service_server.dir/src/simple_service_server.cpp.o[0m
[ 43%] [32m[1mLinking CXX executable simple_publisher[0m
[ 43%] Built target simple_publisher
[ 50%] [32mBuilding CXX object CMakeFiles/simple_service_client.dir/src/simple_service_client.cpp.o[0m
[ 56%] [32m[1mLinking CXX executable simple_service_server[0m
[ 56%] Built target simple_service_server
[ 62%] [32mBuilding CXX object CMakeFiles/simple_tf_kinematics.dir/src/simple_tf_kinematics.cpp.o[0m
[ 68%] [32m[1mLinking CXX executable simple_subscriber[0m
[ 75%] [32m[1mLinking CXX executable simple_turtlesim_kinematics[0m
[ 81%] [32m[1mLinking CXX executable simple_service_client[0m
[ 81%] Built target simple_subscriber
[ 87%] [32mBuilding CXX object CMakeFiles/simple_lifecycle_node.dir/src/simple_lifecycle_node.cpp.o[0m
[ 87%] Built target simple_service_client
[ 87%] Built target simple_turtlesim_kinematics
[ 93%] [32m[1mLinking CXX executable simple_tf_kinematics[0m
[ 93%] Built target simple_tf_kinematics
[100%] [32m[1mLinking CXX executable simple_lifecycle_node[0m
[100%] Built target simple_lifecycle_node
