[0.046s] Invoking command in '/home/ubuntu/bumperbot_ws/build/bumperbot_cpp_examples': AMENT_PREFIX_PATH=/home/ubuntu/bumperbot_ws/install/bumperbot_msgs:${AMENT_PREFIX_PATH} CMAKE_PREFIX_PATH=/home/ubuntu/bumperbot_ws/install/bumperbot_msgs:/opt/ros/humble LD_LIBRARY_PATH=/home/ubuntu/bumperbot_ws/install/bumperbot_msgs/lib:${LD_LIBRARY_PATH} PYTHONPATH=/home/ubuntu/bumperbot_ws/install/bumperbot_msgs/local/lib/python3.10/dist-packages:${PYTHONPATH} /usr/bin/cmake --build /home/ubuntu/bumperbot_ws/build/bumperbot_cpp_examples -- -j4 -l4
[0.185s] [  6%] [32mBuilding CXX object CMakeFiles/simple_publisher.dir/src/simple_publisher.cpp.o[0m
[0.197s] [ 12%] [32mBuilding CXX object CMakeFiles/simple_parameter.dir/src/simple_parameter.cpp.o[0m
[0.231s] [ 18%] [32mBuilding CXX object CMakeFiles/simple_subscriber.dir/src/simple_subscriber.cpp.o[0m
[0.241s] [ 25%] [32mBuilding CXX object CMakeFiles/simple_turtlesim_kinematics.dir/src/simple_turtlesim_kinematics.cpp.o[0m
[5.033s] [ 31%] [32m[1mLinking CXX executable simple_parameter[0m
[5.302s] [ 31%] Built target simple_parameter
[5.389s] [ 37%] [32mBuilding CXX object CMakeFiles/simple_service_server.dir/src/simple_service_server.cpp.o[0m
[6.050s] [ 43%] [32m[1mLinking CXX executable simple_publisher[0m
[6.302s] [ 43%] Built target simple_publisher
[6.317s] [ 50%] [32mBuilding CXX object CMakeFiles/simple_service_client.dir/src/simple_service_client.cpp.o[0m
[8.333s] [ 56%] [32m[1mLinking CXX executable simple_service_server[0m
[8.544s] [ 56%] Built target simple_service_server
[8.556s] [ 62%] [32mBuilding CXX object CMakeFiles/simple_tf_kinematics.dir/src/simple_tf_kinematics.cpp.o[0m
[8.572s] [ 68%] [32m[1mLinking CXX executable simple_subscriber[0m
[8.605s] [ 75%] [32m[1mLinking CXX executable simple_turtlesim_kinematics[0m
[8.712s] [ 81%] [32m[1mLinking CXX executable simple_service_client[0m
[8.906s] [ 81%] Built target simple_subscriber
[8.918s] [ 87%] [32mBuilding CXX object CMakeFiles/simple_lifecycle_node.dir/src/simple_lifecycle_node.cpp.o[0m
[8.982s] [ 87%] Built target simple_service_client
[9.084s] [ 87%] Built target simple_turtlesim_kinematics
[11.371s] [ 93%] [32m[1mLinking CXX executable simple_tf_kinematics[0m
[11.517s] [ 93%] Built target simple_tf_kinematics
[12.678s] [100%] [32m[1mLinking CXX executable simple_lifecycle_node[0m
[12.885s] [100%] Built target simple_lifecycle_node
