[0.026s] Invoking command in '/home/ubuntu/bumperbot_ws/build/bumperbot_localization': CMAKE_PREFIX_PATH=${CMAKE_PREFIX_PATH}:/home/ubuntu/bumperbot_ws/install/bumperbot_py_examples:/opt/ros/humble /usr/bin/cmake /home/ubuntu/bumperbot_ws/src/bumperbot_localization -DCMAKE_INSTALL_PREFIX=/home/ubuntu/bumperbot_ws/install/bumperbot_localization
[0.078s] -- The C compiler identification is GNU 11.4.0
[0.126s] -- The CXX compiler identification is GNU 11.4.0
[0.132s] -- Detecting C compiler ABI info
[0.190s] -- Detecting C compiler ABI info - done
[0.194s] -- Check for working C compiler: /usr/bin/cc - skipped
[0.194s] -- Detecting C compile features
[0.194s] -- Detecting C compile features - done
[0.195s] -- Detecting CXX compiler ABI info
[0.259s] -- Detecting CXX compiler ABI info - done
[0.264s] -- Check for working CXX compiler: /usr/bin/c++ - skipped
[0.265s] -- Detecting CXX compile features
[0.265s] -- Detecting CXX compile features - done
[0.266s] -- Found ament_cmake: 1.3.10 (/opt/ros/humble/share/ament_cmake/cmake)
[0.346s] -- Found Python3: /usr/bin/python3 (found version "3.10.12") found components: Interpreter 
[0.402s] -- Found rclcpp: 16.0.10 (/opt/ros/humble/share/rclcpp/cmake)
[0.429s] -- Found rosidl_generator_c: 3.1.5 (/opt/ros/humble/share/rosidl_generator_c/cmake)
[0.432s] -- Found rosidl_adapter: 3.1.5 (/opt/ros/humble/share/rosidl_adapter/cmake)
[0.437s] -- Found rosidl_generator_cpp: 3.1.5 (/opt/ros/humble/share/rosidl_generator_cpp/cmake)
[0.461s] -- Using all available rosidl_typesupport_c: rosidl_typesupport_fastrtps_c;rosidl_typesupport_introspection_c
[0.475s] -- Using all available rosidl_typesupport_cpp: rosidl_typesupport_fastrtps_cpp;rosidl_typesupport_introspection_cpp
[0.510s] -- Found rmw_implementation_cmake: 6.1.2 (/opt/ros/humble/share/rmw_implementation_cmake/cmake)
[0.510s] -- Found rmw_fastrtps_cpp: 6.2.7 (/opt/ros/humble/share/rmw_fastrtps_cpp/cmake)
[0.692s] -- Found OpenSSL: /usr/lib/aarch64-linux-gnu/libcrypto.so (found version "3.0.2")  
[0.769s] -- Found FastRTPS: /opt/ros/humble/include  
[0.907s] -- Using RMW implementation 'rmw_fastrtps_cpp' as default
[0.928s] -- Looking for pthread.h
[1.114s] -- Looking for pthread.h - found
[1.114s] -- Performing Test CMAKE_HAVE_LIBC_PTHREAD
[1.266s] -- Performing Test CMAKE_HAVE_LIBC_PTHREAD - Success
[1.266s] -- Found Threads: TRUE  
[1.309s] -- Found rclpy: 3.3.14 (/opt/ros/humble/share/rclpy/cmake)
[1.310s] -- Found nav_msgs: 4.2.4 (/opt/ros/humble/share/nav_msgs/cmake)
[1.331s] -- Found sensor_msgs: 4.2.4 (/opt/ros/humble/share/sensor_msgs/cmake)
[1.485s] -- Configuring done
[1.501s] -- Generating done
[1.505s] -- Build files have been written to: /home/ubuntu/bumperbot_ws/build/bumperbot_localization
[1.515s] Invoked command in '/home/ubuntu/bumperbot_ws/build/bumperbot_localization' returned '0': CMAKE_PREFIX_PATH=${CMAKE_PREFIX_PATH}:/home/ubuntu/bumperbot_ws/install/bumperbot_py_examples:/opt/ros/humble /usr/bin/cmake /home/ubuntu/bumperbot_ws/src/bumperbot_localization -DCMAKE_INSTALL_PREFIX=/home/ubuntu/bumperbot_ws/install/bumperbot_localization
[1.516s] Invoking command in '/home/ubuntu/bumperbot_ws/build/bumperbot_localization': CMAKE_PREFIX_PATH=${CMAKE_PREFIX_PATH}:/home/ubuntu/bumperbot_ws/install/bumperbot_py_examples:/opt/ros/humble /usr/bin/cmake --build /home/ubuntu/bumperbot_ws/build/bumperbot_localization -- -j4 -l4
[1.556s] [35m[1mConsolidate compiler generated dependencies of target kalman_filter[0m
[1.556s] [35m[1mConsolidate compiler generated dependencies of target imu_republisher[0m
[1.558s] [  0%] Built target ament_cmake_python_copy_bumperbot_localization
[1.617s] [ 50%] Built target kalman_filter
[1.627s] [100%] Built target imu_republisher
[1.787s] running egg_info
[1.788s] writing bumperbot_localization.egg-info/PKG-INFO
[1.789s] writing dependency_links to bumperbot_localization.egg-info/dependency_links.txt
[1.790s] writing top-level names to bumperbot_localization.egg-info/top_level.txt
[1.791s] reading manifest file 'bumperbot_localization.egg-info/SOURCES.txt'
[1.792s] writing manifest file 'bumperbot_localization.egg-info/SOURCES.txt'
[1.810s] [100%] Built target ament_cmake_python_build_bumperbot_localization_egg
[1.828s] Invoked command in '/home/ubuntu/bumperbot_ws/build/bumperbot_localization' returned '0': CMAKE_PREFIX_PATH=${CMAKE_PREFIX_PATH}:/home/ubuntu/bumperbot_ws/install/bumperbot_py_examples:/opt/ros/humble /usr/bin/cmake --build /home/ubuntu/bumperbot_ws/build/bumperbot_localization -- -j4 -l4
[1.870s] Invoking command in '/home/ubuntu/bumperbot_ws/build/bumperbot_localization': CMAKE_PREFIX_PATH=${CMAKE_PREFIX_PATH}:/home/ubuntu/bumperbot_ws/install/bumperbot_py_examples:/opt/ros/humble /usr/bin/cmake --install /home/ubuntu/bumperbot_ws/build/bumperbot_localization
[1.875s] -- Install configuration: ""
[1.875s] -- Up-to-date: /home/ubuntu/bumperbot_ws/install/bumperbot_localization/share/bumperbot_localization/environment/pythonpath.sh
[1.875s] -- Installing: /home/ubuntu/bumperbot_ws/install/bumperbot_localization/share/bumperbot_localization/environment/pythonpath.dsv
[1.875s] -- Up-to-date: /home/ubuntu/bumperbot_ws/install/bumperbot_localization/local/lib/python3.10/dist-packages/bumperbot_localization-0.0.0-py3.10.egg-info
[1.875s] -- Installing: /home/ubuntu/bumperbot_ws/install/bumperbot_localization/local/lib/python3.10/dist-packages/bumperbot_localization-0.0.0-py3.10.egg-info/PKG-INFO
[1.877s] -- Installing: /home/ubuntu/bumperbot_ws/install/bumperbot_localization/local/lib/python3.10/dist-packages/bumperbot_localization-0.0.0-py3.10.egg-info/SOURCES.txt
[1.878s] -- Installing: /home/ubuntu/bumperbot_ws/install/bumperbot_localization/local/lib/python3.10/dist-packages/bumperbot_localization-0.0.0-py3.10.egg-info/dependency_links.txt
[1.882s] -- Installing: /home/ubuntu/bumperbot_ws/install/bumperbot_localization/local/lib/python3.10/dist-packages/bumperbot_localization-0.0.0-py3.10.egg-info/top_level.txt
[1.883s] -- Up-to-date: /home/ubuntu/bumperbot_ws/install/bumperbot_localization/local/lib/python3.10/dist-packages/bumperbot_localization
[1.884s] -- Up-to-date: /home/ubuntu/bumperbot_ws/install/bumperbot_localization/local/lib/python3.10/dist-packages/bumperbot_localization/__init__.py
[1.884s] -- Up-to-date: /home/ubuntu/bumperbot_ws/install/bumperbot_localization/local/lib/python3.10/dist-packages/bumperbot_localization/kalman_filter.py
[1.884s] -- Up-to-date: /home/ubuntu/bumperbot_ws/install/bumperbot_localization/local/lib/python3.10/dist-packages/bumperbot_localization/imu_republisher.py
[1.905s] Listing '/home/ubuntu/bumperbot_ws/install/bumperbot_localization/local/lib/python3.10/dist-packages/bumperbot_localization'...
[1.909s] -- Up-to-date: /home/ubuntu/bumperbot_ws/install/bumperbot_localization/include/include
[1.909s] -- Up-to-date: /home/ubuntu/bumperbot_ws/install/bumperbot_localization/include/include/bumperbot_localization
[1.909s] -- Up-to-date: /home/ubuntu/bumperbot_ws/install/bumperbot_localization/include/include/bumperbot_localization/kalman_filter.hpp
[1.910s] -- Up-to-date: /home/ubuntu/bumperbot_ws/install/bumperbot_localization/lib/bumperbot_localization/kalman_filter
[1.912s] -- Up-to-date: /home/ubuntu/bumperbot_ws/install/bumperbot_localization/lib/bumperbot_localization/imu_republisher
[1.912s] -- Up-to-date: /home/ubuntu/bumperbot_ws/install/bumperbot_localization/share/bumperbot_localization/launch
[1.913s] -- Up-to-date: /home/ubuntu/bumperbot_ws/install/bumperbot_localization/share/bumperbot_localization/launch/local_localization.launch.py
[1.913s] -- Up-to-date: /home/ubuntu/bumperbot_ws/install/bumperbot_localization/share/bumperbot_localization/config
[1.913s] -- Up-to-date: /home/ubuntu/bumperbot_ws/install/bumperbot_localization/share/bumperbot_localization/config/ekf.yaml
[1.913s] -- Up-to-date: /home/ubuntu/bumperbot_ws/install/bumperbot_localization/lib/bumperbot_localization/kalman_filter.py
[1.914s] -- Up-to-date: /home/ubuntu/bumperbot_ws/install/bumperbot_localization/lib/bumperbot_localization/imu_republisher.py
[1.915s] -- Up-to-date: /home/ubuntu/bumperbot_ws/install/bumperbot_localization/share/ament_index/resource_index/package_run_dependencies/bumperbot_localization
[1.915s] -- Installing: /home/ubuntu/bumperbot_ws/install/bumperbot_localization/share/ament_index/resource_index/parent_prefix_path/bumperbot_localization
[1.916s] -- Up-to-date: /home/ubuntu/bumperbot_ws/install/bumperbot_localization/share/bumperbot_localization/environment/ament_prefix_path.sh
[1.916s] -- Installing: /home/ubuntu/bumperbot_ws/install/bumperbot_localization/share/bumperbot_localization/environment/ament_prefix_path.dsv
[1.916s] -- Up-to-date: /home/ubuntu/bumperbot_ws/install/bumperbot_localization/share/bumperbot_localization/environment/path.sh
[1.917s] -- Installing: /home/ubuntu/bumperbot_ws/install/bumperbot_localization/share/bumperbot_localization/environment/path.dsv
[1.917s] -- Up-to-date: /home/ubuntu/bumperbot_ws/install/bumperbot_localization/share/bumperbot_localization/local_setup.bash
[1.918s] -- Up-to-date: /home/ubuntu/bumperbot_ws/install/bumperbot_localization/share/bumperbot_localization/local_setup.sh
[1.918s] -- Up-to-date: /home/ubuntu/bumperbot_ws/install/bumperbot_localization/share/bumperbot_localization/local_setup.zsh
[1.918s] -- Installing: /home/ubuntu/bumperbot_ws/install/bumperbot_localization/share/bumperbot_localization/local_setup.dsv
[1.918s] -- Installing: /home/ubuntu/bumperbot_ws/install/bumperbot_localization/share/bumperbot_localization/package.dsv
[1.919s] -- Up-to-date: /home/ubuntu/bumperbot_ws/install/bumperbot_localization/share/ament_index/resource_index/packages/bumperbot_localization
[1.919s] -- Up-to-date: /home/ubuntu/bumperbot_ws/install/bumperbot_localization/share/bumperbot_localization/cmake/bumperbot_localizationConfig.cmake
[1.920s] -- Up-to-date: /home/ubuntu/bumperbot_ws/install/bumperbot_localization/share/bumperbot_localization/cmake/bumperbot_localizationConfig-version.cmake
[1.920s] -- Up-to-date: /home/ubuntu/bumperbot_ws/install/bumperbot_localization/share/bumperbot_localization/package.xml
[1.921s] Invoked command in '/home/ubuntu/bumperbot_ws/build/bumperbot_localization' returned '0': CMAKE_PREFIX_PATH=${CMAKE_PREFIX_PATH}:/home/ubuntu/bumperbot_ws/install/bumperbot_py_examples:/opt/ros/humble /usr/bin/cmake --install /home/ubuntu/bumperbot_ws/build/bumperbot_localization
